[5.837s] Invoking command in '/home/henry/Workspace/SIT_Carbot/Carbot_Ros/src/carbot_driver': PYTHONPATH=/home/henry/Workspace/SIT_Carbot/Carbot_Ros/build/carbot_driver/prefix_override:/home/henry/Workspace/SIT_Carbot/Carbot_Ros/install/carbot_driver/lib/python3.10/site-packages:${PYTHONPATH} /usr/bin/python3 setup.py egg_info --egg-base ../../build/carbot_driver build --build-base /home/henry/Workspace/SIT_Carbot/Carbot_Ros/build/carbot_driver/build install --record /home/henry/Workspace/SIT_Carbot/Carbot_Ros/build/carbot_driver/install.log --single-version-externally-managed
[7.275s] running egg_info
[7.280s] writing ../../build/carbot_driver/carbot_driver.egg-info/PKG-INFO
[7.283s] writing dependency_links to ../../build/carbot_driver/carbot_driver.egg-info/dependency_links.txt
[7.285s] writing entry points to ../../build/carbot_driver/carbot_driver.egg-info/entry_points.txt
[7.287s] writing requirements to ../../build/carbot_driver/carbot_driver.egg-info/requires.txt
[7.288s] writing top-level names to ../../build/carbot_driver/carbot_driver.egg-info/top_level.txt
[7.291s] reading manifest file '../../build/carbot_driver/carbot_driver.egg-info/SOURCES.txt'
[7.306s] /usr/lib/python3/dist-packages/setuptools/command/install.py:34: SetuptoolsDeprecationWarning: setup.py install is deprecated. Use build and pip and other standards-based tools.
[7.307s]   warnings.warn(
[7.310s] writing manifest file '../../build/carbot_driver/carbot_driver.egg-info/SOURCES.txt'
[7.310s] running build
[7.313s] running build_py
[7.314s] running install
[7.319s] running install_lib
[7.323s] running install_data
[7.332s] running install_egg_info
[7.334s] removing '/home/henry/Workspace/SIT_Carbot/Carbot_Ros/install/carbot_driver/lib/python3.10/site-packages/carbot_driver-0.0.0-py3.10.egg-info' (and everything under it)
[7.336s] Copying ../../build/carbot_driver/carbot_driver.egg-info to /home/henry/Workspace/SIT_Carbot/Carbot_Ros/install/carbot_driver/lib/python3.10/site-packages/carbot_driver-0.0.0-py3.10.egg-info
[7.342s] running install_scripts
[7.429s] Installing carbot_driver script to /home/henry/Workspace/SIT_Carbot/Carbot_Ros/install/carbot_driver/lib/carbot_driver
[7.432s] writing list of installed files to '/home/henry/Workspace/SIT_Carbot/Carbot_Ros/build/carbot_driver/install.log'
[7.601s] Invoked command in '/home/henry/Workspace/SIT_Carbot/Carbot_Ros/src/carbot_driver' returned '0': PYTHONPATH=/home/henry/Workspace/SIT_Carbot/Carbot_Ros/build/carbot_driver/prefix_override:/home/henry/Workspace/SIT_Carbot/Carbot_Ros/install/carbot_driver/lib/python3.10/site-packages:${PYTHONPATH} /usr/bin/python3 setup.py egg_info --egg-base ../../build/carbot_driver build --build-base /home/henry/Workspace/SIT_Carbot/Carbot_Ros/build/carbot_driver/build install --record /home/henry/Workspace/SIT_Carbot/Carbot_Ros/build/carbot_driver/install.log --single-version-externally-managed
