running egg_info
creating ../../build/carbot_driver/carbot_driver.egg-info
writing ../../build/carbot_driver/carbot_driver.egg-info/PKG-INFO
writing dependency_links to ../../build/carbot_driver/carbot_driver.egg-info/dependency_links.txt
writing entry points to ../../build/carbot_driver/carbot_driver.egg-info/entry_points.txt
writing requirements to ../../build/carbot_driver/carbot_driver.egg-info/requires.txt
writing top-level names to ../../build/carbot_driver/carbot_driver.egg-info/top_level.txt
writing manifest file '../../build/carbot_driver/carbot_driver.egg-info/SOURCES.txt'
reading manifest file '../../build/carbot_driver/carbot_driver.egg-info/SOURCES.txt'
writing manifest file '../../build/carbot_driver/carbot_driver.egg-info/SOURCES.txt'
running build
running build_py
creating /home/henry/Workspace/SIT_Carbot/Carbot_Ros/build/carbot_driver/build
creating /home/henry/Workspace/SIT_Carbot/Carbot_Ros/build/carbot_driver/build/lib
creating /home/henry/Workspace/SIT_Carbot/Carbot_Ros/build/carbot_driver/build/lib/carbot_driver
copying carbot_driver/carbot_driver.py -> /home/henry/Workspace/SIT_Carbot/Carbot_Ros/build/carbot_driver/build/lib/carbot_driver
copying carbot_driver/__init__.py -> /home/henry/Workspace/SIT_Carbot/Carbot_Ros/build/carbot_driver/build/lib/carbot_driver
running install
/usr/lib/python3/dist-packages/setuptools/command/install.py:34: SetuptoolsDeprecationWarning: setup.py install is deprecated. Use build and pip and other standards-based tools.
  warnings.warn(
running install_lib
creating /home/henry/Workspace/SIT_Carbot/Carbot_Ros/install/carbot_driver/lib/python3.10/site-packages/carbot_driver
copying /home/henry/Workspace/SIT_Carbot/Carbot_Ros/build/carbot_driver/build/lib/carbot_driver/carbot_driver.py -> /home/henry/Workspace/SIT_Carbot/Carbot_Ros/install/carbot_driver/lib/python3.10/site-packages/carbot_driver
copying /home/henry/Workspace/SIT_Carbot/Carbot_Ros/build/carbot_driver/build/lib/carbot_driver/__init__.py -> /home/henry/Workspace/SIT_Carbot/Carbot_Ros/install/carbot_driver/lib/python3.10/site-packages/carbot_driver
byte-compiling /home/henry/Workspace/SIT_Carbot/Carbot_Ros/install/carbot_driver/lib/python3.10/site-packages/carbot_driver/carbot_driver.py to carbot_driver.cpython-310.pyc
byte-compiling /home/henry/Workspace/SIT_Carbot/Carbot_Ros/install/carbot_driver/lib/python3.10/site-packages/carbot_driver/__init__.py to __init__.cpython-310.pyc
running install_data
creating /home/henry/Workspace/SIT_Carbot/Carbot_Ros/install/carbot_driver/share/ament_index
creating /home/henry/Workspace/SIT_Carbot/Carbot_Ros/install/carbot_driver/share/ament_index/resource_index
creating /home/henry/Workspace/SIT_Carbot/Carbot_Ros/install/carbot_driver/share/ament_index/resource_index/packages
copying resource/carbot_driver -> /home/henry/Workspace/SIT_Carbot/Carbot_Ros/install/carbot_driver/share/ament_index/resource_index/packages
copying package.xml -> /home/henry/Workspace/SIT_Carbot/Carbot_Ros/install/carbot_driver/share/carbot_driver
running install_egg_info
Copying ../../build/carbot_driver/carbot_driver.egg-info to /home/henry/Workspace/SIT_Carbot/Carbot_Ros/install/carbot_driver/lib/python3.10/site-packages/carbot_driver-0.0.0-py3.10.egg-info
running install_scripts
Installing carbot_driver script to /home/henry/Workspace/SIT_Carbot/Carbot_Ros/install/carbot_driver/lib/carbot_driver
writing list of installed files to '/home/henry/Workspace/SIT_Carbot/Carbot_Ros/build/carbot_driver/install.log'
