[6.288s] Invoking command in '/home/henry/Workspace/SIT_Carbot/Carbot_Ros/src/carbot_driver': PYTHONPATH=/home/henry/Workspace/SIT_Carbot/Carbot_Ros/build/carbot_driver/prefix_override:/home/henry/Workspace/SIT_Carbot/Carbot_Ros/install/carbot_driver/lib/python3.10/site-packages:${PYTHONPATH} /usr/bin/python3 setup.py egg_info --egg-base ../../build/carbot_driver build --build-base /home/henry/Workspace/SIT_Carbot/Carbot_Ros/build/carbot_driver/build install --record /home/henry/Workspace/SIT_Carbot/Carbot_Ros/build/carbot_driver/install.log --single-version-externally-managed
[7.737s] running egg_info
[7.742s] creating ../../build/carbot_driver/carbot_driver.egg-info
[7.748s] writing ../../build/carbot_driver/carbot_driver.egg-info/PKG-INFO
[7.748s] writing dependency_links to ../../build/carbot_driver/carbot_driver.egg-info/dependency_links.txt
[7.749s] writing entry points to ../../build/carbot_driver/carbot_driver.egg-info/entry_points.txt
[7.749s] writing requirements to ../../build/carbot_driver/carbot_driver.egg-info/requires.txt
[7.750s] writing top-level names to ../../build/carbot_driver/carbot_driver.egg-info/top_level.txt
[7.751s] writing manifest file '../../build/carbot_driver/carbot_driver.egg-info/SOURCES.txt'
[7.757s] reading manifest file '../../build/carbot_driver/carbot_driver.egg-info/SOURCES.txt'
[7.763s] writing manifest file '../../build/carbot_driver/carbot_driver.egg-info/SOURCES.txt'
[7.764s] running build
[7.766s] running build_py
[7.766s] creating /home/henry/Workspace/SIT_Carbot/Carbot_Ros/build/carbot_driver/build
[7.767s] creating /home/henry/Workspace/SIT_Carbot/Carbot_Ros/build/carbot_driver/build/lib
[7.767s] creating /home/henry/Workspace/SIT_Carbot/Carbot_Ros/build/carbot_driver/build/lib/carbot_driver
[7.768s] copying carbot_driver/carbot_driver.py -> /home/henry/Workspace/SIT_Carbot/Carbot_Ros/build/carbot_driver/build/lib/carbot_driver
[7.769s] copying carbot_driver/__init__.py -> /home/henry/Workspace/SIT_Carbot/Carbot_Ros/build/carbot_driver/build/lib/carbot_driver
[7.769s] running install
[7.771s] /usr/lib/python3/dist-packages/setuptools/command/install.py:34: SetuptoolsDeprecationWarning: setup.py install is deprecated. Use build and pip and other standards-based tools.
[7.771s]   warnings.warn(
[7.773s] running install_lib
[7.776s] creating /home/henry/Workspace/SIT_Carbot/Carbot_Ros/install/carbot_driver/lib/python3.10/site-packages/carbot_driver
[7.777s] copying /home/henry/Workspace/SIT_Carbot/Carbot_Ros/build/carbot_driver/build/lib/carbot_driver/carbot_driver.py -> /home/henry/Workspace/SIT_Carbot/Carbot_Ros/install/carbot_driver/lib/python3.10/site-packages/carbot_driver
[7.778s] copying /home/henry/Workspace/SIT_Carbot/Carbot_Ros/build/carbot_driver/build/lib/carbot_driver/__init__.py -> /home/henry/Workspace/SIT_Carbot/Carbot_Ros/install/carbot_driver/lib/python3.10/site-packages/carbot_driver
[7.781s] byte-compiling /home/henry/Workspace/SIT_Carbot/Carbot_Ros/install/carbot_driver/lib/python3.10/site-packages/carbot_driver/carbot_driver.py to carbot_driver.cpython-310.pyc
[7.784s] byte-compiling /home/henry/Workspace/SIT_Carbot/Carbot_Ros/install/carbot_driver/lib/python3.10/site-packages/carbot_driver/__init__.py to __init__.cpython-310.pyc
[7.785s] running install_data
[7.788s] creating /home/henry/Workspace/SIT_Carbot/Carbot_Ros/install/carbot_driver/share/ament_index
[7.789s] creating /home/henry/Workspace/SIT_Carbot/Carbot_Ros/install/carbot_driver/share/ament_index/resource_index
[7.789s] creating /home/henry/Workspace/SIT_Carbot/Carbot_Ros/install/carbot_driver/share/ament_index/resource_index/packages
[7.790s] copying resource/carbot_driver -> /home/henry/Workspace/SIT_Carbot/Carbot_Ros/install/carbot_driver/share/ament_index/resource_index/packages
[7.791s] copying package.xml -> /home/henry/Workspace/SIT_Carbot/Carbot_Ros/install/carbot_driver/share/carbot_driver
[7.792s] running install_egg_info
[7.800s] Copying ../../build/carbot_driver/carbot_driver.egg-info to /home/henry/Workspace/SIT_Carbot/Carbot_Ros/install/carbot_driver/lib/python3.10/site-packages/carbot_driver-0.0.0-py3.10.egg-info
[7.809s] running install_scripts
[7.914s] Installing carbot_driver script to /home/henry/Workspace/SIT_Carbot/Carbot_Ros/install/carbot_driver/lib/carbot_driver
[7.916s] writing list of installed files to '/home/henry/Workspace/SIT_Carbot/Carbot_Ros/build/carbot_driver/install.log'
[8.089s] Invoked command in '/home/henry/Workspace/SIT_Carbot/Carbot_Ros/src/carbot_driver' returned '0': PYTHONPATH=/home/henry/Workspace/SIT_Carbot/Carbot_Ros/build/carbot_driver/prefix_override:/home/henry/Workspace/SIT_Carbot/Carbot_Ros/install/carbot_driver/lib/python3.10/site-packages:${PYTHONPATH} /usr/bin/python3 setup.py egg_info --egg-base ../../build/carbot_driver build --build-base /home/henry/Workspace/SIT_Carbot/Carbot_Ros/build/carbot_driver/build install --record /home/henry/Workspace/SIT_Carbot/Carbot_Ros/build/carbot_driver/install.log --single-version-externally-managed
