[5.560s] Invoking command in '/home/henry/Workspace/SIT_Carbot/Carbot_Ros/src/carbot_key_ctrl': PYTHONPATH=/home/henry/Workspace/SIT_Carbot/Carbot_Ros/build/carbot_key_ctrl/prefix_override:/home/henry/Workspace/SIT_Carbot/Carbot_Ros/install/carbot_key_ctrl/lib/python3.10/site-packages:${PYTHONPATH} /usr/bin/python3 setup.py egg_info --egg-base ../../build/carbot_key_ctrl build --build-base /home/henry/Workspace/SIT_Carbot/Carbot_Ros/build/carbot_key_ctrl/build install --record /home/henry/Workspace/SIT_Carbot/Carbot_Ros/build/carbot_key_ctrl/install.log --single-version-externally-managed
[7.438s] running egg_info
[7.443s] writing ../../build/carbot_key_ctrl/carbot_key_ctrl.egg-info/PKG-INFO
[7.446s] writing dependency_links to ../../build/carbot_key_ctrl/carbot_key_ctrl.egg-info/dependency_links.txt
[7.449s] writing entry points to ../../build/carbot_key_ctrl/carbot_key_ctrl.egg-info/entry_points.txt
[7.450s] writing requirements to ../../build/carbot_key_ctrl/carbot_key_ctrl.egg-info/requires.txt
[7.451s] writing top-level names to ../../build/carbot_key_ctrl/carbot_key_ctrl.egg-info/top_level.txt
[7.458s] reading manifest file '../../build/carbot_key_ctrl/carbot_key_ctrl.egg-info/SOURCES.txt'
[7.468s] writing manifest file '../../build/carbot_key_ctrl/carbot_key_ctrl.egg-info/SOURCES.txt'
[7.469s] running build
[7.469s] running build_py
[7.470s] running install
[7.471s] /usr/lib/python3/dist-packages/setuptools/command/install.py:34: SetuptoolsDeprecationWarning: setup.py install is deprecated. Use build and pip and other standards-based tools.
[7.472s]   warnings.warn(
[7.477s] running install_lib
[7.478s] running install_data
[7.480s] running install_egg_info
[7.490s] removing '/home/henry/Workspace/SIT_Carbot/Carbot_Ros/install/carbot_key_ctrl/lib/python3.10/site-packages/carbot_key_ctrl-0.0.0-py3.10.egg-info' (and everything under it)
[7.492s] Copying ../../build/carbot_key_ctrl/carbot_key_ctrl.egg-info to /home/henry/Workspace/SIT_Carbot/Carbot_Ros/install/carbot_key_ctrl/lib/python3.10/site-packages/carbot_key_ctrl-0.0.0-py3.10.egg-info
[7.500s] running install_scripts
[7.613s] Installing carbot_key_ctrl script to /home/henry/Workspace/SIT_Carbot/Carbot_Ros/install/carbot_key_ctrl/lib/carbot_key_ctrl
[7.616s] writing list of installed files to '/home/henry/Workspace/SIT_Carbot/Carbot_Ros/build/carbot_key_ctrl/install.log'
[7.805s] Invoked command in '/home/henry/Workspace/SIT_Carbot/Carbot_Ros/src/carbot_key_ctrl' returned '0': PYTHONPATH=/home/henry/Workspace/SIT_Carbot/Carbot_Ros/build/carbot_key_ctrl/prefix_override:/home/henry/Workspace/SIT_Carbot/Carbot_Ros/install/carbot_key_ctrl/lib/python3.10/site-packages:${PYTHONPATH} /usr/bin/python3 setup.py egg_info --egg-base ../../build/carbot_key_ctrl build --build-base /home/henry/Workspace/SIT_Carbot/Carbot_Ros/build/carbot_key_ctrl/build install --record /home/henry/Workspace/SIT_Carbot/Carbot_Ros/build/carbot_key_ctrl/install.log --single-version-externally-managed
