[7.246s] Invoking command in '/home/henry/Workspace/SIT_Carbot/Carbot_Ros/src/carbot_driver': PYTHONPATH=/home/henry/Workspace/SIT_Carbot/Carbot_Ros/build/carbot_driver/prefix_override:/home/henry/Workspace/SIT_Carbot/Carbot_Ros/install/carbot_driver/lib/python3.10/site-packages:${PYTHONPATH} /usr/bin/python3 setup.py egg_info --egg-base ../../build/carbot_driver build --build-base /home/henry/Workspace/SIT_Carbot/Carbot_Ros/build/carbot_driver/build install --record /home/henry/Workspace/SIT_Carbot/Carbot_Ros/build/carbot_driver/install.log --single-version-externally-managed
[8.670s] running egg_info
[8.674s] writing ../../build/carbot_driver/carbot_driver.egg-info/PKG-INFO
[8.678s] writing dependency_links to ../../build/carbot_driver/carbot_driver.egg-info/dependency_links.txt
[8.682s] writing entry points to ../../build/carbot_driver/carbot_driver.egg-info/entry_points.txt
[8.685s] writing requirements to ../../build/carbot_driver/carbot_driver.egg-info/requires.txt
[8.685s] writing top-level names to ../../build/carbot_driver/carbot_driver.egg-info/top_level.txt
[8.695s] reading manifest file '../../build/carbot_driver/carbot_driver.egg-info/SOURCES.txt'
[8.711s] writing manifest file '../../build/carbot_driver/carbot_driver.egg-info/SOURCES.txt'
[8.712s] running build
[8.713s] running build_py
[8.715s] running install
[8.720s] /usr/lib/python3/dist-packages/setuptools/command/install.py:34: SetuptoolsDeprecationWarning: setup.py install is deprecated. Use build and pip and other standards-based tools.
[8.720s]   warnings.warn(
[8.725s] running install_lib
[8.738s] running install_data
[8.747s] running install_egg_info
[8.755s] removing '/home/henry/Workspace/SIT_Carbot/Carbot_Ros/install/carbot_driver/lib/python3.10/site-packages/carbot_driver-0.0.0-py3.10.egg-info' (and everything under it)
[8.760s] Copying ../../build/carbot_driver/carbot_driver.egg-info to /home/henry/Workspace/SIT_Carbot/Carbot_Ros/install/carbot_driver/lib/python3.10/site-packages/carbot_driver-0.0.0-py3.10.egg-info
[8.776s] running install_scripts
[8.958s] Installing carbot_driver script to /home/henry/Workspace/SIT_Carbot/Carbot_Ros/install/carbot_driver/lib/carbot_driver
[8.961s] writing list of installed files to '/home/henry/Workspace/SIT_Carbot/Carbot_Ros/build/carbot_driver/install.log'
[9.455s] Invoked command in '/home/henry/Workspace/SIT_Carbot/Carbot_Ros/src/carbot_driver' returned '0': PYTHONPATH=/home/henry/Workspace/SIT_Carbot/Carbot_Ros/build/carbot_driver/prefix_override:/home/henry/Workspace/SIT_Carbot/Carbot_Ros/install/carbot_driver/lib/python3.10/site-packages:${PYTHONPATH} /usr/bin/python3 setup.py egg_info --egg-base ../../build/carbot_driver build --build-base /home/henry/Workspace/SIT_Carbot/Carbot_Ros/build/carbot_driver/build install --record /home/henry/Workspace/SIT_Carbot/Carbot_Ros/build/carbot_driver/install.log --single-version-externally-managed
