[1.797s] DEBUG:colcon:Command line arguments: ['/usr/bin/colcon', 'build']
[1.797s] DEBUG:colcon:Parsed command line arguments: Namespace(log_base=None, log_level=None, verb_name='build', build_base='build', install_base='install', merge_install=False, symlink_install=False, test_result_base=None, continue_on_error=False, executor='parallel', parallel_workers=4, event_handlers=None, ignore_user_meta=False, metas=['./colcon.meta'], base_paths=['.'], packages_ignore=None, packages_ignore_regex=None, paths=None, packages_up_to=None, packages_up_to_regex=None, packages_above=None, packages_above_and_dependencies=None, packages_above_depth=None, packages_select_by_dep=None, packages_skip_by_dep=None, packages_skip_up_to=None, packages_select_build_failed=False, packages_skip_build_finished=False, packages_select_test_failures=False, packages_skip_test_passed=False, packages_select=None, packages_skip=None, packages_select_regex=None, packages_skip_regex=None, packages_start=None, packages_end=None, allow_overriding=[], cmake_args=None, cmake_target=None, cmake_target_skip_unavailable=False, cmake_clean_cache=False, cmake_clean_first=False, cmake_force_configure=False, ament_cmake_args=None, catkin_cmake_args=None, catkin_skip_building_tests=False, verb_parser=<colcon_defaults.argument_parser.defaults.DefaultArgumentsDecorator object at 0xffff82c24f10>, verb_extension=<colcon_core.verb.build.BuildVerb object at 0xffff836446a0>, main=<bound method BuildVerb.main of <colcon_core.verb.build.BuildVerb object at 0xffff836446a0>>)
[1.998s] Level 1:colcon.colcon_core.package_discovery:discover_packages(colcon_meta) check parameters
[1.998s] Level 1:colcon.colcon_core.package_discovery:discover_packages(recursive) check parameters
[1.998s] Level 1:colcon.colcon_core.package_discovery:discover_packages(ignore) check parameters
[1.998s] Level 1:colcon.colcon_core.package_discovery:discover_packages(path) check parameters
[1.999s] Level 1:colcon.colcon_core.package_discovery:discover_packages(colcon_meta) discover
[1.999s] Level 1:colcon.colcon_core.package_discovery:discover_packages(recursive) discover
[1.999s] INFO:colcon.colcon_core.package_discovery:Crawling recursively for packages in '/home/henry/Workspace/SIT_Carbot/Carbot_Ros'
[1.999s] Level 1:colcon.colcon_core.package_identification:_identify(.) by extensions ['ignore', 'ignore_ament_install']
[2.000s] Level 1:colcon.colcon_core.package_identification:_identify(.) by extension 'ignore'
[2.000s] Level 1:colcon.colcon_core.package_identification:_identify(.) by extension 'ignore_ament_install'
[2.000s] Level 1:colcon.colcon_core.package_identification:_identify(.) by extensions ['colcon_pkg']
[2.000s] Level 1:colcon.colcon_core.package_identification:_identify(.) by extension 'colcon_pkg'
[2.000s] Level 1:colcon.colcon_core.package_identification:_identify(.) by extensions ['colcon_meta']
[2.001s] Level 1:colcon.colcon_core.package_identification:_identify(.) by extension 'colcon_meta'
[2.001s] Level 1:colcon.colcon_core.package_identification:_identify(.) by extensions ['ros']
[2.001s] Level 1:colcon.colcon_core.package_identification:_identify(.) by extension 'ros'
[2.063s] Level 1:colcon.colcon_core.package_identification:_identify(.) by extensions ['cmake', 'python']
[2.063s] Level 1:colcon.colcon_core.package_identification:_identify(.) by extension 'cmake'
[2.064s] Level 1:colcon.colcon_core.package_identification:_identify(.) by extension 'python'
[2.064s] Level 1:colcon.colcon_core.package_identification:_identify(.) by extensions ['python_setup_py']
[2.064s] Level 1:colcon.colcon_core.package_identification:_identify(.) by extension 'python_setup_py'
[2.064s] Level 1:colcon.colcon_core.package_identification:_identify(build) by extensions ['ignore', 'ignore_ament_install']
[2.065s] Level 1:colcon.colcon_core.package_identification:_identify(build) by extension 'ignore'
[2.065s] Level 1:colcon.colcon_core.package_identification:_identify(build) ignored
[2.065s] Level 1:colcon.colcon_core.package_identification:_identify(install) by extensions ['ignore', 'ignore_ament_install']
[2.066s] Level 1:colcon.colcon_core.package_identification:_identify(install) by extension 'ignore'
[2.066s] Level 1:colcon.colcon_core.package_identification:_identify(install) ignored
[2.066s] Level 1:colcon.colcon_core.package_identification:_identify(log) by extensions ['ignore', 'ignore_ament_install']
[2.067s] Level 1:colcon.colcon_core.package_identification:_identify(log) by extension 'ignore'
[2.067s] Level 1:colcon.colcon_core.package_identification:_identify(log) ignored
[2.067s] Level 1:colcon.colcon_core.package_identification:_identify(src) by extensions ['ignore', 'ignore_ament_install']
[2.068s] Level 1:colcon.colcon_core.package_identification:_identify(src) by extension 'ignore'
[2.068s] Level 1:colcon.colcon_core.package_identification:_identify(src) by extension 'ignore_ament_install'
[2.068s] Level 1:colcon.colcon_core.package_identification:_identify(src) by extensions ['colcon_pkg']
[2.068s] Level 1:colcon.colcon_core.package_identification:_identify(src) by extension 'colcon_pkg'
[2.068s] Level 1:colcon.colcon_core.package_identification:_identify(src) by extensions ['colcon_meta']
[2.068s] Level 1:colcon.colcon_core.package_identification:_identify(src) by extension 'colcon_meta'
[2.069s] Level 1:colcon.colcon_core.package_identification:_identify(src) by extensions ['ros']
[2.069s] Level 1:colcon.colcon_core.package_identification:_identify(src) by extension 'ros'
[2.069s] Level 1:colcon.colcon_core.package_identification:_identify(src) by extensions ['cmake', 'python']
[2.069s] Level 1:colcon.colcon_core.package_identification:_identify(src) by extension 'cmake'
[2.069s] Level 1:colcon.colcon_core.package_identification:_identify(src) by extension 'python'
[2.069s] Level 1:colcon.colcon_core.package_identification:_identify(src) by extensions ['python_setup_py']
[2.070s] Level 1:colcon.colcon_core.package_identification:_identify(src) by extension 'python_setup_py'
[2.070s] Level 1:colcon.colcon_core.package_identification:_identify(src/carbot_driver) by extensions ['ignore', 'ignore_ament_install']
[2.070s] Level 1:colcon.colcon_core.package_identification:_identify(src/carbot_driver) by extension 'ignore'
[2.071s] Level 1:colcon.colcon_core.package_identification:_identify(src/carbot_driver) by extension 'ignore_ament_install'
[2.071s] Level 1:colcon.colcon_core.package_identification:_identify(src/carbot_driver) by extensions ['colcon_pkg']
[2.071s] Level 1:colcon.colcon_core.package_identification:_identify(src/carbot_driver) by extension 'colcon_pkg'
[2.071s] Level 1:colcon.colcon_core.package_identification:_identify(src/carbot_driver) by extensions ['colcon_meta']
[2.071s] Level 1:colcon.colcon_core.package_identification:_identify(src/carbot_driver) by extension 'colcon_meta'
[2.071s] Level 1:colcon.colcon_core.package_identification:_identify(src/carbot_driver) by extensions ['ros']
[2.071s] Level 1:colcon.colcon_core.package_identification:_identify(src/carbot_driver) by extension 'ros'
[2.082s] DEBUG:colcon.colcon_core.package_identification:Package 'src/carbot_driver' with type 'ros.ament_python' and name 'carbot_driver'
[2.083s] Level 1:colcon.colcon_core.package_identification:_identify(src/carbot_imu) by extensions ['ignore', 'ignore_ament_install']
[2.083s] Level 1:colcon.colcon_core.package_identification:_identify(src/carbot_imu) by extension 'ignore'
[2.084s] Level 1:colcon.colcon_core.package_identification:_identify(src/carbot_imu) by extension 'ignore_ament_install'
[2.084s] Level 1:colcon.colcon_core.package_identification:_identify(src/carbot_imu) by extensions ['colcon_pkg']
[2.084s] Level 1:colcon.colcon_core.package_identification:_identify(src/carbot_imu) by extension 'colcon_pkg'
[2.084s] Level 1:colcon.colcon_core.package_identification:_identify(src/carbot_imu) by extensions ['colcon_meta']
[2.084s] Level 1:colcon.colcon_core.package_identification:_identify(src/carbot_imu) by extension 'colcon_meta'
[2.084s] Level 1:colcon.colcon_core.package_identification:_identify(src/carbot_imu) by extensions ['ros']
[2.085s] Level 1:colcon.colcon_core.package_identification:_identify(src/carbot_imu) by extension 'ros'
[2.091s] DEBUG:colcon.colcon_core.package_identification:Package 'src/carbot_imu' with type 'ros.ament_python' and name 'carbot_imu'
[2.092s] Level 1:colcon.colcon_core.package_identification:_identify(src/carbot_key_ctrl) by extensions ['ignore', 'ignore_ament_install']
[2.092s] Level 1:colcon.colcon_core.package_identification:_identify(src/carbot_key_ctrl) by extension 'ignore'
[2.092s] Level 1:colcon.colcon_core.package_identification:_identify(src/carbot_key_ctrl) by extension 'ignore_ament_install'
[2.093s] Level 1:colcon.colcon_core.package_identification:_identify(src/carbot_key_ctrl) by extensions ['colcon_pkg']
[2.093s] Level 1:colcon.colcon_core.package_identification:_identify(src/carbot_key_ctrl) by extension 'colcon_pkg'
[2.093s] Level 1:colcon.colcon_core.package_identification:_identify(src/carbot_key_ctrl) by extensions ['colcon_meta']
[2.093s] Level 1:colcon.colcon_core.package_identification:_identify(src/carbot_key_ctrl) by extension 'colcon_meta'
[2.093s] Level 1:colcon.colcon_core.package_identification:_identify(src/carbot_key_ctrl) by extensions ['ros']
[2.093s] Level 1:colcon.colcon_core.package_identification:_identify(src/carbot_key_ctrl) by extension 'ros'
[2.096s] DEBUG:colcon.colcon_core.package_identification:Package 'src/carbot_key_ctrl' with type 'ros.ament_python' and name 'carbot_key_ctrl'
[2.096s] Level 1:colcon.colcon_core.package_identification:_identify(src/carbot_launch) by extensions ['ignore', 'ignore_ament_install']
[2.097s] Level 1:colcon.colcon_core.package_identification:_identify(src/carbot_launch) by extension 'ignore'
[2.097s] Level 1:colcon.colcon_core.package_identification:_identify(src/carbot_launch) by extension 'ignore_ament_install'
[2.097s] Level 1:colcon.colcon_core.package_identification:_identify(src/carbot_launch) by extensions ['colcon_pkg']
[2.097s] Level 1:colcon.colcon_core.package_identification:_identify(src/carbot_launch) by extension 'colcon_pkg'
[2.097s] Level 1:colcon.colcon_core.package_identification:_identify(src/carbot_launch) by extensions ['colcon_meta']
[2.097s] Level 1:colcon.colcon_core.package_identification:_identify(src/carbot_launch) by extension 'colcon_meta'
[2.098s] Level 1:colcon.colcon_core.package_identification:_identify(src/carbot_launch) by extensions ['ros']
[2.098s] Level 1:colcon.colcon_core.package_identification:_identify(src/carbot_launch) by extension 'ros'
[2.098s] Level 1:colcon.colcon_core.package_identification:_identify(src/carbot_launch) by extensions ['cmake', 'python']
[2.098s] Level 1:colcon.colcon_core.package_identification:_identify(src/carbot_launch) by extension 'cmake'
[2.098s] Level 1:colcon.colcon_core.package_identification:_identify(src/carbot_launch) by extension 'python'
[2.099s] Level 1:colcon.colcon_core.package_identification:_identify(src/carbot_launch) by extensions ['python_setup_py']
[2.099s] Level 1:colcon.colcon_core.package_identification:_identify(src/carbot_launch) by extension 'python_setup_py'
[2.099s] Level 1:colcon.colcon_core.package_identification:_identify(src/carbot_launch/launch) by extensions ['ignore', 'ignore_ament_install']
[2.099s] Level 1:colcon.colcon_core.package_identification:_identify(src/carbot_launch/launch) by extension 'ignore'
[2.100s] Level 1:colcon.colcon_core.package_identification:_identify(src/carbot_launch/launch) by extension 'ignore_ament_install'
[2.100s] Level 1:colcon.colcon_core.package_identification:_identify(src/carbot_launch/launch) by extensions ['colcon_pkg']
[2.100s] Level 1:colcon.colcon_core.package_identification:_identify(src/carbot_launch/launch) by extension 'colcon_pkg'
[2.100s] Level 1:colcon.colcon_core.package_identification:_identify(src/carbot_launch/launch) by extensions ['colcon_meta']
[2.100s] Level 1:colcon.colcon_core.package_identification:_identify(src/carbot_launch/launch) by extension 'colcon_meta'
[2.100s] Level 1:colcon.colcon_core.package_identification:_identify(src/carbot_launch/launch) by extensions ['ros']
[2.101s] Level 1:colcon.colcon_core.package_identification:_identify(src/carbot_launch/launch) by extension 'ros'
[2.101s] Level 1:colcon.colcon_core.package_identification:_identify(src/carbot_launch/launch) by extensions ['cmake', 'python']
[2.101s] Level 1:colcon.colcon_core.package_identification:_identify(src/carbot_launch/launch) by extension 'cmake'
[2.101s] Level 1:colcon.colcon_core.package_identification:_identify(src/carbot_launch/launch) by extension 'python'
[2.101s] Level 1:colcon.colcon_core.package_identification:_identify(src/carbot_launch/launch) by extensions ['python_setup_py']
[2.102s] Level 1:colcon.colcon_core.package_identification:_identify(src/carbot_launch/launch) by extension 'python_setup_py'
[2.102s] Level 1:colcon.colcon_core.package_identification:_identify(src/carbot_launch/parm_config) by extensions ['ignore', 'ignore_ament_install']
[2.102s] Level 1:colcon.colcon_core.package_identification:_identify(src/carbot_launch/parm_config) by extension 'ignore'
[2.102s] Level 1:colcon.colcon_core.package_identification:_identify(src/carbot_launch/parm_config) by extension 'ignore_ament_install'
[2.103s] Level 1:colcon.colcon_core.package_identification:_identify(src/carbot_launch/parm_config) by extensions ['colcon_pkg']
[2.103s] Level 1:colcon.colcon_core.package_identification:_identify(src/carbot_launch/parm_config) by extension 'colcon_pkg'
[2.103s] Level 1:colcon.colcon_core.package_identification:_identify(src/carbot_launch/parm_config) by extensions ['colcon_meta']
[2.103s] Level 1:colcon.colcon_core.package_identification:_identify(src/carbot_launch/parm_config) by extension 'colcon_meta'
[2.103s] Level 1:colcon.colcon_core.package_identification:_identify(src/carbot_launch/parm_config) by extensions ['ros']
[2.103s] Level 1:colcon.colcon_core.package_identification:_identify(src/carbot_launch/parm_config) by extension 'ros'
[2.104s] Level 1:colcon.colcon_core.package_identification:_identify(src/carbot_launch/parm_config) by extensions ['cmake', 'python']
[2.104s] Level 1:colcon.colcon_core.package_identification:_identify(src/carbot_launch/parm_config) by extension 'cmake'
[2.104s] Level 1:colcon.colcon_core.package_identification:_identify(src/carbot_launch/parm_config) by extension 'python'
[2.104s] Level 1:colcon.colcon_core.package_identification:_identify(src/carbot_launch/parm_config) by extensions ['python_setup_py']
[2.104s] Level 1:colcon.colcon_core.package_identification:_identify(src/carbot_launch/parm_config) by extension 'python_setup_py'
[2.105s] Level 1:colcon.colcon_core.package_identification:_identify(src/carbot_odom) by extensions ['ignore', 'ignore_ament_install']
[2.105s] Level 1:colcon.colcon_core.package_identification:_identify(src/carbot_odom) by extension 'ignore'
[2.105s] Level 1:colcon.colcon_core.package_identification:_identify(src/carbot_odom) by extension 'ignore_ament_install'
[2.105s] Level 1:colcon.colcon_core.package_identification:_identify(src/carbot_odom) by extensions ['colcon_pkg']
[2.106s] Level 1:colcon.colcon_core.package_identification:_identify(src/carbot_odom) by extension 'colcon_pkg'
[2.106s] Level 1:colcon.colcon_core.package_identification:_identify(src/carbot_odom) by extensions ['colcon_meta']
[2.106s] Level 1:colcon.colcon_core.package_identification:_identify(src/carbot_odom) by extension 'colcon_meta'
[2.106s] Level 1:colcon.colcon_core.package_identification:_identify(src/carbot_odom) by extensions ['ros']
[2.106s] Level 1:colcon.colcon_core.package_identification:_identify(src/carbot_odom) by extension 'ros'
[2.109s] DEBUG:colcon.colcon_core.package_identification:Package 'src/carbot_odom' with type 'ros.ament_cmake' and name 'carbot_odom'
[2.109s] Level 1:colcon.colcon_core.package_discovery:discover_packages(recursive) using defaults
[2.109s] Level 1:colcon.colcon_core.package_discovery:discover_packages(ignore) discover
[2.109s] Level 1:colcon.colcon_core.package_discovery:discover_packages(ignore) using defaults
[2.109s] Level 1:colcon.colcon_core.package_discovery:discover_packages(path) discover
[2.109s] Level 1:colcon.colcon_core.package_discovery:discover_packages(path) using defaults
[2.228s] Level 1:colcon.colcon_core.package_discovery:discover_packages(prefix_path) check parameters
[2.228s] Level 1:colcon.colcon_core.package_discovery:discover_packages(prefix_path) discover
[2.237s] WARNING:colcon.colcon_ros.prefix_path.ament:The path '/home/henry/Workspace/SIT_Carbot/Carbot_Ros/install/carbot_odom' in the environment variable AMENT_PREFIX_PATH doesn't exist
[2.237s] WARNING:colcon.colcon_ros.prefix_path.ament:The path '/home/henry/Workspace/SIT_Carbot/Carbot_Ros/install/carbot_key_ctrl' in the environment variable AMENT_PREFIX_PATH doesn't exist
[2.238s] WARNING:colcon.colcon_ros.prefix_path.ament:The path '/home/henry/Workspace/SIT_Carbot/Carbot_Ros/install/carbot_imu' in the environment variable AMENT_PREFIX_PATH doesn't exist
[2.238s] WARNING:colcon.colcon_ros.prefix_path.ament:The path '/home/henry/Workspace/SIT_Carbot/Carbot_Ros/install/carbot_driver' in the environment variable AMENT_PREFIX_PATH doesn't exist
[2.239s] WARNING:colcon.colcon_ros.prefix_path.catkin:The path '/home/henry/Workspace/SIT_Carbot/Carbot_Ros/install/carbot_odom' in the environment variable CMAKE_PREFIX_PATH doesn't exist
[2.246s] DEBUG:colcon.colcon_installed_package_information.package_discovery:Found 0 installed packages in /home/henry/Workspace/SIT_Carbot/Carbot_Ros/install
[2.254s] DEBUG:colcon.colcon_installed_package_information.package_discovery:Found 185 installed packages in /opt/ros/humble
[2.258s] Level 1:colcon.colcon_core.package_discovery:discover_packages(prefix_path) using defaults
[2.430s] Level 5:colcon.colcon_core.verb:set package 'carbot_driver' build argument 'cmake_args' from command line to 'None'
[2.430s] Level 5:colcon.colcon_core.verb:set package 'carbot_driver' build argument 'cmake_target' from command line to 'None'
[2.431s] Level 5:colcon.colcon_core.verb:set package 'carbot_driver' build argument 'cmake_target_skip_unavailable' from command line to 'False'
[2.431s] Level 5:colcon.colcon_core.verb:set package 'carbot_driver' build argument 'cmake_clean_cache' from command line to 'False'
[2.431s] Level 5:colcon.colcon_core.verb:set package 'carbot_driver' build argument 'cmake_clean_first' from command line to 'False'
[2.431s] Level 5:colcon.colcon_core.verb:set package 'carbot_driver' build argument 'cmake_force_configure' from command line to 'False'
[2.431s] Level 5:colcon.colcon_core.verb:set package 'carbot_driver' build argument 'ament_cmake_args' from command line to 'None'
[2.431s] Level 5:colcon.colcon_core.verb:set package 'carbot_driver' build argument 'catkin_cmake_args' from command line to 'None'
[2.431s] Level 5:colcon.colcon_core.verb:set package 'carbot_driver' build argument 'catkin_skip_building_tests' from command line to 'False'
[2.431s] DEBUG:colcon.colcon_core.verb:Building package 'carbot_driver' with the following arguments: {'ament_cmake_args': None, 'build_base': '/home/henry/Workspace/SIT_Carbot/Carbot_Ros/build/carbot_driver', 'catkin_cmake_args': None, 'catkin_skip_building_tests': False, 'cmake_args': None, 'cmake_clean_cache': False, 'cmake_clean_first': False, 'cmake_force_configure': False, 'cmake_target': None, 'cmake_target_skip_unavailable': False, 'install_base': '/home/henry/Workspace/SIT_Carbot/Carbot_Ros/install/carbot_driver', 'merge_install': False, 'path': '/home/henry/Workspace/SIT_Carbot/Carbot_Ros/src/carbot_driver', 'symlink_install': False, 'test_result_base': None}
[2.436s] Level 5:colcon.colcon_core.verb:set package 'carbot_imu' build argument 'cmake_args' from command line to 'None'
[2.436s] Level 5:colcon.colcon_core.verb:set package 'carbot_imu' build argument 'cmake_target' from command line to 'None'
[2.436s] Level 5:colcon.colcon_core.verb:set package 'carbot_imu' build argument 'cmake_target_skip_unavailable' from command line to 'False'
[2.436s] Level 5:colcon.colcon_core.verb:set package 'carbot_imu' build argument 'cmake_clean_cache' from command line to 'False'
[2.437s] Level 5:colcon.colcon_core.verb:set package 'carbot_imu' build argument 'cmake_clean_first' from command line to 'False'
[2.437s] Level 5:colcon.colcon_core.verb:set package 'carbot_imu' build argument 'cmake_force_configure' from command line to 'False'
[2.437s] Level 5:colcon.colcon_core.verb:set package 'carbot_imu' build argument 'ament_cmake_args' from command line to 'None'
[2.437s] Level 5:colcon.colcon_core.verb:set package 'carbot_imu' build argument 'catkin_cmake_args' from command line to 'None'
[2.437s] Level 5:colcon.colcon_core.verb:set package 'carbot_imu' build argument 'catkin_skip_building_tests' from command line to 'False'
[2.437s] DEBUG:colcon.colcon_core.verb:Building package 'carbot_imu' with the following arguments: {'ament_cmake_args': None, 'build_base': '/home/henry/Workspace/SIT_Carbot/Carbot_Ros/build/carbot_imu', 'catkin_cmake_args': None, 'catkin_skip_building_tests': False, 'cmake_args': None, 'cmake_clean_cache': False, 'cmake_clean_first': False, 'cmake_force_configure': False, 'cmake_target': None, 'cmake_target_skip_unavailable': False, 'install_base': '/home/henry/Workspace/SIT_Carbot/Carbot_Ros/install/carbot_imu', 'merge_install': False, 'path': '/home/henry/Workspace/SIT_Carbot/Carbot_Ros/src/carbot_imu', 'symlink_install': False, 'test_result_base': None}
[2.442s] Level 5:colcon.colcon_core.verb:set package 'carbot_key_ctrl' build argument 'cmake_args' from command line to 'None'
[2.442s] Level 5:colcon.colcon_core.verb:set package 'carbot_key_ctrl' build argument 'cmake_target' from command line to 'None'
[2.443s] Level 5:colcon.colcon_core.verb:set package 'carbot_key_ctrl' build argument 'cmake_target_skip_unavailable' from command line to 'False'
[2.443s] Level 5:colcon.colcon_core.verb:set package 'carbot_key_ctrl' build argument 'cmake_clean_cache' from command line to 'False'
[2.443s] Level 5:colcon.colcon_core.verb:set package 'carbot_key_ctrl' build argument 'cmake_clean_first' from command line to 'False'
[2.443s] Level 5:colcon.colcon_core.verb:set package 'carbot_key_ctrl' build argument 'cmake_force_configure' from command line to 'False'
[2.443s] Level 5:colcon.colcon_core.verb:set package 'carbot_key_ctrl' build argument 'ament_cmake_args' from command line to 'None'
[2.443s] Level 5:colcon.colcon_core.verb:set package 'carbot_key_ctrl' build argument 'catkin_cmake_args' from command line to 'None'
[2.443s] Level 5:colcon.colcon_core.verb:set package 'carbot_key_ctrl' build argument 'catkin_skip_building_tests' from command line to 'False'
[2.444s] DEBUG:colcon.colcon_core.verb:Building package 'carbot_key_ctrl' with the following arguments: {'ament_cmake_args': None, 'build_base': '/home/henry/Workspace/SIT_Carbot/Carbot_Ros/build/carbot_key_ctrl', 'catkin_cmake_args': None, 'catkin_skip_building_tests': False, 'cmake_args': None, 'cmake_clean_cache': False, 'cmake_clean_first': False, 'cmake_force_configure': False, 'cmake_target': None, 'cmake_target_skip_unavailable': False, 'install_base': '/home/henry/Workspace/SIT_Carbot/Carbot_Ros/install/carbot_key_ctrl', 'merge_install': False, 'path': '/home/henry/Workspace/SIT_Carbot/Carbot_Ros/src/carbot_key_ctrl', 'symlink_install': False, 'test_result_base': None}
[2.448s] Level 5:colcon.colcon_core.verb:set package 'carbot_odom' build argument 'cmake_args' from command line to 'None'
[2.449s] Level 5:colcon.colcon_core.verb:set package 'carbot_odom' build argument 'cmake_target' from command line to 'None'
[2.449s] Level 5:colcon.colcon_core.verb:set package 'carbot_odom' build argument 'cmake_target_skip_unavailable' from command line to 'False'
[2.449s] Level 5:colcon.colcon_core.verb:set package 'carbot_odom' build argument 'cmake_clean_cache' from command line to 'False'
[2.449s] Level 5:colcon.colcon_core.verb:set package 'carbot_odom' build argument 'cmake_clean_first' from command line to 'False'
[2.449s] Level 5:colcon.colcon_core.verb:set package 'carbot_odom' build argument 'cmake_force_configure' from command line to 'False'
[2.449s] Level 5:colcon.colcon_core.verb:set package 'carbot_odom' build argument 'ament_cmake_args' from command line to 'None'
[2.449s] Level 5:colcon.colcon_core.verb:set package 'carbot_odom' build argument 'catkin_cmake_args' from command line to 'None'
[2.450s] Level 5:colcon.colcon_core.verb:set package 'carbot_odom' build argument 'catkin_skip_building_tests' from command line to 'False'
[2.450s] DEBUG:colcon.colcon_core.verb:Building package 'carbot_odom' with the following arguments: {'ament_cmake_args': None, 'build_base': '/home/henry/Workspace/SIT_Carbot/Carbot_Ros/build/carbot_odom', 'catkin_cmake_args': None, 'catkin_skip_building_tests': False, 'cmake_args': None, 'cmake_clean_cache': False, 'cmake_clean_first': False, 'cmake_force_configure': False, 'cmake_target': None, 'cmake_target_skip_unavailable': False, 'install_base': '/home/henry/Workspace/SIT_Carbot/Carbot_Ros/install/carbot_odom', 'merge_install': False, 'path': '/home/henry/Workspace/SIT_Carbot/Carbot_Ros/src/carbot_odom', 'symlink_install': False, 'test_result_base': None}
[2.453s] INFO:colcon.colcon_core.executor:Executing jobs using 'parallel' executor
[2.465s] DEBUG:colcon.colcon_parallel_executor.executor.parallel:run_until_complete
[2.467s] INFO:colcon.colcon_ros.task.ament_python.build:Building ROS package in '/home/henry/Workspace/SIT_Carbot/Carbot_Ros/src/carbot_driver' with build type 'ament_python'
[2.469s] Level 1:colcon.colcon_core.shell:create_environment_hook('carbot_driver', 'ament_prefix_path')
[2.495s] INFO:colcon.colcon_core.plugin_system:Skipping extension 'colcon_core.shell.bat': Not used on non-Windows systems
[2.497s] INFO:colcon.colcon_core.shell:Creating environment hook '/home/henry/Workspace/SIT_Carbot/Carbot_Ros/install/carbot_driver/share/carbot_driver/hook/ament_prefix_path.ps1'
[2.501s] INFO:colcon.colcon_core.shell:Creating environment descriptor '/home/henry/Workspace/SIT_Carbot/Carbot_Ros/install/carbot_driver/share/carbot_driver/hook/ament_prefix_path.dsv'
[2.504s] INFO:colcon.colcon_core.shell:Creating environment hook '/home/henry/Workspace/SIT_Carbot/Carbot_Ros/install/carbot_driver/share/carbot_driver/hook/ament_prefix_path.sh'
[2.512s] INFO:colcon.colcon_core.shell:Skip shell extension 'powershell' for command environment: Not usable outside of PowerShell
[2.513s] DEBUG:colcon.colcon_core.shell:Skip shell extension 'dsv' for command environment
[2.533s] INFO:colcon.colcon_ros.task.ament_python.build:Building ROS package in '/home/henry/Workspace/SIT_Carbot/Carbot_Ros/src/carbot_imu' with build type 'ament_python'
[2.533s] Level 1:colcon.colcon_core.shell:create_environment_hook('carbot_imu', 'ament_prefix_path')
[2.539s] INFO:colcon.colcon_core.shell:Creating environment hook '/home/henry/Workspace/SIT_Carbot/Carbot_Ros/install/carbot_imu/share/carbot_imu/hook/ament_prefix_path.ps1'
[2.542s] INFO:colcon.colcon_core.shell:Creating environment descriptor '/home/henry/Workspace/SIT_Carbot/Carbot_Ros/install/carbot_imu/share/carbot_imu/hook/ament_prefix_path.dsv'
[2.543s] INFO:colcon.colcon_core.shell:Creating environment hook '/home/henry/Workspace/SIT_Carbot/Carbot_Ros/install/carbot_imu/share/carbot_imu/hook/ament_prefix_path.sh'
[2.549s] INFO:colcon.colcon_core.shell:Skip shell extension 'powershell' for command environment: Not usable outside of PowerShell
[2.549s] DEBUG:colcon.colcon_core.shell:Skip shell extension 'dsv' for command environment
[2.569s] INFO:colcon.colcon_ros.task.ament_python.build:Building ROS package in '/home/henry/Workspace/SIT_Carbot/Carbot_Ros/src/carbot_key_ctrl' with build type 'ament_python'
[2.569s] Level 1:colcon.colcon_core.shell:create_environment_hook('carbot_key_ctrl', 'ament_prefix_path')
[2.576s] INFO:colcon.colcon_core.shell:Creating environment hook '/home/henry/Workspace/SIT_Carbot/Carbot_Ros/install/carbot_key_ctrl/share/carbot_key_ctrl/hook/ament_prefix_path.ps1'
[2.579s] INFO:colcon.colcon_core.shell:Creating environment descriptor '/home/henry/Workspace/SIT_Carbot/Carbot_Ros/install/carbot_key_ctrl/share/carbot_key_ctrl/hook/ament_prefix_path.dsv'
[2.580s] INFO:colcon.colcon_core.shell:Creating environment hook '/home/henry/Workspace/SIT_Carbot/Carbot_Ros/install/carbot_key_ctrl/share/carbot_key_ctrl/hook/ament_prefix_path.sh'
[2.589s] INFO:colcon.colcon_core.shell:Skip shell extension 'powershell' for command environment: Not usable outside of PowerShell
[2.589s] DEBUG:colcon.colcon_core.shell:Skip shell extension 'dsv' for command environment
[2.608s] INFO:colcon.colcon_ros.task.ament_cmake.build:Building ROS package in '/home/henry/Workspace/SIT_Carbot/Carbot_Ros/src/carbot_odom' with build type 'ament_cmake'
[2.609s] INFO:colcon.colcon_cmake.task.cmake.build:Building CMake package in '/home/henry/Workspace/SIT_Carbot/Carbot_Ros/src/carbot_odom'
[2.614s] INFO:colcon.colcon_core.shell:Skip shell extension 'powershell' for command environment: Not usable outside of PowerShell
[2.614s] DEBUG:colcon.colcon_core.shell:Skip shell extension 'dsv' for command environment
[3.683s] INFO:colcon.colcon_core.task.python.build:Building Python package in '/home/henry/Workspace/SIT_Carbot/Carbot_Ros/src/carbot_driver'
[3.689s] INFO:colcon.colcon_core.shell:Skip shell extension 'powershell' for command environment: Not usable outside of PowerShell
[3.735s] DEBUG:colcon.colcon_core.shell:Skip shell extension 'dsv' for command environment
[4.804s] INFO:colcon.colcon_core.task.python.build:Building Python package in '/home/henry/Workspace/SIT_Carbot/Carbot_Ros/src/carbot_imu'
[4.809s] INFO:colcon.colcon_core.shell:Skip shell extension 'powershell' for command environment: Not usable outside of PowerShell
[4.809s] DEBUG:colcon.colcon_core.shell:Skip shell extension 'dsv' for command environment
[5.821s] INFO:colcon.colcon_core.task.python.build:Building Python package in '/home/henry/Workspace/SIT_Carbot/Carbot_Ros/src/carbot_key_ctrl'
[5.826s] INFO:colcon.colcon_core.shell:Skip shell extension 'powershell' for command environment: Not usable outside of PowerShell
[5.826s] DEBUG:colcon.colcon_core.shell:Skip shell extension 'dsv' for command environment
[5.864s] DEBUG:colcon.colcon_core.event_handler.log_command:Invoking command in '/home/henry/Workspace/SIT_Carbot/Carbot_Ros/build/carbot_odom': CMAKE_PREFIX_PATH=${CMAKE_PREFIX_PATH}:/home/henry/Workspace/SIT_Carbot/Carbot_Ros/install/carbot_key_ctrl:/home/henry/Workspace/SIT_Carbot/Carbot_Ros/install/carbot_imu:/home/henry/Workspace/SIT_Carbot/Carbot_Ros/install/carbot_driver:/opt/ros/humble /usr/bin/cmake /home/henry/Workspace/SIT_Carbot/Carbot_Ros/src/carbot_odom -DCMAKE_INSTALL_PREFIX=/home/henry/Workspace/SIT_Carbot/Carbot_Ros/install/carbot_odom
[8.711s] DEBUG:colcon.colcon_core.event_handler.log_command:Invoking command in '/home/henry/Workspace/SIT_Carbot/Carbot_Ros/src/carbot_key_ctrl': PYTHONPATH=/home/henry/Workspace/SIT_Carbot/Carbot_Ros/build/carbot_key_ctrl/prefix_override:/home/henry/Workspace/SIT_Carbot/Carbot_Ros/install/carbot_key_ctrl/lib/python3.10/site-packages:${PYTHONPATH} /usr/bin/python3 setup.py egg_info --egg-base ../../build/carbot_key_ctrl build --build-base /home/henry/Workspace/SIT_Carbot/Carbot_Ros/build/carbot_key_ctrl/build install --record /home/henry/Workspace/SIT_Carbot/Carbot_Ros/build/carbot_key_ctrl/install.log --single-version-externally-managed
[8.730s] DEBUG:colcon.colcon_core.event_handler.log_command:Invoking command in '/home/henry/Workspace/SIT_Carbot/Carbot_Ros/src/carbot_imu': PYTHONPATH=/home/henry/Workspace/SIT_Carbot/Carbot_Ros/build/carbot_imu/prefix_override:/home/henry/Workspace/SIT_Carbot/Carbot_Ros/install/carbot_imu/lib/python3.10/site-packages:${PYTHONPATH} /usr/bin/python3 setup.py egg_info --egg-base ../../build/carbot_imu build --build-base /home/henry/Workspace/SIT_Carbot/Carbot_Ros/build/carbot_imu/build install --record /home/henry/Workspace/SIT_Carbot/Carbot_Ros/build/carbot_imu/install.log --single-version-externally-managed
[8.757s] DEBUG:colcon.colcon_core.event_handler.log_command:Invoking command in '/home/henry/Workspace/SIT_Carbot/Carbot_Ros/src/carbot_driver': PYTHONPATH=/home/henry/Workspace/SIT_Carbot/Carbot_Ros/build/carbot_driver/prefix_override:/home/henry/Workspace/SIT_Carbot/Carbot_Ros/install/carbot_driver/lib/python3.10/site-packages:${PYTHONPATH} /usr/bin/python3 setup.py egg_info --egg-base ../../build/carbot_driver build --build-base /home/henry/Workspace/SIT_Carbot/Carbot_Ros/build/carbot_driver/build install --record /home/henry/Workspace/SIT_Carbot/Carbot_Ros/build/carbot_driver/install.log --single-version-externally-managed
[10.557s] DEBUG:colcon.colcon_core.event_handler.log_command:Invoked command in '/home/henry/Workspace/SIT_Carbot/Carbot_Ros/src/carbot_driver' returned '0': PYTHONPATH=/home/henry/Workspace/SIT_Carbot/Carbot_Ros/build/carbot_driver/prefix_override:/home/henry/Workspace/SIT_Carbot/Carbot_Ros/install/carbot_driver/lib/python3.10/site-packages:${PYTHONPATH} /usr/bin/python3 setup.py egg_info --egg-base ../../build/carbot_driver build --build-base /home/henry/Workspace/SIT_Carbot/Carbot_Ros/build/carbot_driver/build install --record /home/henry/Workspace/SIT_Carbot/Carbot_Ros/build/carbot_driver/install.log --single-version-externally-managed
[10.645s] Level 1:colcon.colcon_core.environment:checking '/home/henry/Workspace/SIT_Carbot/Carbot_Ros/install/carbot_driver' for CMake module files
[10.649s] Level 1:colcon.colcon_core.environment:checking '/home/henry/Workspace/SIT_Carbot/Carbot_Ros/install/carbot_driver' for CMake config files
[10.657s] Level 1:colcon.colcon_core.environment:checking '/home/henry/Workspace/SIT_Carbot/Carbot_Ros/install/carbot_driver/lib'
[10.659s] Level 1:colcon.colcon_core.environment:checking '/home/henry/Workspace/SIT_Carbot/Carbot_Ros/install/carbot_driver/bin'
[10.660s] Level 1:colcon.colcon_core.environment:checking '/home/henry/Workspace/SIT_Carbot/Carbot_Ros/install/carbot_driver/lib/pkgconfig/carbot_driver.pc'
[10.662s] Level 1:colcon.colcon_core.environment:checking '/home/henry/Workspace/SIT_Carbot/Carbot_Ros/install/carbot_driver/lib/python3.10/site-packages'
[10.663s] Level 1:colcon.colcon_core.shell:create_environment_hook('carbot_driver', 'pythonpath')
[10.677s] INFO:colcon.colcon_core.shell:Creating environment hook '/home/henry/Workspace/SIT_Carbot/Carbot_Ros/install/carbot_driver/share/carbot_driver/hook/pythonpath.ps1'
[10.680s] INFO:colcon.colcon_core.shell:Creating environment descriptor '/home/henry/Workspace/SIT_Carbot/Carbot_Ros/install/carbot_driver/share/carbot_driver/hook/pythonpath.dsv'
[10.686s] INFO:colcon.colcon_core.shell:Creating environment hook '/home/henry/Workspace/SIT_Carbot/Carbot_Ros/install/carbot_driver/share/carbot_driver/hook/pythonpath.sh'
[10.690s] Level 1:colcon.colcon_core.environment:checking '/home/henry/Workspace/SIT_Carbot/Carbot_Ros/install/carbot_driver/bin'
[10.691s] Level 1:colcon.colcon_core.environment:create_environment_scripts_only(carbot_driver)
[10.706s] INFO:colcon.colcon_core.shell:Creating package script '/home/henry/Workspace/SIT_Carbot/Carbot_Ros/install/carbot_driver/share/carbot_driver/package.ps1'
[10.718s] INFO:colcon.colcon_core.shell:Creating package descriptor '/home/henry/Workspace/SIT_Carbot/Carbot_Ros/install/carbot_driver/share/carbot_driver/package.dsv'
[10.727s] INFO:colcon.colcon_core.shell:Creating package script '/home/henry/Workspace/SIT_Carbot/Carbot_Ros/install/carbot_driver/share/carbot_driver/package.sh'
[10.739s] INFO:colcon.colcon_core.shell:Creating package script '/home/henry/Workspace/SIT_Carbot/Carbot_Ros/install/carbot_driver/share/carbot_driver/package.bash'
[10.751s] INFO:colcon.colcon_core.shell:Creating package script '/home/henry/Workspace/SIT_Carbot/Carbot_Ros/install/carbot_driver/share/carbot_driver/package.zsh'
[10.770s] Level 1:colcon.colcon_core.environment:create_file_with_runtime_dependencies(/home/henry/Workspace/SIT_Carbot/Carbot_Ros/install/carbot_driver/share/colcon-core/packages/carbot_driver)
[10.800s] Level 1:colcon.colcon_core.environment:checking '/home/henry/Workspace/SIT_Carbot/Carbot_Ros/install/carbot_key_ctrl' for CMake module files
[10.805s] Level 1:colcon.colcon_core.environment:checking '/home/henry/Workspace/SIT_Carbot/Carbot_Ros/install/carbot_key_ctrl' for CMake config files
[10.807s] DEBUG:colcon.colcon_core.event_handler.log_command:Invoked command in '/home/henry/Workspace/SIT_Carbot/Carbot_Ros/src/carbot_key_ctrl' returned '0': PYTHONPATH=/home/henry/Workspace/SIT_Carbot/Carbot_Ros/build/carbot_key_ctrl/prefix_override:/home/henry/Workspace/SIT_Carbot/Carbot_Ros/install/carbot_key_ctrl/lib/python3.10/site-packages:${PYTHONPATH} /usr/bin/python3 setup.py egg_info --egg-base ../../build/carbot_key_ctrl build --build-base /home/henry/Workspace/SIT_Carbot/Carbot_Ros/build/carbot_key_ctrl/build install --record /home/henry/Workspace/SIT_Carbot/Carbot_Ros/build/carbot_key_ctrl/install.log --single-version-externally-managed
[10.813s] Level 1:colcon.colcon_core.environment:checking '/home/henry/Workspace/SIT_Carbot/Carbot_Ros/install/carbot_key_ctrl/lib'
[10.814s] Level 1:colcon.colcon_core.environment:checking '/home/henry/Workspace/SIT_Carbot/Carbot_Ros/install/carbot_key_ctrl/bin'
[10.815s] Level 1:colcon.colcon_core.environment:checking '/home/henry/Workspace/SIT_Carbot/Carbot_Ros/install/carbot_key_ctrl/lib/pkgconfig/carbot_key_ctrl.pc'
[10.817s] Level 1:colcon.colcon_core.environment:checking '/home/henry/Workspace/SIT_Carbot/Carbot_Ros/install/carbot_key_ctrl/lib/python3.10/site-packages'
[10.817s] Level 1:colcon.colcon_core.shell:create_environment_hook('carbot_key_ctrl', 'pythonpath')
[10.829s] INFO:colcon.colcon_core.shell:Creating environment hook '/home/henry/Workspace/SIT_Carbot/Carbot_Ros/install/carbot_key_ctrl/share/carbot_key_ctrl/hook/pythonpath.ps1'
[10.833s] INFO:colcon.colcon_core.shell:Creating environment descriptor '/home/henry/Workspace/SIT_Carbot/Carbot_Ros/install/carbot_key_ctrl/share/carbot_key_ctrl/hook/pythonpath.dsv'
[10.836s] INFO:colcon.colcon_core.shell:Creating environment hook '/home/henry/Workspace/SIT_Carbot/Carbot_Ros/install/carbot_key_ctrl/share/carbot_key_ctrl/hook/pythonpath.sh'
[10.840s] Level 1:colcon.colcon_core.environment:checking '/home/henry/Workspace/SIT_Carbot/Carbot_Ros/install/carbot_key_ctrl/bin'
[10.841s] Level 1:colcon.colcon_core.environment:create_environment_scripts_only(carbot_key_ctrl)
[10.851s] INFO:colcon.colcon_core.shell:Creating package script '/home/henry/Workspace/SIT_Carbot/Carbot_Ros/install/carbot_key_ctrl/share/carbot_key_ctrl/package.ps1'
[10.855s] INFO:colcon.colcon_core.shell:Creating package descriptor '/home/henry/Workspace/SIT_Carbot/Carbot_Ros/install/carbot_key_ctrl/share/carbot_key_ctrl/package.dsv'
[10.859s] INFO:colcon.colcon_core.shell:Creating package script '/home/henry/Workspace/SIT_Carbot/Carbot_Ros/install/carbot_key_ctrl/share/carbot_key_ctrl/package.sh'
[10.862s] INFO:colcon.colcon_core.shell:Creating package script '/home/henry/Workspace/SIT_Carbot/Carbot_Ros/install/carbot_key_ctrl/share/carbot_key_ctrl/package.bash'
[10.866s] INFO:colcon.colcon_core.shell:Creating package script '/home/henry/Workspace/SIT_Carbot/Carbot_Ros/install/carbot_key_ctrl/share/carbot_key_ctrl/package.zsh'
[10.868s] Level 1:colcon.colcon_core.environment:create_file_with_runtime_dependencies(/home/henry/Workspace/SIT_Carbot/Carbot_Ros/install/carbot_key_ctrl/share/colcon-core/packages/carbot_key_ctrl)
[10.888s] Level 1:colcon.colcon_core.environment:checking '/home/henry/Workspace/SIT_Carbot/Carbot_Ros/install/carbot_imu' for CMake module files
[10.890s] DEBUG:colcon.colcon_core.event_handler.log_command:Invoked command in '/home/henry/Workspace/SIT_Carbot/Carbot_Ros/src/carbot_imu' returned '0': PYTHONPATH=/home/henry/Workspace/SIT_Carbot/Carbot_Ros/build/carbot_imu/prefix_override:/home/henry/Workspace/SIT_Carbot/Carbot_Ros/install/carbot_imu/lib/python3.10/site-packages:${PYTHONPATH} /usr/bin/python3 setup.py egg_info --egg-base ../../build/carbot_imu build --build-base /home/henry/Workspace/SIT_Carbot/Carbot_Ros/build/carbot_imu/build install --record /home/henry/Workspace/SIT_Carbot/Carbot_Ros/build/carbot_imu/install.log --single-version-externally-managed
[10.892s] Level 1:colcon.colcon_core.environment:checking '/home/henry/Workspace/SIT_Carbot/Carbot_Ros/install/carbot_imu' for CMake config files
[10.895s] Level 1:colcon.colcon_core.environment:checking '/home/henry/Workspace/SIT_Carbot/Carbot_Ros/install/carbot_imu/lib'
[10.895s] Level 1:colcon.colcon_core.environment:checking '/home/henry/Workspace/SIT_Carbot/Carbot_Ros/install/carbot_imu/bin'
[10.896s] Level 1:colcon.colcon_core.environment:checking '/home/henry/Workspace/SIT_Carbot/Carbot_Ros/install/carbot_imu/lib/pkgconfig/carbot_imu.pc'
[10.897s] Level 1:colcon.colcon_core.environment:checking '/home/henry/Workspace/SIT_Carbot/Carbot_Ros/install/carbot_imu/lib/python3.10/site-packages'
[10.898s] Level 1:colcon.colcon_core.shell:create_environment_hook('carbot_imu', 'pythonpath')
[10.904s] INFO:colcon.colcon_core.shell:Creating environment hook '/home/henry/Workspace/SIT_Carbot/Carbot_Ros/install/carbot_imu/share/carbot_imu/hook/pythonpath.ps1'
[10.906s] INFO:colcon.colcon_core.shell:Creating environment descriptor '/home/henry/Workspace/SIT_Carbot/Carbot_Ros/install/carbot_imu/share/carbot_imu/hook/pythonpath.dsv'
[10.908s] INFO:colcon.colcon_core.shell:Creating environment hook '/home/henry/Workspace/SIT_Carbot/Carbot_Ros/install/carbot_imu/share/carbot_imu/hook/pythonpath.sh'
[10.911s] Level 1:colcon.colcon_core.environment:checking '/home/henry/Workspace/SIT_Carbot/Carbot_Ros/install/carbot_imu/bin'
[10.911s] Level 1:colcon.colcon_core.environment:create_environment_scripts_only(carbot_imu)
[10.918s] INFO:colcon.colcon_core.shell:Creating package script '/home/henry/Workspace/SIT_Carbot/Carbot_Ros/install/carbot_imu/share/carbot_imu/package.ps1'
[10.920s] INFO:colcon.colcon_core.shell:Creating package descriptor '/home/henry/Workspace/SIT_Carbot/Carbot_Ros/install/carbot_imu/share/carbot_imu/package.dsv'
[10.922s] INFO:colcon.colcon_core.shell:Creating package script '/home/henry/Workspace/SIT_Carbot/Carbot_Ros/install/carbot_imu/share/carbot_imu/package.sh'
[10.925s] INFO:colcon.colcon_core.shell:Creating package script '/home/henry/Workspace/SIT_Carbot/Carbot_Ros/install/carbot_imu/share/carbot_imu/package.bash'
[10.927s] INFO:colcon.colcon_core.shell:Creating package script '/home/henry/Workspace/SIT_Carbot/Carbot_Ros/install/carbot_imu/share/carbot_imu/package.zsh'
[10.928s] Level 1:colcon.colcon_core.environment:create_file_with_runtime_dependencies(/home/henry/Workspace/SIT_Carbot/Carbot_Ros/install/carbot_imu/share/colcon-core/packages/carbot_imu)
[17.989s] DEBUG:colcon.colcon_core.event_handler.log_command:Invoked command in '/home/henry/Workspace/SIT_Carbot/Carbot_Ros/build/carbot_odom' returned '0': CMAKE_PREFIX_PATH=${CMAKE_PREFIX_PATH}:/home/henry/Workspace/SIT_Carbot/Carbot_Ros/install/carbot_key_ctrl:/home/henry/Workspace/SIT_Carbot/Carbot_Ros/install/carbot_imu:/home/henry/Workspace/SIT_Carbot/Carbot_Ros/install/carbot_driver:/opt/ros/humble /usr/bin/cmake /home/henry/Workspace/SIT_Carbot/Carbot_Ros/src/carbot_odom -DCMAKE_INSTALL_PREFIX=/home/henry/Workspace/SIT_Carbot/Carbot_Ros/install/carbot_odom
[17.998s] DEBUG:colcon.colcon_core.event_handler.log_command:Invoking command in '/home/henry/Workspace/SIT_Carbot/Carbot_Ros/build/carbot_odom': CMAKE_PREFIX_PATH=${CMAKE_PREFIX_PATH}:/home/henry/Workspace/SIT_Carbot/Carbot_Ros/install/carbot_key_ctrl:/home/henry/Workspace/SIT_Carbot/Carbot_Ros/install/carbot_imu:/home/henry/Workspace/SIT_Carbot/Carbot_Ros/install/carbot_driver:/opt/ros/humble /usr/bin/cmake --build /home/henry/Workspace/SIT_Carbot/Carbot_Ros/build/carbot_odom -- -j4 -l4
[54.236s] DEBUG:colcon.colcon_core.event_handler.log_command:Invoked command in '/home/henry/Workspace/SIT_Carbot/Carbot_Ros/build/carbot_odom' returned '0': CMAKE_PREFIX_PATH=${CMAKE_PREFIX_PATH}:/home/henry/Workspace/SIT_Carbot/Carbot_Ros/install/carbot_key_ctrl:/home/henry/Workspace/SIT_Carbot/Carbot_Ros/install/carbot_imu:/home/henry/Workspace/SIT_Carbot/Carbot_Ros/install/carbot_driver:/opt/ros/humble /usr/bin/cmake --build /home/henry/Workspace/SIT_Carbot/Carbot_Ros/build/carbot_odom -- -j4 -l4
[54.379s] DEBUG:colcon.colcon_core.event_handler.log_command:Invoking command in '/home/henry/Workspace/SIT_Carbot/Carbot_Ros/build/carbot_odom': CMAKE_PREFIX_PATH=${CMAKE_PREFIX_PATH}:/home/henry/Workspace/SIT_Carbot/Carbot_Ros/install/carbot_key_ctrl:/home/henry/Workspace/SIT_Carbot/Carbot_Ros/install/carbot_imu:/home/henry/Workspace/SIT_Carbot/Carbot_Ros/install/carbot_driver:/opt/ros/humble /usr/bin/cmake --install /home/henry/Workspace/SIT_Carbot/Carbot_Ros/build/carbot_odom
[54.453s] Level 1:colcon.colcon_core.environment:create_environment_scripts_only(carbot_odom)
[54.461s] Level 1:colcon.colcon_core.environment:checking '/home/henry/Workspace/SIT_Carbot/Carbot_Ros/install/carbot_odom' for CMake module files
[54.462s] DEBUG:colcon.colcon_core.event_handler.log_command:Invoked command in '/home/henry/Workspace/SIT_Carbot/Carbot_Ros/build/carbot_odom' returned '0': CMAKE_PREFIX_PATH=${CMAKE_PREFIX_PATH}:/home/henry/Workspace/SIT_Carbot/Carbot_Ros/install/carbot_key_ctrl:/home/henry/Workspace/SIT_Carbot/Carbot_Ros/install/carbot_imu:/home/henry/Workspace/SIT_Carbot/Carbot_Ros/install/carbot_driver:/opt/ros/humble /usr/bin/cmake --install /home/henry/Workspace/SIT_Carbot/Carbot_Ros/build/carbot_odom
[54.464s] Level 1:colcon.colcon_core.environment:checking '/home/henry/Workspace/SIT_Carbot/Carbot_Ros/install/carbot_odom' for CMake config files
[54.465s] Level 1:colcon.colcon_core.shell:create_environment_hook('carbot_odom', 'cmake_prefix_path')
[54.470s] INFO:colcon.colcon_core.shell:Creating environment hook '/home/henry/Workspace/SIT_Carbot/Carbot_Ros/install/carbot_odom/share/carbot_odom/hook/cmake_prefix_path.ps1'
[54.472s] INFO:colcon.colcon_core.shell:Creating environment descriptor '/home/henry/Workspace/SIT_Carbot/Carbot_Ros/install/carbot_odom/share/carbot_odom/hook/cmake_prefix_path.dsv'
[54.473s] INFO:colcon.colcon_core.shell:Creating environment hook '/home/henry/Workspace/SIT_Carbot/Carbot_Ros/install/carbot_odom/share/carbot_odom/hook/cmake_prefix_path.sh'
[54.476s] Level 1:colcon.colcon_core.environment:checking '/home/henry/Workspace/SIT_Carbot/Carbot_Ros/install/carbot_odom/lib'
[54.476s] Level 1:colcon.colcon_core.environment:checking '/home/henry/Workspace/SIT_Carbot/Carbot_Ros/install/carbot_odom/bin'
[54.476s] Level 1:colcon.colcon_core.environment:checking '/home/henry/Workspace/SIT_Carbot/Carbot_Ros/install/carbot_odom/lib/pkgconfig/carbot_odom.pc'
[54.477s] Level 1:colcon.colcon_core.environment:checking '/home/henry/Workspace/SIT_Carbot/Carbot_Ros/install/carbot_odom/lib/python3.10/site-packages'
[54.478s] Level 1:colcon.colcon_core.environment:checking '/home/henry/Workspace/SIT_Carbot/Carbot_Ros/install/carbot_odom/bin'
[54.483s] INFO:colcon.colcon_core.shell:Creating package script '/home/henry/Workspace/SIT_Carbot/Carbot_Ros/install/carbot_odom/share/carbot_odom/package.ps1'
[54.485s] INFO:colcon.colcon_core.shell:Creating package descriptor '/home/henry/Workspace/SIT_Carbot/Carbot_Ros/install/carbot_odom/share/carbot_odom/package.dsv'
[54.487s] INFO:colcon.colcon_core.shell:Creating package script '/home/henry/Workspace/SIT_Carbot/Carbot_Ros/install/carbot_odom/share/carbot_odom/package.sh'
[54.488s] INFO:colcon.colcon_core.shell:Creating package script '/home/henry/Workspace/SIT_Carbot/Carbot_Ros/install/carbot_odom/share/carbot_odom/package.bash'
[54.490s] INFO:colcon.colcon_core.shell:Creating package script '/home/henry/Workspace/SIT_Carbot/Carbot_Ros/install/carbot_odom/share/carbot_odom/package.zsh'
[54.491s] Level 1:colcon.colcon_core.environment:create_file_with_runtime_dependencies(/home/henry/Workspace/SIT_Carbot/Carbot_Ros/install/carbot_odom/share/colcon-core/packages/carbot_odom)
[54.603s] Level 1:colcon.colcon_core.environment:create_environment_scripts_only(carbot_odom)
[54.611s] Level 1:colcon.colcon_core.environment:checking '/home/henry/Workspace/SIT_Carbot/Carbot_Ros/install/carbot_odom' for CMake module files
[54.613s] Level 1:colcon.colcon_core.environment:checking '/home/henry/Workspace/SIT_Carbot/Carbot_Ros/install/carbot_odom' for CMake config files
[54.614s] Level 1:colcon.colcon_core.shell:create_environment_hook('carbot_odom', 'cmake_prefix_path')
[54.619s] INFO:colcon.colcon_core.shell:Creating environment hook '/home/henry/Workspace/SIT_Carbot/Carbot_Ros/install/carbot_odom/share/carbot_odom/hook/cmake_prefix_path.ps1'
[54.621s] INFO:colcon.colcon_core.shell:Creating environment descriptor '/home/henry/Workspace/SIT_Carbot/Carbot_Ros/install/carbot_odom/share/carbot_odom/hook/cmake_prefix_path.dsv'
[54.624s] INFO:colcon.colcon_core.shell:Creating environment hook '/home/henry/Workspace/SIT_Carbot/Carbot_Ros/install/carbot_odom/share/carbot_odom/hook/cmake_prefix_path.sh'
[54.626s] Level 1:colcon.colcon_core.environment:checking '/home/henry/Workspace/SIT_Carbot/Carbot_Ros/install/carbot_odom/lib'
[54.627s] Level 1:colcon.colcon_core.environment:checking '/home/henry/Workspace/SIT_Carbot/Carbot_Ros/install/carbot_odom/bin'
[54.627s] Level 1:colcon.colcon_core.environment:checking '/home/henry/Workspace/SIT_Carbot/Carbot_Ros/install/carbot_odom/lib/pkgconfig/carbot_odom.pc'
[54.628s] Level 1:colcon.colcon_core.environment:checking '/home/henry/Workspace/SIT_Carbot/Carbot_Ros/install/carbot_odom/lib/python3.10/site-packages'
[54.629s] Level 1:colcon.colcon_core.environment:checking '/home/henry/Workspace/SIT_Carbot/Carbot_Ros/install/carbot_odom/bin'
[54.635s] INFO:colcon.colcon_core.shell:Creating package script '/home/henry/Workspace/SIT_Carbot/Carbot_Ros/install/carbot_odom/share/carbot_odom/package.ps1'
[54.637s] INFO:colcon.colcon_core.shell:Creating package descriptor '/home/henry/Workspace/SIT_Carbot/Carbot_Ros/install/carbot_odom/share/carbot_odom/package.dsv'
[54.640s] INFO:colcon.colcon_core.shell:Creating package script '/home/henry/Workspace/SIT_Carbot/Carbot_Ros/install/carbot_odom/share/carbot_odom/package.sh'
[54.642s] INFO:colcon.colcon_core.shell:Creating package script '/home/henry/Workspace/SIT_Carbot/Carbot_Ros/install/carbot_odom/share/carbot_odom/package.bash'
[54.644s] INFO:colcon.colcon_core.shell:Creating package script '/home/henry/Workspace/SIT_Carbot/Carbot_Ros/install/carbot_odom/share/carbot_odom/package.zsh'
[54.646s] Level 1:colcon.colcon_core.environment:create_file_with_runtime_dependencies(/home/henry/Workspace/SIT_Carbot/Carbot_Ros/install/carbot_odom/share/colcon-core/packages/carbot_odom)
[54.647s] DEBUG:colcon.colcon_parallel_executor.executor.parallel:closing loop
[54.649s] DEBUG:colcon.colcon_parallel_executor.executor.parallel:loop closed
[54.649s] DEBUG:colcon.colcon_parallel_executor.executor.parallel:run_until_complete finished with '0'
[54.650s] DEBUG:colcon.colcon_core.event_reactor:joining thread
[54.676s] INFO:colcon.colcon_core.plugin_system:Skipping extension 'colcon_notification.desktop_notification.notify_send': Could not find 'notify-send'
[54.676s] INFO:colcon.colcon_core.plugin_system:Skipping extension 'colcon_notification.desktop_notification.terminal_notifier': Not used on non-Darwin systems
[54.676s] INFO:colcon.colcon_core.plugin_system:Skipping extension 'colcon_notification.desktop_notification.win32': Not used on non-Windows systems
[54.676s] INFO:colcon.colcon_notification.desktop_notification:Sending desktop notification using 'notify2'
[54.736s] DEBUG:colcon.colcon_notification.desktop_notification.notify2:Failed to initialize notify2: org.freedesktop.DBus.Error.ServiceUnknown: The name org.freedesktop.Notifications was not provided by any .service files
[54.737s] DEBUG:colcon.colcon_core.event_reactor:joined thread
[54.742s] INFO:colcon.colcon_core.shell:Creating prefix script '/home/henry/Workspace/SIT_Carbot/Carbot_Ros/install/local_setup.ps1'
[54.746s] INFO:colcon.colcon_core.shell:Creating prefix util module '/home/henry/Workspace/SIT_Carbot/Carbot_Ros/install/_local_setup_util_ps1.py'
[54.754s] INFO:colcon.colcon_core.shell:Creating prefix chain script '/home/henry/Workspace/SIT_Carbot/Carbot_Ros/install/setup.ps1'
[54.763s] INFO:colcon.colcon_core.shell:Creating prefix script '/home/henry/Workspace/SIT_Carbot/Carbot_Ros/install/local_setup.sh'
[54.766s] INFO:colcon.colcon_core.shell:Creating prefix util module '/home/henry/Workspace/SIT_Carbot/Carbot_Ros/install/_local_setup_util_sh.py'
[54.769s] INFO:colcon.colcon_core.shell:Creating prefix chain script '/home/henry/Workspace/SIT_Carbot/Carbot_Ros/install/setup.sh'
[54.778s] INFO:colcon.colcon_core.shell:Creating prefix script '/home/henry/Workspace/SIT_Carbot/Carbot_Ros/install/local_setup.bash'
[54.783s] INFO:colcon.colcon_core.shell:Creating prefix chain script '/home/henry/Workspace/SIT_Carbot/Carbot_Ros/install/setup.bash'
[54.792s] INFO:colcon.colcon_core.shell:Creating prefix script '/home/henry/Workspace/SIT_Carbot/Carbot_Ros/install/local_setup.zsh'
[54.795s] INFO:colcon.colcon_core.shell:Creating prefix chain script '/home/henry/Workspace/SIT_Carbot/Carbot_Ros/install/setup.zsh'
