running egg_info
writing ../../build/carbot_imu/carbot_imu.egg-info/PKG-INFO
writing dependency_links to ../../build/carbot_imu/carbot_imu.egg-info/dependency_links.txt
writing entry points to ../../build/carbot_imu/carbot_imu.egg-info/entry_points.txt
writing requirements to ../../build/carbot_imu/carbot_imu.egg-info/requires.txt
writing top-level names to ../../build/carbot_imu/carbot_imu.egg-info/top_level.txt
reading manifest file '../../build/carbot_imu/carbot_imu.egg-info/SOURCES.txt'
writing manifest file '../../build/carbot_imu/carbot_imu.egg-info/SOURCES.txt'
running build
running build_py
copying carbot_imu/carbot_imu_data.py -> /home/henry/Workspace/SIT_Carbot/Carbot_Ros/build/carbot_imu/build/lib/carbot_imu
running install
/usr/lib/python3/dist-packages/setuptools/command/install.py:34: SetuptoolsDeprecationWarning: setup.py install is deprecated. Use build and pip and other standards-based tools.
  warnings.warn(
running install_lib
copying /home/henry/Workspace/SIT_Carbot/Carbot_Ros/build/carbot_imu/build/lib/carbot_imu/carbot_imu_data.py -> /home/henry/Workspace/SIT_Carbot/Carbot_Ros/install/carbot_imu/lib/python3.10/site-packages/carbot_imu
byte-compiling /home/henry/Workspace/SIT_Carbot/Carbot_Ros/install/carbot_imu/lib/python3.10/site-packages/carbot_imu/carbot_imu_data.py to carbot_imu_data.cpython-310.pyc
running install_data
running install_egg_info
removing '/home/henry/Workspace/SIT_Carbot/Carbot_Ros/install/carbot_imu/lib/python3.10/site-packages/carbot_imu-0.0.0-py3.10.egg-info' (and everything under it)
Copying ../../build/carbot_imu/carbot_imu.egg-info to /home/henry/Workspace/SIT_Carbot/Carbot_Ros/install/carbot_imu/lib/python3.10/site-packages/carbot_imu-0.0.0-py3.10.egg-info
running install_scripts
Installing carbot_imu_data script to /home/henry/Workspace/SIT_Carbot/Carbot_Ros/install/carbot_imu/lib/carbot_imu
writing list of installed files to '/home/henry/Workspace/SIT_Carbot/Carbot_Ros/build/carbot_imu/install.log'
