[6.329s] Invoking command in '/home/henry/Workspace/SIT_Carbot/Carbot_Ros/src/carbot_driver': PYTHONPATH=/home/henry/Workspace/SIT_Carbot/Carbot_Ros/build/carbot_driver/prefix_override:/home/henry/Workspace/SIT_Carbot/Carbot_Ros/install/carbot_driver/lib/python3.10/site-packages:${PYTHONPATH} /usr/bin/python3 setup.py egg_info --egg-base ../../build/carbot_driver build --build-base /home/henry/Workspace/SIT_Carbot/Carbot_Ros/build/carbot_driver/build install --record /home/henry/Workspace/SIT_Carbot/Carbot_Ros/build/carbot_driver/install.log --single-version-externally-managed
[7.621s] running egg_info
[7.624s] writing ../../build/carbot_driver/carbot_driver.egg-info/PKG-INFO
[7.624s] writing dependency_links to ../../build/carbot_driver/carbot_driver.egg-info/dependency_links.txt
[7.626s] writing entry points to ../../build/carbot_driver/carbot_driver.egg-info/entry_points.txt
[7.626s] writing requirements to ../../build/carbot_driver/carbot_driver.egg-info/requires.txt
[7.627s] writing top-level names to ../../build/carbot_driver/carbot_driver.egg-info/top_level.txt
[7.643s] reading manifest file '../../build/carbot_driver/carbot_driver.egg-info/SOURCES.txt'
[7.655s] writing manifest file '../../build/carbot_driver/carbot_driver.egg-info/SOURCES.txt'
[7.656s] running build
[7.657s] running build_py
[7.658s] running install
[7.665s] /usr/lib/python3/dist-packages/setuptools/command/install.py:34: SetuptoolsDeprecationWarning: setup.py install is deprecated. Use build and pip and other standards-based tools.
[7.666s]   warnings.warn(
[7.667s] running install_lib
[7.680s] running install_data
[7.684s] running install_egg_info
[7.697s] removing '/home/henry/Workspace/SIT_Carbot/Carbot_Ros/install/carbot_driver/lib/python3.10/site-packages/carbot_driver-0.0.0-py3.10.egg-info' (and everything under it)
[7.700s] Copying ../../build/carbot_driver/carbot_driver.egg-info to /home/henry/Workspace/SIT_Carbot/Carbot_Ros/install/carbot_driver/lib/python3.10/site-packages/carbot_driver-0.0.0-py3.10.egg-info
[7.711s] running install_scripts
[7.930s] Installing carbot_driver script to /home/henry/Workspace/SIT_Carbot/Carbot_Ros/install/carbot_driver/lib/carbot_driver
[7.939s] writing list of installed files to '/home/henry/Workspace/SIT_Carbot/Carbot_Ros/build/carbot_driver/install.log'
[8.165s] Invoked command in '/home/henry/Workspace/SIT_Carbot/Carbot_Ros/src/carbot_driver' returned '0': PYTHONPATH=/home/henry/Workspace/SIT_Carbot/Carbot_Ros/build/carbot_driver/prefix_override:/home/henry/Workspace/SIT_Carbot/Carbot_Ros/install/carbot_driver/lib/python3.10/site-packages:${PYTHONPATH} /usr/bin/python3 setup.py egg_info --egg-base ../../build/carbot_driver build --build-base /home/henry/Workspace/SIT_Carbot/Carbot_Ros/build/carbot_driver/build install --record /home/henry/Workspace/SIT_Carbot/Carbot_Ros/build/carbot_driver/install.log --single-version-externally-managed
