running egg_info
creating ../../build/carbot_launch/carbot_launch.egg-info
writing ../../build/carbot_launch/carbot_launch.egg-info/PKG-INFO
writing dependency_links to ../../build/carbot_launch/carbot_launch.egg-info/dependency_links.txt
writing entry points to ../../build/carbot_launch/carbot_launch.egg-info/entry_points.txt
writing requirements to ../../build/carbot_launch/carbot_launch.egg-info/requires.txt
writing top-level names to ../../build/carbot_launch/carbot_launch.egg-info/top_level.txt
writing manifest file '../../build/carbot_launch/carbot_launch.egg-info/SOURCES.txt'
reading manifest file '../../build/carbot_launch/carbot_launch.egg-info/SOURCES.txt'
writing manifest file '../../build/carbot_launch/carbot_launch.egg-info/SOURCES.txt'
/usr/lib/python3/dist-packages/setuptools/command/install.py:34: SetuptoolsDeprecationWarning: setup.py install is deprecated. Use build and pip and other standards-based tools.
running build
running build_py
creating /home/henry/Workspace/SIT_Carbot/Carbot_Ros/build/carbot_launch/build
creating /home/henry/Workspace/SIT_Carbot/Carbot_Ros/build/carbot_launch/build/lib
creating /home/henry/Workspace/SIT_Carbot/Carbot_Ros/build/carbot_launch/build/lib/carbot_launch
copying carbot_launch/__init__.py -> /home/henry/Workspace/SIT_Carbot/Carbot_Ros/build/carbot_launch/build/lib/carbot_launch
running install
  warnings.warn(
running install_lib
creating /home/henry/Workspace/SIT_Carbot/Carbot_Ros/install/carbot_launch/lib/python3.10/site-packages/carbot_launch
copying /home/henry/Workspace/SIT_Carbot/Carbot_Ros/build/carbot_launch/build/lib/carbot_launch/__init__.py -> /home/henry/Workspace/SIT_Carbot/Carbot_Ros/install/carbot_launch/lib/python3.10/site-packages/carbot_launch
byte-compiling /home/henry/Workspace/SIT_Carbot/Carbot_Ros/install/carbot_launch/lib/python3.10/site-packages/carbot_launch/__init__.py to __init__.cpython-310.pyc
running install_data
creating /home/henry/Workspace/SIT_Carbot/Carbot_Ros/install/carbot_launch/share/ament_index
creating /home/henry/Workspace/SIT_Carbot/Carbot_Ros/install/carbot_launch/share/ament_index/resource_index
creating /home/henry/Workspace/SIT_Carbot/Carbot_Ros/install/carbot_launch/share/ament_index/resource_index/packages
copying resource/carbot_launch -> /home/henry/Workspace/SIT_Carbot/Carbot_Ros/install/carbot_launch/share/ament_index/resource_index/packages
copying package.xml -> /home/henry/Workspace/SIT_Carbot/Carbot_Ros/install/carbot_launch/share/carbot_launch
creating /home/henry/Workspace/SIT_Carbot/Carbot_Ros/install/carbot_launch/share/carbot_launch/launch
copying launch/carbot.launch.py -> /home/henry/Workspace/SIT_Carbot/Carbot_Ros/install/carbot_launch/share/carbot_launch/launch
running install_egg_info
Copying ../../build/carbot_launch/carbot_launch.egg-info to /home/henry/Workspace/SIT_Carbot/Carbot_Ros/install/carbot_launch/lib/python3.10/site-packages/carbot_launch-0.0.0-py3.10.egg-info
running install_scripts
writing list of installed files to '/home/henry/Workspace/SIT_Carbot/Carbot_Ros/build/carbot_launch/install.log'
