[7.183s] Invoking command in '/home/henry/Workspace/SIT_Carbot/Carbot_Ros/src/carbot_launch': PYTHONPATH=/home/henry/Workspace/SIT_Carbot/Carbot_Ros/build/carbot_launch/prefix_override:/home/henry/Workspace/SIT_Carbot/Carbot_Ros/install/carbot_launch/lib/python3.10/site-packages:${PYTHONPATH} /usr/bin/python3 setup.py egg_info --egg-base ../../build/carbot_launch build --build-base /home/henry/Workspace/SIT_Carbot/Carbot_Ros/build/carbot_launch/build install --record /home/henry/Workspace/SIT_Carbot/Carbot_Ros/build/carbot_launch/install.log --single-version-externally-managed
[8.839s] running egg_info
[8.851s] creating ../../build/carbot_launch/carbot_launch.egg-info
[8.853s] writing ../../build/carbot_launch/carbot_launch.egg-info/PKG-INFO
[8.854s] writing dependency_links to ../../build/carbot_launch/carbot_launch.egg-info/dependency_links.txt
[8.855s] writing entry points to ../../build/carbot_launch/carbot_launch.egg-info/entry_points.txt
[8.857s] writing requirements to ../../build/carbot_launch/carbot_launch.egg-info/requires.txt
[8.857s] writing top-level names to ../../build/carbot_launch/carbot_launch.egg-info/top_level.txt
[8.858s] writing manifest file '../../build/carbot_launch/carbot_launch.egg-info/SOURCES.txt'
[8.882s] reading manifest file '../../build/carbot_launch/carbot_launch.egg-info/SOURCES.txt'
[8.884s] writing manifest file '../../build/carbot_launch/carbot_launch.egg-info/SOURCES.txt'
[8.886s] /usr/lib/python3/dist-packages/setuptools/command/install.py:34: SetuptoolsDeprecationWarning: setup.py install is deprecated. Use build and pip and other standards-based tools.
[8.888s] running build
[8.889s] running build_py
[8.890s] creating /home/henry/Workspace/SIT_Carbot/Carbot_Ros/build/carbot_launch/build
[8.891s] creating /home/henry/Workspace/SIT_Carbot/Carbot_Ros/build/carbot_launch/build/lib
[8.892s] creating /home/henry/Workspace/SIT_Carbot/Carbot_Ros/build/carbot_launch/build/lib/carbot_launch
[8.893s] copying carbot_launch/__init__.py -> /home/henry/Workspace/SIT_Carbot/Carbot_Ros/build/carbot_launch/build/lib/carbot_launch
[8.894s] running install
[8.895s]   warnings.warn(
[8.902s] running install_lib
[8.906s] creating /home/henry/Workspace/SIT_Carbot/Carbot_Ros/install/carbot_launch/lib/python3.10/site-packages/carbot_launch
[8.908s] copying /home/henry/Workspace/SIT_Carbot/Carbot_Ros/build/carbot_launch/build/lib/carbot_launch/__init__.py -> /home/henry/Workspace/SIT_Carbot/Carbot_Ros/install/carbot_launch/lib/python3.10/site-packages/carbot_launch
[8.909s] byte-compiling /home/henry/Workspace/SIT_Carbot/Carbot_Ros/install/carbot_launch/lib/python3.10/site-packages/carbot_launch/__init__.py to __init__.cpython-310.pyc
[8.910s] running install_data
[8.911s] creating /home/henry/Workspace/SIT_Carbot/Carbot_Ros/install/carbot_launch/share/ament_index
[8.912s] creating /home/henry/Workspace/SIT_Carbot/Carbot_Ros/install/carbot_launch/share/ament_index/resource_index
[8.913s] creating /home/henry/Workspace/SIT_Carbot/Carbot_Ros/install/carbot_launch/share/ament_index/resource_index/packages
[8.914s] copying resource/carbot_launch -> /home/henry/Workspace/SIT_Carbot/Carbot_Ros/install/carbot_launch/share/ament_index/resource_index/packages
[8.915s] copying package.xml -> /home/henry/Workspace/SIT_Carbot/Carbot_Ros/install/carbot_launch/share/carbot_launch
[8.916s] creating /home/henry/Workspace/SIT_Carbot/Carbot_Ros/install/carbot_launch/share/carbot_launch/launch
[8.916s] copying launch/carbot.launch.py -> /home/henry/Workspace/SIT_Carbot/Carbot_Ros/install/carbot_launch/share/carbot_launch/launch
[8.918s] running install_egg_info
[8.926s] Copying ../../build/carbot_launch/carbot_launch.egg-info to /home/henry/Workspace/SIT_Carbot/Carbot_Ros/install/carbot_launch/lib/python3.10/site-packages/carbot_launch-0.0.0-py3.10.egg-info
[8.943s] running install_scripts
[9.048s] writing list of installed files to '/home/henry/Workspace/SIT_Carbot/Carbot_Ros/build/carbot_launch/install.log'
[9.178s] Invoked command in '/home/henry/Workspace/SIT_Carbot/Carbot_Ros/src/carbot_launch' returned '0': PYTHONPATH=/home/henry/Workspace/SIT_Carbot/Carbot_Ros/build/carbot_launch/prefix_override:/home/henry/Workspace/SIT_Carbot/Carbot_Ros/install/carbot_launch/lib/python3.10/site-packages:${PYTHONPATH} /usr/bin/python3 setup.py egg_info --egg-base ../../build/carbot_launch build --build-base /home/henry/Workspace/SIT_Carbot/Carbot_Ros/build/carbot_launch/build install --record /home/henry/Workspace/SIT_Carbot/Carbot_Ros/build/carbot_launch/install.log --single-version-externally-managed
