[1.437s] DEBUG:colcon:Command line arguments: ['/usr/bin/colcon', 'build']
[1.437s] DEBUG:colcon:Parsed command line arguments: Namespace(log_base=None, log_level=None, verb_name='build', build_base='build', install_base='install', merge_install=False, symlink_install=False, test_result_base=None, continue_on_error=False, executor='parallel', parallel_workers=4, event_handlers=None, ignore_user_meta=False, metas=['./colcon.meta'], base_paths=['.'], packages_ignore=None, packages_ignore_regex=None, paths=None, packages_up_to=None, packages_up_to_regex=None, packages_above=None, packages_above_and_dependencies=None, packages_above_depth=None, packages_select_by_dep=None, packages_skip_by_dep=None, packages_skip_up_to=None, packages_select_build_failed=False, packages_skip_build_finished=False, packages_select_test_failures=False, packages_skip_test_passed=False, packages_select=None, packages_skip=None, packages_select_regex=None, packages_skip_regex=None, packages_start=None, packages_end=None, allow_overriding=[], cmake_args=None, cmake_target=None, cmake_target_skip_unavailable=False, cmake_clean_cache=False, cmake_clean_first=False, cmake_force_configure=False, ament_cmake_args=None, catkin_cmake_args=None, catkin_skip_building_tests=False, verb_parser=<colcon_defaults.argument_parser.defaults.DefaultArgumentsDecorator object at 0xffffb8f70640>, verb_extension=<colcon_core.verb.build.BuildVerb object at 0xffffb9989030>, main=<bound method BuildVerb.main of <colcon_core.verb.build.BuildVerb object at 0xffffb9989030>>)
[1.669s] Level 1:colcon.colcon_core.package_discovery:discover_packages(colcon_meta) check parameters
[1.669s] Level 1:colcon.colcon_core.package_discovery:discover_packages(recursive) check parameters
[1.670s] Level 1:colcon.colcon_core.package_discovery:discover_packages(ignore) check parameters
[1.670s] Level 1:colcon.colcon_core.package_discovery:discover_packages(path) check parameters
[1.670s] Level 1:colcon.colcon_core.package_discovery:discover_packages(colcon_meta) discover
[1.670s] Level 1:colcon.colcon_core.package_discovery:discover_packages(recursive) discover
[1.670s] INFO:colcon.colcon_core.package_discovery:Crawling recursively for packages in '/home/henry/Workspace/SIT_Carbot/Carbot_Ros'
[1.671s] Level 1:colcon.colcon_core.package_identification:_identify(.) by extensions ['ignore', 'ignore_ament_install']
[1.671s] Level 1:colcon.colcon_core.package_identification:_identify(.) by extension 'ignore'
[1.671s] Level 1:colcon.colcon_core.package_identification:_identify(.) by extension 'ignore_ament_install'
[1.671s] Level 1:colcon.colcon_core.package_identification:_identify(.) by extensions ['colcon_pkg']
[1.672s] Level 1:colcon.colcon_core.package_identification:_identify(.) by extension 'colcon_pkg'
[1.672s] Level 1:colcon.colcon_core.package_identification:_identify(.) by extensions ['colcon_meta']
[1.672s] Level 1:colcon.colcon_core.package_identification:_identify(.) by extension 'colcon_meta'
[1.672s] Level 1:colcon.colcon_core.package_identification:_identify(.) by extensions ['ros']
[1.672s] Level 1:colcon.colcon_core.package_identification:_identify(.) by extension 'ros'
[1.729s] Level 1:colcon.colcon_core.package_identification:_identify(.) by extensions ['cmake', 'python']
[1.729s] Level 1:colcon.colcon_core.package_identification:_identify(.) by extension 'cmake'
[1.729s] Level 1:colcon.colcon_core.package_identification:_identify(.) by extension 'python'
[1.729s] Level 1:colcon.colcon_core.package_identification:_identify(.) by extensions ['python_setup_py']
[1.729s] Level 1:colcon.colcon_core.package_identification:_identify(.) by extension 'python_setup_py'
[1.730s] Level 1:colcon.colcon_core.package_identification:_identify(build) by extensions ['ignore', 'ignore_ament_install']
[1.730s] Level 1:colcon.colcon_core.package_identification:_identify(build) by extension 'ignore'
[1.730s] Level 1:colcon.colcon_core.package_identification:_identify(build) ignored
[1.731s] Level 1:colcon.colcon_core.package_identification:_identify(install) by extensions ['ignore', 'ignore_ament_install']
[1.731s] Level 1:colcon.colcon_core.package_identification:_identify(install) by extension 'ignore'
[1.731s] Level 1:colcon.colcon_core.package_identification:_identify(install) ignored
[1.732s] Level 1:colcon.colcon_core.package_identification:_identify(log) by extensions ['ignore', 'ignore_ament_install']
[1.732s] Level 1:colcon.colcon_core.package_identification:_identify(log) by extension 'ignore'
[1.732s] Level 1:colcon.colcon_core.package_identification:_identify(log) ignored
[1.733s] Level 1:colcon.colcon_core.package_identification:_identify(src) by extensions ['ignore', 'ignore_ament_install']
[1.733s] Level 1:colcon.colcon_core.package_identification:_identify(src) by extension 'ignore'
[1.733s] Level 1:colcon.colcon_core.package_identification:_identify(src) by extension 'ignore_ament_install'
[1.733s] Level 1:colcon.colcon_core.package_identification:_identify(src) by extensions ['colcon_pkg']
[1.733s] Level 1:colcon.colcon_core.package_identification:_identify(src) by extension 'colcon_pkg'
[1.734s] Level 1:colcon.colcon_core.package_identification:_identify(src) by extensions ['colcon_meta']
[1.734s] Level 1:colcon.colcon_core.package_identification:_identify(src) by extension 'colcon_meta'
[1.734s] Level 1:colcon.colcon_core.package_identification:_identify(src) by extensions ['ros']
[1.734s] Level 1:colcon.colcon_core.package_identification:_identify(src) by extension 'ros'
[1.734s] Level 1:colcon.colcon_core.package_identification:_identify(src) by extensions ['cmake', 'python']
[1.734s] Level 1:colcon.colcon_core.package_identification:_identify(src) by extension 'cmake'
[1.735s] Level 1:colcon.colcon_core.package_identification:_identify(src) by extension 'python'
[1.735s] Level 1:colcon.colcon_core.package_identification:_identify(src) by extensions ['python_setup_py']
[1.735s] Level 1:colcon.colcon_core.package_identification:_identify(src) by extension 'python_setup_py'
[1.735s] Level 1:colcon.colcon_core.package_identification:_identify(src/carbot_driver) by extensions ['ignore', 'ignore_ament_install']
[1.736s] Level 1:colcon.colcon_core.package_identification:_identify(src/carbot_driver) by extension 'ignore'
[1.736s] Level 1:colcon.colcon_core.package_identification:_identify(src/carbot_driver) by extension 'ignore_ament_install'
[1.736s] Level 1:colcon.colcon_core.package_identification:_identify(src/carbot_driver) by extensions ['colcon_pkg']
[1.736s] Level 1:colcon.colcon_core.package_identification:_identify(src/carbot_driver) by extension 'colcon_pkg'
[1.736s] Level 1:colcon.colcon_core.package_identification:_identify(src/carbot_driver) by extensions ['colcon_meta']
[1.737s] Level 1:colcon.colcon_core.package_identification:_identify(src/carbot_driver) by extension 'colcon_meta'
[1.737s] Level 1:colcon.colcon_core.package_identification:_identify(src/carbot_driver) by extensions ['ros']
[1.737s] Level 1:colcon.colcon_core.package_identification:_identify(src/carbot_driver) by extension 'ros'
[1.747s] DEBUG:colcon.colcon_core.package_identification:Package 'src/carbot_driver' with type 'ros.ament_python' and name 'carbot_driver'
[1.748s] Level 1:colcon.colcon_core.package_identification:_identify(src/carbot_imu) by extensions ['ignore', 'ignore_ament_install']
[1.748s] Level 1:colcon.colcon_core.package_identification:_identify(src/carbot_imu) by extension 'ignore'
[1.748s] Level 1:colcon.colcon_core.package_identification:_identify(src/carbot_imu) by extension 'ignore_ament_install'
[1.748s] Level 1:colcon.colcon_core.package_identification:_identify(src/carbot_imu) by extensions ['colcon_pkg']
[1.749s] Level 1:colcon.colcon_core.package_identification:_identify(src/carbot_imu) by extension 'colcon_pkg'
[1.749s] Level 1:colcon.colcon_core.package_identification:_identify(src/carbot_imu) by extensions ['colcon_meta']
[1.749s] Level 1:colcon.colcon_core.package_identification:_identify(src/carbot_imu) by extension 'colcon_meta'
[1.749s] Level 1:colcon.colcon_core.package_identification:_identify(src/carbot_imu) by extensions ['ros']
[1.749s] Level 1:colcon.colcon_core.package_identification:_identify(src/carbot_imu) by extension 'ros'
[1.755s] DEBUG:colcon.colcon_core.package_identification:Package 'src/carbot_imu' with type 'ros.ament_python' and name 'carbot_imu'
[1.756s] Level 1:colcon.colcon_core.package_identification:_identify(src/carbot_key_ctrl) by extensions ['ignore', 'ignore_ament_install']
[1.756s] Level 1:colcon.colcon_core.package_identification:_identify(src/carbot_key_ctrl) by extension 'ignore'
[1.756s] Level 1:colcon.colcon_core.package_identification:_identify(src/carbot_key_ctrl) by extension 'ignore_ament_install'
[1.757s] Level 1:colcon.colcon_core.package_identification:_identify(src/carbot_key_ctrl) by extensions ['colcon_pkg']
[1.757s] Level 1:colcon.colcon_core.package_identification:_identify(src/carbot_key_ctrl) by extension 'colcon_pkg'
[1.757s] Level 1:colcon.colcon_core.package_identification:_identify(src/carbot_key_ctrl) by extensions ['colcon_meta']
[1.757s] Level 1:colcon.colcon_core.package_identification:_identify(src/carbot_key_ctrl) by extension 'colcon_meta'
[1.757s] Level 1:colcon.colcon_core.package_identification:_identify(src/carbot_key_ctrl) by extensions ['ros']
[1.757s] Level 1:colcon.colcon_core.package_identification:_identify(src/carbot_key_ctrl) by extension 'ros'
[1.759s] DEBUG:colcon.colcon_core.package_identification:Package 'src/carbot_key_ctrl' with type 'ros.ament_python' and name 'carbot_key_ctrl'
[1.760s] Level 1:colcon.colcon_core.package_identification:_identify(src/carbot_odom) by extensions ['ignore', 'ignore_ament_install']
[1.760s] Level 1:colcon.colcon_core.package_identification:_identify(src/carbot_odom) by extension 'ignore'
[1.760s] Level 1:colcon.colcon_core.package_identification:_identify(src/carbot_odom) by extension 'ignore_ament_install'
[1.761s] Level 1:colcon.colcon_core.package_identification:_identify(src/carbot_odom) by extensions ['colcon_pkg']
[1.761s] Level 1:colcon.colcon_core.package_identification:_identify(src/carbot_odom) by extension 'colcon_pkg'
[1.761s] Level 1:colcon.colcon_core.package_identification:_identify(src/carbot_odom) by extensions ['colcon_meta']
[1.761s] Level 1:colcon.colcon_core.package_identification:_identify(src/carbot_odom) by extension 'colcon_meta'
[1.761s] Level 1:colcon.colcon_core.package_identification:_identify(src/carbot_odom) by extensions ['ros']
[1.761s] Level 1:colcon.colcon_core.package_identification:_identify(src/carbot_odom) by extension 'ros'
[1.763s] DEBUG:colcon.colcon_core.package_identification:Package 'src/carbot_odom' with type 'ros.ament_cmake' and name 'carbot_odom'
[1.763s] Level 1:colcon.colcon_core.package_discovery:discover_packages(recursive) using defaults
[1.764s] Level 1:colcon.colcon_core.package_discovery:discover_packages(ignore) discover
[1.764s] Level 1:colcon.colcon_core.package_discovery:discover_packages(ignore) using defaults
[1.764s] Level 1:colcon.colcon_core.package_discovery:discover_packages(path) discover
[1.764s] Level 1:colcon.colcon_core.package_discovery:discover_packages(path) using defaults
[1.862s] Level 1:colcon.colcon_core.package_discovery:discover_packages(prefix_path) check parameters
[1.862s] Level 1:colcon.colcon_core.package_discovery:discover_packages(prefix_path) discover
[1.880s] DEBUG:colcon.colcon_installed_package_information.package_discovery:Found 185 installed packages in /opt/ros/humble
[1.885s] Level 1:colcon.colcon_core.package_discovery:discover_packages(prefix_path) using defaults
[2.055s] Level 5:colcon.colcon_core.verb:set package 'carbot_driver' build argument 'cmake_args' from command line to 'None'
[2.056s] Level 5:colcon.colcon_core.verb:set package 'carbot_driver' build argument 'cmake_target' from command line to 'None'
[2.056s] Level 5:colcon.colcon_core.verb:set package 'carbot_driver' build argument 'cmake_target_skip_unavailable' from command line to 'False'
[2.056s] Level 5:colcon.colcon_core.verb:set package 'carbot_driver' build argument 'cmake_clean_cache' from command line to 'False'
[2.056s] Level 5:colcon.colcon_core.verb:set package 'carbot_driver' build argument 'cmake_clean_first' from command line to 'False'
[2.056s] Level 5:colcon.colcon_core.verb:set package 'carbot_driver' build argument 'cmake_force_configure' from command line to 'False'
[2.056s] Level 5:colcon.colcon_core.verb:set package 'carbot_driver' build argument 'ament_cmake_args' from command line to 'None'
[2.057s] Level 5:colcon.colcon_core.verb:set package 'carbot_driver' build argument 'catkin_cmake_args' from command line to 'None'
[2.057s] Level 5:colcon.colcon_core.verb:set package 'carbot_driver' build argument 'catkin_skip_building_tests' from command line to 'False'
[2.057s] DEBUG:colcon.colcon_core.verb:Building package 'carbot_driver' with the following arguments: {'ament_cmake_args': None, 'build_base': '/home/henry/Workspace/SIT_Carbot/Carbot_Ros/build/carbot_driver', 'catkin_cmake_args': None, 'catkin_skip_building_tests': False, 'cmake_args': None, 'cmake_clean_cache': False, 'cmake_clean_first': False, 'cmake_force_configure': False, 'cmake_target': None, 'cmake_target_skip_unavailable': False, 'install_base': '/home/henry/Workspace/SIT_Carbot/Carbot_Ros/install/carbot_driver', 'merge_install': False, 'path': '/home/henry/Workspace/SIT_Carbot/Carbot_Ros/src/carbot_driver', 'symlink_install': False, 'test_result_base': None}
[2.061s] Level 5:colcon.colcon_core.verb:set package 'carbot_imu' build argument 'cmake_args' from command line to 'None'
[2.061s] Level 5:colcon.colcon_core.verb:set package 'carbot_imu' build argument 'cmake_target' from command line to 'None'
[2.061s] Level 5:colcon.colcon_core.verb:set package 'carbot_imu' build argument 'cmake_target_skip_unavailable' from command line to 'False'
[2.061s] Level 5:colcon.colcon_core.verb:set package 'carbot_imu' build argument 'cmake_clean_cache' from command line to 'False'
[2.062s] Level 5:colcon.colcon_core.verb:set package 'carbot_imu' build argument 'cmake_clean_first' from command line to 'False'
[2.062s] Level 5:colcon.colcon_core.verb:set package 'carbot_imu' build argument 'cmake_force_configure' from command line to 'False'
[2.062s] Level 5:colcon.colcon_core.verb:set package 'carbot_imu' build argument 'ament_cmake_args' from command line to 'None'
[2.062s] Level 5:colcon.colcon_core.verb:set package 'carbot_imu' build argument 'catkin_cmake_args' from command line to 'None'
[2.062s] Level 5:colcon.colcon_core.verb:set package 'carbot_imu' build argument 'catkin_skip_building_tests' from command line to 'False'
[2.062s] DEBUG:colcon.colcon_core.verb:Building package 'carbot_imu' with the following arguments: {'ament_cmake_args': None, 'build_base': '/home/henry/Workspace/SIT_Carbot/Carbot_Ros/build/carbot_imu', 'catkin_cmake_args': None, 'catkin_skip_building_tests': False, 'cmake_args': None, 'cmake_clean_cache': False, 'cmake_clean_first': False, 'cmake_force_configure': False, 'cmake_target': None, 'cmake_target_skip_unavailable': False, 'install_base': '/home/henry/Workspace/SIT_Carbot/Carbot_Ros/install/carbot_imu', 'merge_install': False, 'path': '/home/henry/Workspace/SIT_Carbot/Carbot_Ros/src/carbot_imu', 'symlink_install': False, 'test_result_base': None}
[2.066s] Level 5:colcon.colcon_core.verb:set package 'carbot_key_ctrl' build argument 'cmake_args' from command line to 'None'
[2.066s] Level 5:colcon.colcon_core.verb:set package 'carbot_key_ctrl' build argument 'cmake_target' from command line to 'None'
[2.066s] Level 5:colcon.colcon_core.verb:set package 'carbot_key_ctrl' build argument 'cmake_target_skip_unavailable' from command line to 'False'
[2.066s] Level 5:colcon.colcon_core.verb:set package 'carbot_key_ctrl' build argument 'cmake_clean_cache' from command line to 'False'
[2.066s] Level 5:colcon.colcon_core.verb:set package 'carbot_key_ctrl' build argument 'cmake_clean_first' from command line to 'False'
[2.067s] Level 5:colcon.colcon_core.verb:set package 'carbot_key_ctrl' build argument 'cmake_force_configure' from command line to 'False'
[2.067s] Level 5:colcon.colcon_core.verb:set package 'carbot_key_ctrl' build argument 'ament_cmake_args' from command line to 'None'
[2.067s] Level 5:colcon.colcon_core.verb:set package 'carbot_key_ctrl' build argument 'catkin_cmake_args' from command line to 'None'
[2.067s] Level 5:colcon.colcon_core.verb:set package 'carbot_key_ctrl' build argument 'catkin_skip_building_tests' from command line to 'False'
[2.067s] DEBUG:colcon.colcon_core.verb:Building package 'carbot_key_ctrl' with the following arguments: {'ament_cmake_args': None, 'build_base': '/home/henry/Workspace/SIT_Carbot/Carbot_Ros/build/carbot_key_ctrl', 'catkin_cmake_args': None, 'catkin_skip_building_tests': False, 'cmake_args': None, 'cmake_clean_cache': False, 'cmake_clean_first': False, 'cmake_force_configure': False, 'cmake_target': None, 'cmake_target_skip_unavailable': False, 'install_base': '/home/henry/Workspace/SIT_Carbot/Carbot_Ros/install/carbot_key_ctrl', 'merge_install': False, 'path': '/home/henry/Workspace/SIT_Carbot/Carbot_Ros/src/carbot_key_ctrl', 'symlink_install': False, 'test_result_base': None}
[2.071s] Level 5:colcon.colcon_core.verb:set package 'carbot_odom' build argument 'cmake_args' from command line to 'None'
[2.071s] Level 5:colcon.colcon_core.verb:set package 'carbot_odom' build argument 'cmake_target' from command line to 'None'
[2.071s] Level 5:colcon.colcon_core.verb:set package 'carbot_odom' build argument 'cmake_target_skip_unavailable' from command line to 'False'
[2.071s] Level 5:colcon.colcon_core.verb:set package 'carbot_odom' build argument 'cmake_clean_cache' from command line to 'False'
[2.071s] Level 5:colcon.colcon_core.verb:set package 'carbot_odom' build argument 'cmake_clean_first' from command line to 'False'
[2.071s] Level 5:colcon.colcon_core.verb:set package 'carbot_odom' build argument 'cmake_force_configure' from command line to 'False'
[2.071s] Level 5:colcon.colcon_core.verb:set package 'carbot_odom' build argument 'ament_cmake_args' from command line to 'None'
[2.072s] Level 5:colcon.colcon_core.verb:set package 'carbot_odom' build argument 'catkin_cmake_args' from command line to 'None'
[2.072s] Level 5:colcon.colcon_core.verb:set package 'carbot_odom' build argument 'catkin_skip_building_tests' from command line to 'False'
[2.072s] DEBUG:colcon.colcon_core.verb:Building package 'carbot_odom' with the following arguments: {'ament_cmake_args': None, 'build_base': '/home/henry/Workspace/SIT_Carbot/Carbot_Ros/build/carbot_odom', 'catkin_cmake_args': None, 'catkin_skip_building_tests': False, 'cmake_args': None, 'cmake_clean_cache': False, 'cmake_clean_first': False, 'cmake_force_configure': False, 'cmake_target': None, 'cmake_target_skip_unavailable': False, 'install_base': '/home/henry/Workspace/SIT_Carbot/Carbot_Ros/install/carbot_odom', 'merge_install': False, 'path': '/home/henry/Workspace/SIT_Carbot/Carbot_Ros/src/carbot_odom', 'symlink_install': False, 'test_result_base': None}
[2.074s] INFO:colcon.colcon_core.executor:Executing jobs using 'parallel' executor
[2.087s] DEBUG:colcon.colcon_parallel_executor.executor.parallel:run_until_complete
[2.089s] INFO:colcon.colcon_ros.task.ament_python.build:Building ROS package in '/home/henry/Workspace/SIT_Carbot/Carbot_Ros/src/carbot_driver' with build type 'ament_python'
[2.090s] Level 1:colcon.colcon_core.shell:create_environment_hook('carbot_driver', 'ament_prefix_path')
[2.114s] INFO:colcon.colcon_core.plugin_system:Skipping extension 'colcon_core.shell.bat': Not used on non-Windows systems
[2.115s] INFO:colcon.colcon_core.shell:Creating environment hook '/home/henry/Workspace/SIT_Carbot/Carbot_Ros/install/carbot_driver/share/carbot_driver/hook/ament_prefix_path.ps1'
[2.118s] INFO:colcon.colcon_core.shell:Creating environment descriptor '/home/henry/Workspace/SIT_Carbot/Carbot_Ros/install/carbot_driver/share/carbot_driver/hook/ament_prefix_path.dsv'
[2.120s] INFO:colcon.colcon_core.shell:Creating environment hook '/home/henry/Workspace/SIT_Carbot/Carbot_Ros/install/carbot_driver/share/carbot_driver/hook/ament_prefix_path.sh'
[2.128s] INFO:colcon.colcon_core.shell:Skip shell extension 'powershell' for command environment: Not usable outside of PowerShell
[2.128s] DEBUG:colcon.colcon_core.shell:Skip shell extension 'dsv' for command environment
[2.144s] INFO:colcon.colcon_ros.task.ament_python.build:Building ROS package in '/home/henry/Workspace/SIT_Carbot/Carbot_Ros/src/carbot_imu' with build type 'ament_python'
[2.145s] Level 1:colcon.colcon_core.shell:create_environment_hook('carbot_imu', 'ament_prefix_path')
[2.150s] INFO:colcon.colcon_core.shell:Creating environment hook '/home/henry/Workspace/SIT_Carbot/Carbot_Ros/install/carbot_imu/share/carbot_imu/hook/ament_prefix_path.ps1'
[2.153s] INFO:colcon.colcon_core.shell:Creating environment descriptor '/home/henry/Workspace/SIT_Carbot/Carbot_Ros/install/carbot_imu/share/carbot_imu/hook/ament_prefix_path.dsv'
[2.155s] INFO:colcon.colcon_core.shell:Creating environment hook '/home/henry/Workspace/SIT_Carbot/Carbot_Ros/install/carbot_imu/share/carbot_imu/hook/ament_prefix_path.sh'
[2.161s] INFO:colcon.colcon_core.shell:Skip shell extension 'powershell' for command environment: Not usable outside of PowerShell
[2.161s] DEBUG:colcon.colcon_core.shell:Skip shell extension 'dsv' for command environment
[2.175s] INFO:colcon.colcon_ros.task.ament_python.build:Building ROS package in '/home/henry/Workspace/SIT_Carbot/Carbot_Ros/src/carbot_key_ctrl' with build type 'ament_python'
[2.176s] Level 1:colcon.colcon_core.shell:create_environment_hook('carbot_key_ctrl', 'ament_prefix_path')
[2.181s] INFO:colcon.colcon_core.shell:Creating environment hook '/home/henry/Workspace/SIT_Carbot/Carbot_Ros/install/carbot_key_ctrl/share/carbot_key_ctrl/hook/ament_prefix_path.ps1'
[2.184s] INFO:colcon.colcon_core.shell:Creating environment descriptor '/home/henry/Workspace/SIT_Carbot/Carbot_Ros/install/carbot_key_ctrl/share/carbot_key_ctrl/hook/ament_prefix_path.dsv'
[2.186s] INFO:colcon.colcon_core.shell:Creating environment hook '/home/henry/Workspace/SIT_Carbot/Carbot_Ros/install/carbot_key_ctrl/share/carbot_key_ctrl/hook/ament_prefix_path.sh'
[2.193s] INFO:colcon.colcon_core.shell:Skip shell extension 'powershell' for command environment: Not usable outside of PowerShell
[2.193s] DEBUG:colcon.colcon_core.shell:Skip shell extension 'dsv' for command environment
[2.209s] INFO:colcon.colcon_ros.task.ament_cmake.build:Building ROS package in '/home/henry/Workspace/SIT_Carbot/Carbot_Ros/src/carbot_odom' with build type 'ament_cmake'
[2.210s] INFO:colcon.colcon_cmake.task.cmake.build:Building CMake package in '/home/henry/Workspace/SIT_Carbot/Carbot_Ros/src/carbot_odom'
[2.215s] INFO:colcon.colcon_core.shell:Skip shell extension 'powershell' for command environment: Not usable outside of PowerShell
[2.216s] DEBUG:colcon.colcon_core.shell:Skip shell extension 'dsv' for command environment
[3.270s] INFO:colcon.colcon_core.task.python.build:Building Python package in '/home/henry/Workspace/SIT_Carbot/Carbot_Ros/src/carbot_driver'
[3.275s] INFO:colcon.colcon_core.shell:Skip shell extension 'powershell' for command environment: Not usable outside of PowerShell
[3.275s] DEBUG:colcon.colcon_core.shell:Skip shell extension 'dsv' for command environment
[4.352s] INFO:colcon.colcon_core.task.python.build:Building Python package in '/home/henry/Workspace/SIT_Carbot/Carbot_Ros/src/carbot_imu'
[4.357s] INFO:colcon.colcon_core.shell:Skip shell extension 'powershell' for command environment: Not usable outside of PowerShell
[4.357s] DEBUG:colcon.colcon_core.shell:Skip shell extension 'dsv' for command environment
[5.463s] INFO:colcon.colcon_core.task.python.build:Building Python package in '/home/henry/Workspace/SIT_Carbot/Carbot_Ros/src/carbot_key_ctrl'
[5.468s] INFO:colcon.colcon_core.shell:Skip shell extension 'powershell' for command environment: Not usable outside of PowerShell
[5.468s] DEBUG:colcon.colcon_core.shell:Skip shell extension 'dsv' for command environment
[5.499s] DEBUG:colcon.colcon_core.event_handler.log_command:Invoking command in '/home/henry/Workspace/SIT_Carbot/Carbot_Ros/build/carbot_odom': CMAKE_PREFIX_PATH=/opt/ros/humble /usr/bin/cmake /home/henry/Workspace/SIT_Carbot/Carbot_Ros/src/carbot_odom -DCMAKE_INSTALL_PREFIX=/home/henry/Workspace/SIT_Carbot/Carbot_Ros/install/carbot_odom
[8.443s] DEBUG:colcon.colcon_core.event_handler.log_command:Invoking command in '/home/henry/Workspace/SIT_Carbot/Carbot_Ros/src/carbot_driver': PYTHONPATH=/home/henry/Workspace/SIT_Carbot/Carbot_Ros/build/carbot_driver/prefix_override:/home/henry/Workspace/SIT_Carbot/Carbot_Ros/install/carbot_driver/lib/python3.10/site-packages:${PYTHONPATH} /usr/bin/python3 setup.py egg_info --egg-base ../../build/carbot_driver build --build-base /home/henry/Workspace/SIT_Carbot/Carbot_Ros/build/carbot_driver/build install --record /home/henry/Workspace/SIT_Carbot/Carbot_Ros/build/carbot_driver/install.log --single-version-externally-managed
[8.481s] DEBUG:colcon.colcon_core.event_handler.log_command:Invoking command in '/home/henry/Workspace/SIT_Carbot/Carbot_Ros/src/carbot_imu': PYTHONPATH=/home/henry/Workspace/SIT_Carbot/Carbot_Ros/build/carbot_imu/prefix_override:/home/henry/Workspace/SIT_Carbot/Carbot_Ros/install/carbot_imu/lib/python3.10/site-packages:${PYTHONPATH} /usr/bin/python3 setup.py egg_info --egg-base ../../build/carbot_imu build --build-base /home/henry/Workspace/SIT_Carbot/Carbot_Ros/build/carbot_imu/build install --record /home/henry/Workspace/SIT_Carbot/Carbot_Ros/build/carbot_imu/install.log --single-version-externally-managed
[8.523s] DEBUG:colcon.colcon_core.event_handler.log_command:Invoking command in '/home/henry/Workspace/SIT_Carbot/Carbot_Ros/src/carbot_key_ctrl': PYTHONPATH=/home/henry/Workspace/SIT_Carbot/Carbot_Ros/build/carbot_key_ctrl/prefix_override:/home/henry/Workspace/SIT_Carbot/Carbot_Ros/install/carbot_key_ctrl/lib/python3.10/site-packages:${PYTHONPATH} /usr/bin/python3 setup.py egg_info --egg-base ../../build/carbot_key_ctrl build --build-base /home/henry/Workspace/SIT_Carbot/Carbot_Ros/build/carbot_key_ctrl/build install --record /home/henry/Workspace/SIT_Carbot/Carbot_Ros/build/carbot_key_ctrl/install.log --single-version-externally-managed
[10.551s] DEBUG:colcon.colcon_core.event_handler.log_command:Invoked command in '/home/henry/Workspace/SIT_Carbot/Carbot_Ros/src/carbot_imu' returned '0': PYTHONPATH=/home/henry/Workspace/SIT_Carbot/Carbot_Ros/build/carbot_imu/prefix_override:/home/henry/Workspace/SIT_Carbot/Carbot_Ros/install/carbot_imu/lib/python3.10/site-packages:${PYTHONPATH} /usr/bin/python3 setup.py egg_info --egg-base ../../build/carbot_imu build --build-base /home/henry/Workspace/SIT_Carbot/Carbot_Ros/build/carbot_imu/build install --record /home/henry/Workspace/SIT_Carbot/Carbot_Ros/build/carbot_imu/install.log --single-version-externally-managed
[10.730s] Level 1:colcon.colcon_core.environment:checking '/home/henry/Workspace/SIT_Carbot/Carbot_Ros/install/carbot_imu' for CMake module files
[10.745s] Level 1:colcon.colcon_core.environment:checking '/home/henry/Workspace/SIT_Carbot/Carbot_Ros/install/carbot_imu' for CMake config files
[10.759s] Level 1:colcon.colcon_core.environment:checking '/home/henry/Workspace/SIT_Carbot/Carbot_Ros/install/carbot_imu/lib'
[10.761s] Level 1:colcon.colcon_core.environment:checking '/home/henry/Workspace/SIT_Carbot/Carbot_Ros/install/carbot_imu/bin'
[10.762s] Level 1:colcon.colcon_core.environment:checking '/home/henry/Workspace/SIT_Carbot/Carbot_Ros/install/carbot_imu/lib/pkgconfig/carbot_imu.pc'
[10.765s] Level 1:colcon.colcon_core.environment:checking '/home/henry/Workspace/SIT_Carbot/Carbot_Ros/install/carbot_imu/lib/python3.10/site-packages'
[10.766s] Level 1:colcon.colcon_core.shell:create_environment_hook('carbot_imu', 'pythonpath')
[10.774s] INFO:colcon.colcon_core.shell:Creating environment hook '/home/henry/Workspace/SIT_Carbot/Carbot_Ros/install/carbot_imu/share/carbot_imu/hook/pythonpath.ps1'
[10.777s] INFO:colcon.colcon_core.shell:Creating environment descriptor '/home/henry/Workspace/SIT_Carbot/Carbot_Ros/install/carbot_imu/share/carbot_imu/hook/pythonpath.dsv'
[10.781s] INFO:colcon.colcon_core.shell:Creating environment hook '/home/henry/Workspace/SIT_Carbot/Carbot_Ros/install/carbot_imu/share/carbot_imu/hook/pythonpath.sh'
[10.785s] Level 1:colcon.colcon_core.environment:checking '/home/henry/Workspace/SIT_Carbot/Carbot_Ros/install/carbot_imu/bin'
[10.786s] Level 1:colcon.colcon_core.environment:create_environment_scripts_only(carbot_imu)
[10.797s] INFO:colcon.colcon_core.shell:Creating package script '/home/henry/Workspace/SIT_Carbot/Carbot_Ros/install/carbot_imu/share/carbot_imu/package.ps1'
[10.804s] INFO:colcon.colcon_core.shell:Creating package descriptor '/home/henry/Workspace/SIT_Carbot/Carbot_Ros/install/carbot_imu/share/carbot_imu/package.dsv'
[10.810s] INFO:colcon.colcon_core.shell:Creating package script '/home/henry/Workspace/SIT_Carbot/Carbot_Ros/install/carbot_imu/share/carbot_imu/package.sh'
[10.819s] INFO:colcon.colcon_core.shell:Creating package script '/home/henry/Workspace/SIT_Carbot/Carbot_Ros/install/carbot_imu/share/carbot_imu/package.bash'
[10.826s] INFO:colcon.colcon_core.shell:Creating package script '/home/henry/Workspace/SIT_Carbot/Carbot_Ros/install/carbot_imu/share/carbot_imu/package.zsh'
[10.831s] Level 1:colcon.colcon_core.environment:create_file_with_runtime_dependencies(/home/henry/Workspace/SIT_Carbot/Carbot_Ros/install/carbot_imu/share/colcon-core/packages/carbot_imu)
[10.852s] Level 1:colcon.colcon_core.environment:checking '/home/henry/Workspace/SIT_Carbot/Carbot_Ros/install/carbot_driver' for CMake module files
[10.856s] Level 1:colcon.colcon_core.environment:checking '/home/henry/Workspace/SIT_Carbot/Carbot_Ros/install/carbot_driver' for CMake config files
[10.860s] DEBUG:colcon.colcon_core.event_handler.log_command:Invoked command in '/home/henry/Workspace/SIT_Carbot/Carbot_Ros/src/carbot_driver' returned '0': PYTHONPATH=/home/henry/Workspace/SIT_Carbot/Carbot_Ros/build/carbot_driver/prefix_override:/home/henry/Workspace/SIT_Carbot/Carbot_Ros/install/carbot_driver/lib/python3.10/site-packages:${PYTHONPATH} /usr/bin/python3 setup.py egg_info --egg-base ../../build/carbot_driver build --build-base /home/henry/Workspace/SIT_Carbot/Carbot_Ros/build/carbot_driver/build install --record /home/henry/Workspace/SIT_Carbot/Carbot_Ros/build/carbot_driver/install.log --single-version-externally-managed
[10.865s] Level 1:colcon.colcon_core.environment:checking '/home/henry/Workspace/SIT_Carbot/Carbot_Ros/install/carbot_driver/lib'
[10.866s] Level 1:colcon.colcon_core.environment:checking '/home/henry/Workspace/SIT_Carbot/Carbot_Ros/install/carbot_driver/bin'
[10.866s] Level 1:colcon.colcon_core.environment:checking '/home/henry/Workspace/SIT_Carbot/Carbot_Ros/install/carbot_driver/lib/pkgconfig/carbot_driver.pc'
[10.867s] Level 1:colcon.colcon_core.environment:checking '/home/henry/Workspace/SIT_Carbot/Carbot_Ros/install/carbot_driver/lib/python3.10/site-packages'
[10.868s] Level 1:colcon.colcon_core.shell:create_environment_hook('carbot_driver', 'pythonpath')
[10.873s] INFO:colcon.colcon_core.shell:Creating environment hook '/home/henry/Workspace/SIT_Carbot/Carbot_Ros/install/carbot_driver/share/carbot_driver/hook/pythonpath.ps1'
[10.875s] INFO:colcon.colcon_core.shell:Creating environment descriptor '/home/henry/Workspace/SIT_Carbot/Carbot_Ros/install/carbot_driver/share/carbot_driver/hook/pythonpath.dsv'
[10.877s] INFO:colcon.colcon_core.shell:Creating environment hook '/home/henry/Workspace/SIT_Carbot/Carbot_Ros/install/carbot_driver/share/carbot_driver/hook/pythonpath.sh'
[10.879s] Level 1:colcon.colcon_core.environment:checking '/home/henry/Workspace/SIT_Carbot/Carbot_Ros/install/carbot_driver/bin'
[10.880s] Level 1:colcon.colcon_core.environment:create_environment_scripts_only(carbot_driver)
[10.885s] INFO:colcon.colcon_core.shell:Creating package script '/home/henry/Workspace/SIT_Carbot/Carbot_Ros/install/carbot_driver/share/carbot_driver/package.ps1'
[10.887s] INFO:colcon.colcon_core.shell:Creating package descriptor '/home/henry/Workspace/SIT_Carbot/Carbot_Ros/install/carbot_driver/share/carbot_driver/package.dsv'
[10.889s] INFO:colcon.colcon_core.shell:Creating package script '/home/henry/Workspace/SIT_Carbot/Carbot_Ros/install/carbot_driver/share/carbot_driver/package.sh'
[10.891s] INFO:colcon.colcon_core.shell:Creating package script '/home/henry/Workspace/SIT_Carbot/Carbot_Ros/install/carbot_driver/share/carbot_driver/package.bash'
[10.892s] INFO:colcon.colcon_core.shell:Creating package script '/home/henry/Workspace/SIT_Carbot/Carbot_Ros/install/carbot_driver/share/carbot_driver/package.zsh'
[10.894s] Level 1:colcon.colcon_core.environment:create_file_with_runtime_dependencies(/home/henry/Workspace/SIT_Carbot/Carbot_Ros/install/carbot_driver/share/colcon-core/packages/carbot_driver)
[10.910s] Level 1:colcon.colcon_core.environment:checking '/home/henry/Workspace/SIT_Carbot/Carbot_Ros/install/carbot_key_ctrl' for CMake module files
[10.912s] DEBUG:colcon.colcon_core.event_handler.log_command:Invoked command in '/home/henry/Workspace/SIT_Carbot/Carbot_Ros/src/carbot_key_ctrl' returned '0': PYTHONPATH=/home/henry/Workspace/SIT_Carbot/Carbot_Ros/build/carbot_key_ctrl/prefix_override:/home/henry/Workspace/SIT_Carbot/Carbot_Ros/install/carbot_key_ctrl/lib/python3.10/site-packages:${PYTHONPATH} /usr/bin/python3 setup.py egg_info --egg-base ../../build/carbot_key_ctrl build --build-base /home/henry/Workspace/SIT_Carbot/Carbot_Ros/build/carbot_key_ctrl/build install --record /home/henry/Workspace/SIT_Carbot/Carbot_Ros/build/carbot_key_ctrl/install.log --single-version-externally-managed
[10.914s] Level 1:colcon.colcon_core.environment:checking '/home/henry/Workspace/SIT_Carbot/Carbot_Ros/install/carbot_key_ctrl' for CMake config files
[10.918s] Level 1:colcon.colcon_core.environment:checking '/home/henry/Workspace/SIT_Carbot/Carbot_Ros/install/carbot_key_ctrl/lib'
[10.918s] Level 1:colcon.colcon_core.environment:checking '/home/henry/Workspace/SIT_Carbot/Carbot_Ros/install/carbot_key_ctrl/bin'
[10.919s] Level 1:colcon.colcon_core.environment:checking '/home/henry/Workspace/SIT_Carbot/Carbot_Ros/install/carbot_key_ctrl/lib/pkgconfig/carbot_key_ctrl.pc'
[10.921s] Level 1:colcon.colcon_core.environment:checking '/home/henry/Workspace/SIT_Carbot/Carbot_Ros/install/carbot_key_ctrl/lib/python3.10/site-packages'
[10.921s] Level 1:colcon.colcon_core.shell:create_environment_hook('carbot_key_ctrl', 'pythonpath')
[10.927s] INFO:colcon.colcon_core.shell:Creating environment hook '/home/henry/Workspace/SIT_Carbot/Carbot_Ros/install/carbot_key_ctrl/share/carbot_key_ctrl/hook/pythonpath.ps1'
[10.929s] INFO:colcon.colcon_core.shell:Creating environment descriptor '/home/henry/Workspace/SIT_Carbot/Carbot_Ros/install/carbot_key_ctrl/share/carbot_key_ctrl/hook/pythonpath.dsv'
[10.930s] INFO:colcon.colcon_core.shell:Creating environment hook '/home/henry/Workspace/SIT_Carbot/Carbot_Ros/install/carbot_key_ctrl/share/carbot_key_ctrl/hook/pythonpath.sh'
[10.933s] Level 1:colcon.colcon_core.environment:checking '/home/henry/Workspace/SIT_Carbot/Carbot_Ros/install/carbot_key_ctrl/bin'
[10.933s] Level 1:colcon.colcon_core.environment:create_environment_scripts_only(carbot_key_ctrl)
[10.939s] INFO:colcon.colcon_core.shell:Creating package script '/home/henry/Workspace/SIT_Carbot/Carbot_Ros/install/carbot_key_ctrl/share/carbot_key_ctrl/package.ps1'
[10.941s] INFO:colcon.colcon_core.shell:Creating package descriptor '/home/henry/Workspace/SIT_Carbot/Carbot_Ros/install/carbot_key_ctrl/share/carbot_key_ctrl/package.dsv'
[10.943s] INFO:colcon.colcon_core.shell:Creating package script '/home/henry/Workspace/SIT_Carbot/Carbot_Ros/install/carbot_key_ctrl/share/carbot_key_ctrl/package.sh'
[10.945s] INFO:colcon.colcon_core.shell:Creating package script '/home/henry/Workspace/SIT_Carbot/Carbot_Ros/install/carbot_key_ctrl/share/carbot_key_ctrl/package.bash'
[10.947s] INFO:colcon.colcon_core.shell:Creating package script '/home/henry/Workspace/SIT_Carbot/Carbot_Ros/install/carbot_key_ctrl/share/carbot_key_ctrl/package.zsh'
[10.948s] Level 1:colcon.colcon_core.environment:create_file_with_runtime_dependencies(/home/henry/Workspace/SIT_Carbot/Carbot_Ros/install/carbot_key_ctrl/share/colcon-core/packages/carbot_key_ctrl)
[17.880s] DEBUG:colcon.colcon_core.event_handler.log_command:Invoked command in '/home/henry/Workspace/SIT_Carbot/Carbot_Ros/build/carbot_odom' returned '0': CMAKE_PREFIX_PATH=/opt/ros/humble /usr/bin/cmake /home/henry/Workspace/SIT_Carbot/Carbot_Ros/src/carbot_odom -DCMAKE_INSTALL_PREFIX=/home/henry/Workspace/SIT_Carbot/Carbot_Ros/install/carbot_odom
[17.889s] DEBUG:colcon.colcon_core.event_handler.log_command:Invoking command in '/home/henry/Workspace/SIT_Carbot/Carbot_Ros/build/carbot_odom': CMAKE_PREFIX_PATH=/opt/ros/humble /usr/bin/cmake --build /home/henry/Workspace/SIT_Carbot/Carbot_Ros/build/carbot_odom -- -j4 -l4
[54.197s] DEBUG:colcon.colcon_core.event_handler.log_command:Invoked command in '/home/henry/Workspace/SIT_Carbot/Carbot_Ros/build/carbot_odom' returned '0': CMAKE_PREFIX_PATH=/opt/ros/humble /usr/bin/cmake --build /home/henry/Workspace/SIT_Carbot/Carbot_Ros/build/carbot_odom -- -j4 -l4
[54.338s] DEBUG:colcon.colcon_core.event_handler.log_command:Invoking command in '/home/henry/Workspace/SIT_Carbot/Carbot_Ros/build/carbot_odom': CMAKE_PREFIX_PATH=/opt/ros/humble /usr/bin/cmake --install /home/henry/Workspace/SIT_Carbot/Carbot_Ros/build/carbot_odom
[54.414s] Level 1:colcon.colcon_core.environment:create_environment_scripts_only(carbot_odom)
[54.422s] Level 1:colcon.colcon_core.environment:checking '/home/henry/Workspace/SIT_Carbot/Carbot_Ros/install/carbot_odom' for CMake module files
[54.423s] DEBUG:colcon.colcon_core.event_handler.log_command:Invoked command in '/home/henry/Workspace/SIT_Carbot/Carbot_Ros/build/carbot_odom' returned '0': CMAKE_PREFIX_PATH=/opt/ros/humble /usr/bin/cmake --install /home/henry/Workspace/SIT_Carbot/Carbot_Ros/build/carbot_odom
[54.425s] Level 1:colcon.colcon_core.environment:checking '/home/henry/Workspace/SIT_Carbot/Carbot_Ros/install/carbot_odom' for CMake config files
[54.426s] Level 1:colcon.colcon_core.shell:create_environment_hook('carbot_odom', 'cmake_prefix_path')
[54.431s] INFO:colcon.colcon_core.shell:Creating environment hook '/home/henry/Workspace/SIT_Carbot/Carbot_Ros/install/carbot_odom/share/carbot_odom/hook/cmake_prefix_path.ps1'
[54.432s] INFO:colcon.colcon_core.shell:Creating environment descriptor '/home/henry/Workspace/SIT_Carbot/Carbot_Ros/install/carbot_odom/share/carbot_odom/hook/cmake_prefix_path.dsv'
[54.434s] INFO:colcon.colcon_core.shell:Creating environment hook '/home/henry/Workspace/SIT_Carbot/Carbot_Ros/install/carbot_odom/share/carbot_odom/hook/cmake_prefix_path.sh'
[54.436s] Level 1:colcon.colcon_core.environment:checking '/home/henry/Workspace/SIT_Carbot/Carbot_Ros/install/carbot_odom/lib'
[54.437s] Level 1:colcon.colcon_core.environment:checking '/home/henry/Workspace/SIT_Carbot/Carbot_Ros/install/carbot_odom/bin'
[54.437s] Level 1:colcon.colcon_core.environment:checking '/home/henry/Workspace/SIT_Carbot/Carbot_Ros/install/carbot_odom/lib/pkgconfig/carbot_odom.pc'
[54.438s] Level 1:colcon.colcon_core.environment:checking '/home/henry/Workspace/SIT_Carbot/Carbot_Ros/install/carbot_odom/lib/python3.10/site-packages'
[54.438s] Level 1:colcon.colcon_core.environment:checking '/home/henry/Workspace/SIT_Carbot/Carbot_Ros/install/carbot_odom/bin'
[54.443s] INFO:colcon.colcon_core.shell:Creating package script '/home/henry/Workspace/SIT_Carbot/Carbot_Ros/install/carbot_odom/share/carbot_odom/package.ps1'
[54.445s] INFO:colcon.colcon_core.shell:Creating package descriptor '/home/henry/Workspace/SIT_Carbot/Carbot_Ros/install/carbot_odom/share/carbot_odom/package.dsv'
[54.447s] INFO:colcon.colcon_core.shell:Creating package script '/home/henry/Workspace/SIT_Carbot/Carbot_Ros/install/carbot_odom/share/carbot_odom/package.sh'
[54.449s] INFO:colcon.colcon_core.shell:Creating package script '/home/henry/Workspace/SIT_Carbot/Carbot_Ros/install/carbot_odom/share/carbot_odom/package.bash'
[54.450s] INFO:colcon.colcon_core.shell:Creating package script '/home/henry/Workspace/SIT_Carbot/Carbot_Ros/install/carbot_odom/share/carbot_odom/package.zsh'
[54.451s] Level 1:colcon.colcon_core.environment:create_file_with_runtime_dependencies(/home/henry/Workspace/SIT_Carbot/Carbot_Ros/install/carbot_odom/share/colcon-core/packages/carbot_odom)
[54.559s] Level 1:colcon.colcon_core.environment:create_environment_scripts_only(carbot_odom)
[54.565s] Level 1:colcon.colcon_core.environment:checking '/home/henry/Workspace/SIT_Carbot/Carbot_Ros/install/carbot_odom' for CMake module files
[54.569s] Level 1:colcon.colcon_core.environment:checking '/home/henry/Workspace/SIT_Carbot/Carbot_Ros/install/carbot_odom' for CMake config files
[54.570s] Level 1:colcon.colcon_core.shell:create_environment_hook('carbot_odom', 'cmake_prefix_path')
[54.575s] INFO:colcon.colcon_core.shell:Creating environment hook '/home/henry/Workspace/SIT_Carbot/Carbot_Ros/install/carbot_odom/share/carbot_odom/hook/cmake_prefix_path.ps1'
[54.577s] INFO:colcon.colcon_core.shell:Creating environment descriptor '/home/henry/Workspace/SIT_Carbot/Carbot_Ros/install/carbot_odom/share/carbot_odom/hook/cmake_prefix_path.dsv'
[54.580s] INFO:colcon.colcon_core.shell:Creating environment hook '/home/henry/Workspace/SIT_Carbot/Carbot_Ros/install/carbot_odom/share/carbot_odom/hook/cmake_prefix_path.sh'
[54.583s] Level 1:colcon.colcon_core.environment:checking '/home/henry/Workspace/SIT_Carbot/Carbot_Ros/install/carbot_odom/lib'
[54.583s] Level 1:colcon.colcon_core.environment:checking '/home/henry/Workspace/SIT_Carbot/Carbot_Ros/install/carbot_odom/bin'
[54.584s] Level 1:colcon.colcon_core.environment:checking '/home/henry/Workspace/SIT_Carbot/Carbot_Ros/install/carbot_odom/lib/pkgconfig/carbot_odom.pc'
[54.585s] Level 1:colcon.colcon_core.environment:checking '/home/henry/Workspace/SIT_Carbot/Carbot_Ros/install/carbot_odom/lib/python3.10/site-packages'
[54.586s] Level 1:colcon.colcon_core.environment:checking '/home/henry/Workspace/SIT_Carbot/Carbot_Ros/install/carbot_odom/bin'
[54.591s] INFO:colcon.colcon_core.shell:Creating package script '/home/henry/Workspace/SIT_Carbot/Carbot_Ros/install/carbot_odom/share/carbot_odom/package.ps1'
[54.594s] INFO:colcon.colcon_core.shell:Creating package descriptor '/home/henry/Workspace/SIT_Carbot/Carbot_Ros/install/carbot_odom/share/carbot_odom/package.dsv'
[54.597s] INFO:colcon.colcon_core.shell:Creating package script '/home/henry/Workspace/SIT_Carbot/Carbot_Ros/install/carbot_odom/share/carbot_odom/package.sh'
[54.600s] INFO:colcon.colcon_core.shell:Creating package script '/home/henry/Workspace/SIT_Carbot/Carbot_Ros/install/carbot_odom/share/carbot_odom/package.bash'
[54.602s] INFO:colcon.colcon_core.shell:Creating package script '/home/henry/Workspace/SIT_Carbot/Carbot_Ros/install/carbot_odom/share/carbot_odom/package.zsh'
[54.605s] Level 1:colcon.colcon_core.environment:create_file_with_runtime_dependencies(/home/henry/Workspace/SIT_Carbot/Carbot_Ros/install/carbot_odom/share/colcon-core/packages/carbot_odom)
[54.606s] DEBUG:colcon.colcon_parallel_executor.executor.parallel:closing loop
[54.609s] DEBUG:colcon.colcon_parallel_executor.executor.parallel:loop closed
[54.615s] DEBUG:colcon.colcon_parallel_executor.executor.parallel:run_until_complete finished with '0'
[54.616s] DEBUG:colcon.colcon_core.event_reactor:joining thread
[54.654s] INFO:colcon.colcon_core.plugin_system:Skipping extension 'colcon_notification.desktop_notification.notify_send': Could not find 'notify-send'
[54.654s] INFO:colcon.colcon_core.plugin_system:Skipping extension 'colcon_notification.desktop_notification.terminal_notifier': Not used on non-Darwin systems
[54.655s] INFO:colcon.colcon_core.plugin_system:Skipping extension 'colcon_notification.desktop_notification.win32': Not used on non-Windows systems
[54.655s] INFO:colcon.colcon_notification.desktop_notification:Sending desktop notification using 'notify2'
[54.733s] DEBUG:colcon.colcon_notification.desktop_notification.notify2:Failed to initialize notify2: org.freedesktop.DBus.Error.ServiceUnknown: The name org.freedesktop.Notifications was not provided by any .service files
[54.733s] DEBUG:colcon.colcon_core.event_reactor:joined thread
[54.738s] INFO:colcon.colcon_core.shell:Creating prefix script '/home/henry/Workspace/SIT_Carbot/Carbot_Ros/install/local_setup.ps1'
[54.743s] INFO:colcon.colcon_core.shell:Creating prefix util module '/home/henry/Workspace/SIT_Carbot/Carbot_Ros/install/_local_setup_util_ps1.py'
[54.749s] INFO:colcon.colcon_core.shell:Creating prefix chain script '/home/henry/Workspace/SIT_Carbot/Carbot_Ros/install/setup.ps1'
[54.756s] INFO:colcon.colcon_core.shell:Creating prefix script '/home/henry/Workspace/SIT_Carbot/Carbot_Ros/install/local_setup.sh'
[54.760s] INFO:colcon.colcon_core.shell:Creating prefix util module '/home/henry/Workspace/SIT_Carbot/Carbot_Ros/install/_local_setup_util_sh.py'
[54.762s] INFO:colcon.colcon_core.shell:Creating prefix chain script '/home/henry/Workspace/SIT_Carbot/Carbot_Ros/install/setup.sh'
[54.769s] INFO:colcon.colcon_core.shell:Creating prefix script '/home/henry/Workspace/SIT_Carbot/Carbot_Ros/install/local_setup.bash'
[54.771s] INFO:colcon.colcon_core.shell:Creating prefix chain script '/home/henry/Workspace/SIT_Carbot/Carbot_Ros/install/setup.bash'
[54.777s] INFO:colcon.colcon_core.shell:Creating prefix script '/home/henry/Workspace/SIT_Carbot/Carbot_Ros/install/local_setup.zsh'
[54.780s] INFO:colcon.colcon_core.shell:Creating prefix chain script '/home/henry/Workspace/SIT_Carbot/Carbot_Ros/install/setup.zsh'
