[3.308s] Invoking command in '/home/henry/Workspace/SIT_Carbot/Carbot_Ros/build/carbot_odom': CMAKE_PREFIX_PATH=${CMAKE_PREFIX_PATH}:/home/henry/Workspace/SIT_Carbot/Carbot_Ros/install/carbot_key_ctrl:/home/henry/Workspace/SIT_Carbot/Carbot_Ros/install/carbot_imu:/home/henry/Workspace/SIT_Carbot/Carbot_Ros/install/carbot_driver:/opt/ros/humble /usr/bin/cmake --build /home/henry/Workspace/SIT_Carbot/Carbot_Ros/build/carbot_odom -- -j4 -l4
[3.627s] [100%] Built target carbot_odom
[3.728s] Invoked command in '/home/henry/Workspace/SIT_Carbot/Carbot_Ros/build/carbot_odom' returned '0': CMAKE_PREFIX_PATH=${CMAKE_PREFIX_PATH}:/home/henry/Workspace/SIT_Carbot/Carbot_Ros/install/carbot_key_ctrl:/home/henry/Workspace/SIT_Carbot/Carbot_Ros/install/carbot_imu:/home/henry/Workspace/SIT_Carbot/Carbot_Ros/install/carbot_driver:/opt/ros/humble /usr/bin/cmake --build /home/henry/Workspace/SIT_Carbot/Carbot_Ros/build/carbot_odom -- -j4 -l4
[3.972s] Invoking command in '/home/henry/Workspace/SIT_Carbot/Carbot_Ros/build/carbot_odom': CMAKE_PREFIX_PATH=${CMAKE_PREFIX_PATH}:/home/henry/Workspace/SIT_Carbot/Carbot_Ros/install/carbot_key_ctrl:/home/henry/Workspace/SIT_Carbot/Carbot_Ros/install/carbot_imu:/home/henry/Workspace/SIT_Carbot/Carbot_Ros/install/carbot_driver:/opt/ros/humble /usr/bin/cmake --install /home/henry/Workspace/SIT_Carbot/Carbot_Ros/build/carbot_odom
[4.042s] -- Install configuration: ""
[4.044s] -- Up-to-date: /home/henry/Workspace/SIT_Carbot/Carbot_Ros/install/carbot_odom/lib/carbot_odom/carbot_odom
[4.046s] -- Up-to-date: /home/henry/Workspace/SIT_Carbot/Carbot_Ros/install/carbot_odom/share/ament_index/resource_index/package_run_dependencies/carbot_odom
[4.047s] -- Up-to-date: /home/henry/Workspace/SIT_Carbot/Carbot_Ros/install/carbot_odom/share/ament_index/resource_index/parent_prefix_path/carbot_odom
[4.051s] -- Up-to-date: /home/henry/Workspace/SIT_Carbot/Carbot_Ros/install/carbot_odom/share/carbot_odom/environment/ament_prefix_path.sh
[4.052s] -- Up-to-date: /home/henry/Workspace/SIT_Carbot/Carbot_Ros/install/carbot_odom/share/carbot_odom/environment/ament_prefix_path.dsv
[4.063s] -- Up-to-date: /home/henry/Workspace/SIT_Carbot/Carbot_Ros/install/carbot_odom/share/carbot_odom/environment/path.sh
[4.065s] -- Up-to-date: /home/henry/Workspace/SIT_Carbot/Carbot_Ros/install/carbot_odom/share/carbot_odom/environment/path.dsv
[4.066s] -- Up-to-date: /home/henry/Workspace/SIT_Carbot/Carbot_Ros/install/carbot_odom/share/carbot_odom/local_setup.bash
[4.067s] -- Up-to-date: /home/henry/Workspace/SIT_Carbot/Carbot_Ros/install/carbot_odom/share/carbot_odom/local_setup.sh
[4.069s] -- Up-to-date: /home/henry/Workspace/SIT_Carbot/Carbot_Ros/install/carbot_odom/share/carbot_odom/local_setup.zsh
[4.073s] -- Up-to-date: /home/henry/Workspace/SIT_Carbot/Carbot_Ros/install/carbot_odom/share/carbot_odom/local_setup.dsv
[4.077s] -- Installing: /home/henry/Workspace/SIT_Carbot/Carbot_Ros/install/carbot_odom/share/carbot_odom/package.dsv
[4.080s] -- Up-to-date: /home/henry/Workspace/SIT_Carbot/Carbot_Ros/install/carbot_odom/share/ament_index/resource_index/packages/carbot_odom
[4.082s] -- Up-to-date: /home/henry/Workspace/SIT_Carbot/Carbot_Ros/install/carbot_odom/share/carbot_odom/cmake/carbot_odomConfig.cmake
[4.083s] -- Up-to-date: /home/henry/Workspace/SIT_Carbot/Carbot_Ros/install/carbot_odom/share/carbot_odom/cmake/carbot_odomConfig-version.cmake
[4.084s] -- Up-to-date: /home/henry/Workspace/SIT_Carbot/Carbot_Ros/install/carbot_odom/share/carbot_odom/package.xml
[4.099s] Invoked command in '/home/henry/Workspace/SIT_Carbot/Carbot_Ros/build/carbot_odom' returned '0': CMAKE_PREFIX_PATH=${CMAKE_PREFIX_PATH}:/home/henry/Workspace/SIT_Carbot/Carbot_Ros/install/carbot_key_ctrl:/home/henry/Workspace/SIT_Carbot/Carbot_Ros/install/carbot_imu:/home/henry/Workspace/SIT_Carbot/Carbot_Ros/install/carbot_driver:/opt/ros/humble /usr/bin/cmake --install /home/henry/Workspace/SIT_Carbot/Carbot_Ros/build/carbot_odom
