[3.259s] Invoking command in '/home/henry/Workspace/SIT_Carbot/Carbot_Ros/build/carbot_odom': CMAKE_PREFIX_PATH=${CMAKE_PREFIX_PATH}:/home/henry/Workspace/SIT_Carbot/Carbot_Ros/install/carbot_key_ctrl:/home/henry/Workspace/SIT_Carbot/Carbot_Ros/install/carbot_imu:/home/henry/Workspace/SIT_Carbot/Carbot_Ros/install/carbot_driver:/opt/ros/humble /usr/bin/cmake --build /home/henry/Workspace/SIT_Carbot/Carbot_Ros/build/carbot_odom -- -j4 -l4
[3.513s] [35m[1mConsolidate compiler generated dependencies of target carbot_odom[0m
[3.695s] [100%] Built target carbot_odom
[3.787s] Invoked command in '/home/henry/Workspace/SIT_Carbot/Carbot_Ros/build/carbot_odom' returned '0': CMAKE_PREFIX_PATH=${CMAKE_PREFIX_PATH}:/home/henry/Workspace/SIT_Carbot/Carbot_Ros/install/carbot_key_ctrl:/home/henry/Workspace/SIT_Carbot/Carbot_Ros/install/carbot_imu:/home/henry/Workspace/SIT_Carbot/Carbot_Ros/install/carbot_driver:/opt/ros/humble /usr/bin/cmake --build /home/henry/Workspace/SIT_Carbot/Carbot_Ros/build/carbot_odom -- -j4 -l4
[3.968s] Invoking command in '/home/henry/Workspace/SIT_Carbot/Carbot_Ros/build/carbot_odom': CMAKE_PREFIX_PATH=${CMAKE_PREFIX_PATH}:/home/henry/Workspace/SIT_Carbot/Carbot_Ros/install/carbot_key_ctrl:/home/henry/Workspace/SIT_Carbot/Carbot_Ros/install/carbot_imu:/home/henry/Workspace/SIT_Carbot/Carbot_Ros/install/carbot_driver:/opt/ros/humble /usr/bin/cmake --install /home/henry/Workspace/SIT_Carbot/Carbot_Ros/build/carbot_odom
[4.004s] -- Install configuration: ""
[4.006s] -- Up-to-date: /home/henry/Workspace/SIT_Carbot/Carbot_Ros/install/carbot_odom/lib/carbot_odom/carbot_odom
[4.007s] -- Up-to-date: /home/henry/Workspace/SIT_Carbot/Carbot_Ros/install/carbot_odom/share/ament_index/resource_index/package_run_dependencies/carbot_odom
[4.008s] -- Up-to-date: /home/henry/Workspace/SIT_Carbot/Carbot_Ros/install/carbot_odom/share/ament_index/resource_index/parent_prefix_path/carbot_odom
[4.009s] -- Up-to-date: /home/henry/Workspace/SIT_Carbot/Carbot_Ros/install/carbot_odom/share/carbot_odom/environment/ament_prefix_path.sh
[4.010s] -- Up-to-date: /home/henry/Workspace/SIT_Carbot/Carbot_Ros/install/carbot_odom/share/carbot_odom/environment/ament_prefix_path.dsv
[4.011s] -- Up-to-date: /home/henry/Workspace/SIT_Carbot/Carbot_Ros/install/carbot_odom/share/carbot_odom/environment/path.sh
[4.012s] -- Up-to-date: /home/henry/Workspace/SIT_Carbot/Carbot_Ros/install/carbot_odom/share/carbot_odom/environment/path.dsv
[4.013s] -- Up-to-date: /home/henry/Workspace/SIT_Carbot/Carbot_Ros/install/carbot_odom/share/carbot_odom/local_setup.bash
[4.013s] -- Up-to-date: /home/henry/Workspace/SIT_Carbot/Carbot_Ros/install/carbot_odom/share/carbot_odom/local_setup.sh
[4.014s] -- Up-to-date: /home/henry/Workspace/SIT_Carbot/Carbot_Ros/install/carbot_odom/share/carbot_odom/local_setup.zsh
[4.021s] -- Up-to-date: /home/henry/Workspace/SIT_Carbot/Carbot_Ros/install/carbot_odom/share/carbot_odom/local_setup.dsv
[4.022s] -- Installing: /home/henry/Workspace/SIT_Carbot/Carbot_Ros/install/carbot_odom/share/carbot_odom/package.dsv
[4.023s] -- Up-to-date: /home/henry/Workspace/SIT_Carbot/Carbot_Ros/install/carbot_odom/share/ament_index/resource_index/packages/carbot_odom
[4.035s] -- Up-to-date: /home/henry/Workspace/SIT_Carbot/Carbot_Ros/install/carbot_odom/share/carbot_odom/cmake/carbot_odomConfig.cmake
[4.035s] -- Up-to-date: /home/henry/Workspace/SIT_Carbot/Carbot_Ros/install/carbot_odom/share/carbot_odom/cmake/carbot_odomConfig-version.cmake
[4.036s] -- Up-to-date: /home/henry/Workspace/SIT_Carbot/Carbot_Ros/install/carbot_odom/share/carbot_odom/package.xml
[4.037s] Invoked command in '/home/henry/Workspace/SIT_Carbot/Carbot_Ros/build/carbot_odom' returned '0': CMAKE_PREFIX_PATH=${CMAKE_PREFIX_PATH}:/home/henry/Workspace/SIT_Carbot/Carbot_Ros/install/carbot_key_ctrl:/home/henry/Workspace/SIT_Carbot/Carbot_Ros/install/carbot_imu:/home/henry/Workspace/SIT_Carbot/Carbot_Ros/install/carbot_driver:/opt/ros/humble /usr/bin/cmake --install /home/henry/Workspace/SIT_Carbot/Carbot_Ros/build/carbot_odom
