[7.227s] Invoking command in '/home/henry/Workspace/SIT_Carbot/Carbot_Ros/src/carbot_imu': PYTHONPATH=/home/henry/Workspace/SIT_Carbot/Carbot_Ros/build/carbot_imu/prefix_override:/home/henry/Workspace/SIT_Carbot/Carbot_Ros/install/carbot_imu/lib/python3.10/site-packages:${PYTHONPATH} /usr/bin/python3 setup.py egg_info --egg-base ../../build/carbot_imu build --build-base /home/henry/Workspace/SIT_Carbot/Carbot_Ros/build/carbot_imu/build install --record /home/henry/Workspace/SIT_Carbot/Carbot_Ros/build/carbot_imu/install.log --single-version-externally-managed
[8.799s] running egg_info
[8.802s] writing ../../build/carbot_imu/carbot_imu.egg-info/PKG-INFO
[8.803s] writing dependency_links to ../../build/carbot_imu/carbot_imu.egg-info/dependency_links.txt
[8.804s] writing entry points to ../../build/carbot_imu/carbot_imu.egg-info/entry_points.txt
[8.807s] writing requirements to ../../build/carbot_imu/carbot_imu.egg-info/requires.txt
[8.807s] writing top-level names to ../../build/carbot_imu/carbot_imu.egg-info/top_level.txt
[8.815s] reading manifest file '../../build/carbot_imu/carbot_imu.egg-info/SOURCES.txt'
[8.822s] writing manifest file '../../build/carbot_imu/carbot_imu.egg-info/SOURCES.txt'
[8.823s] running build
[8.824s] running build_py
[8.825s] copying carbot_imu/carbot_imu_data.py -> /home/henry/Workspace/SIT_Carbot/Carbot_Ros/build/carbot_imu/build/lib/carbot_imu
[8.826s] /usr/lib/python3/dist-packages/setuptools/command/install.py:34: SetuptoolsDeprecationWarning: setup.py install is deprecated. Use build and pip and other standards-based tools.
[8.826s]   warnings.warn(
[8.827s] running install
[8.828s] running install_lib
[8.831s] copying /home/henry/Workspace/SIT_Carbot/Carbot_Ros/build/carbot_imu/build/lib/carbot_imu/carbot_imu_data.py -> /home/henry/Workspace/SIT_Carbot/Carbot_Ros/install/carbot_imu/lib/python3.10/site-packages/carbot_imu
[8.834s] byte-compiling /home/henry/Workspace/SIT_Carbot/Carbot_Ros/install/carbot_imu/lib/python3.10/site-packages/carbot_imu/carbot_imu_data.py to carbot_imu_data.cpython-310.pyc
[8.838s] running install_data
[8.840s] running install_egg_info
[8.849s] removing '/home/henry/Workspace/SIT_Carbot/Carbot_Ros/install/carbot_imu/lib/python3.10/site-packages/carbot_imu-0.0.0-py3.10.egg-info' (and everything under it)
[8.851s] Copying ../../build/carbot_imu/carbot_imu.egg-info to /home/henry/Workspace/SIT_Carbot/Carbot_Ros/install/carbot_imu/lib/python3.10/site-packages/carbot_imu-0.0.0-py3.10.egg-info
[8.860s] running install_scripts
[8.965s] Installing carbot_imu_data script to /home/henry/Workspace/SIT_Carbot/Carbot_Ros/install/carbot_imu/lib/carbot_imu
[8.970s] writing list of installed files to '/home/henry/Workspace/SIT_Carbot/Carbot_Ros/build/carbot_imu/install.log'
[9.210s] Invoked command in '/home/henry/Workspace/SIT_Carbot/Carbot_Ros/src/carbot_imu' returned '0': PYTHONPATH=/home/henry/Workspace/SIT_Carbot/Carbot_Ros/build/carbot_imu/prefix_override:/home/henry/Workspace/SIT_Carbot/Carbot_Ros/install/carbot_imu/lib/python3.10/site-packages:${PYTHONPATH} /usr/bin/python3 setup.py egg_info --egg-base ../../build/carbot_imu build --build-base /home/henry/Workspace/SIT_Carbot/Carbot_Ros/build/carbot_imu/build install --record /home/henry/Workspace/SIT_Carbot/Carbot_Ros/build/carbot_imu/install.log --single-version-externally-managed
