[1.711s] DEBUG:colcon:Command line arguments: ['/usr/bin/colcon', 'build']
[1.711s] DEBUG:colcon:Parsed command line arguments: Namespace(log_base=None, log_level=None, verb_name='build', build_base='build', install_base='install', merge_install=False, symlink_install=False, test_result_base=None, continue_on_error=False, executor='parallel', parallel_workers=4, event_handlers=None, ignore_user_meta=False, metas=['./colcon.meta'], base_paths=['.'], packages_ignore=None, packages_ignore_regex=None, paths=None, packages_up_to=None, packages_up_to_regex=None, packages_above=None, packages_above_and_dependencies=None, packages_above_depth=None, packages_select_by_dep=None, packages_skip_by_dep=None, packages_skip_up_to=None, packages_select_build_failed=False, packages_skip_build_finished=False, packages_select_test_failures=False, packages_skip_test_passed=False, packages_select=None, packages_skip=None, packages_select_regex=None, packages_skip_regex=None, packages_start=None, packages_end=None, allow_overriding=[], cmake_args=None, cmake_target=None, cmake_target_skip_unavailable=False, cmake_clean_cache=False, cmake_clean_first=False, cmake_force_configure=False, ament_cmake_args=None, catkin_cmake_args=None, catkin_skip_building_tests=False, verb_parser=<colcon_defaults.argument_parser.defaults.DefaultArgumentsDecorator object at 0xffffa9f40f10>, verb_extension=<colcon_core.verb.build.BuildVerb object at 0xffffaa96f4f0>, main=<bound method BuildVerb.main of <colcon_core.verb.build.BuildVerb object at 0xffffaa96f4f0>>)
[1.944s] Level 1:colcon.colcon_core.package_discovery:discover_packages(colcon_meta) check parameters
[1.945s] Level 1:colcon.colcon_core.package_discovery:discover_packages(recursive) check parameters
[1.945s] Level 1:colcon.colcon_core.package_discovery:discover_packages(ignore) check parameters
[1.945s] Level 1:colcon.colcon_core.package_discovery:discover_packages(path) check parameters
[1.945s] Level 1:colcon.colcon_core.package_discovery:discover_packages(colcon_meta) discover
[1.945s] Level 1:colcon.colcon_core.package_discovery:discover_packages(recursive) discover
[1.945s] INFO:colcon.colcon_core.package_discovery:Crawling recursively for packages in '/home/henry/Workspace/SIT_Carbot/Carbot_Ros'
[1.946s] Level 1:colcon.colcon_core.package_identification:_identify(.) by extensions ['ignore', 'ignore_ament_install']
[1.946s] Level 1:colcon.colcon_core.package_identification:_identify(.) by extension 'ignore'
[1.947s] Level 1:colcon.colcon_core.package_identification:_identify(.) by extension 'ignore_ament_install'
[1.947s] Level 1:colcon.colcon_core.package_identification:_identify(.) by extensions ['colcon_pkg']
[1.947s] Level 1:colcon.colcon_core.package_identification:_identify(.) by extension 'colcon_pkg'
[1.947s] Level 1:colcon.colcon_core.package_identification:_identify(.) by extensions ['colcon_meta']
[1.947s] Level 1:colcon.colcon_core.package_identification:_identify(.) by extension 'colcon_meta'
[1.948s] Level 1:colcon.colcon_core.package_identification:_identify(.) by extensions ['ros']
[1.948s] Level 1:colcon.colcon_core.package_identification:_identify(.) by extension 'ros'
[2.011s] Level 1:colcon.colcon_core.package_identification:_identify(.) by extensions ['cmake', 'python']
[2.011s] Level 1:colcon.colcon_core.package_identification:_identify(.) by extension 'cmake'
[2.011s] Level 1:colcon.colcon_core.package_identification:_identify(.) by extension 'python'
[2.011s] Level 1:colcon.colcon_core.package_identification:_identify(.) by extensions ['python_setup_py']
[2.011s] Level 1:colcon.colcon_core.package_identification:_identify(.) by extension 'python_setup_py'
[2.012s] Level 1:colcon.colcon_core.package_identification:_identify(build) by extensions ['ignore', 'ignore_ament_install']
[2.012s] Level 1:colcon.colcon_core.package_identification:_identify(build) by extension 'ignore'
[2.013s] Level 1:colcon.colcon_core.package_identification:_identify(build) ignored
[2.013s] Level 1:colcon.colcon_core.package_identification:_identify(install) by extensions ['ignore', 'ignore_ament_install']
[2.014s] Level 1:colcon.colcon_core.package_identification:_identify(install) by extension 'ignore'
[2.014s] Level 1:colcon.colcon_core.package_identification:_identify(install) ignored
[2.014s] Level 1:colcon.colcon_core.package_identification:_identify(log) by extensions ['ignore', 'ignore_ament_install']
[2.015s] Level 1:colcon.colcon_core.package_identification:_identify(log) by extension 'ignore'
[2.015s] Level 1:colcon.colcon_core.package_identification:_identify(log) ignored
[2.015s] Level 1:colcon.colcon_core.package_identification:_identify(src) by extensions ['ignore', 'ignore_ament_install']
[2.016s] Level 1:colcon.colcon_core.package_identification:_identify(src) by extension 'ignore'
[2.016s] Level 1:colcon.colcon_core.package_identification:_identify(src) by extension 'ignore_ament_install'
[2.016s] Level 1:colcon.colcon_core.package_identification:_identify(src) by extensions ['colcon_pkg']
[2.016s] Level 1:colcon.colcon_core.package_identification:_identify(src) by extension 'colcon_pkg'
[2.016s] Level 1:colcon.colcon_core.package_identification:_identify(src) by extensions ['colcon_meta']
[2.017s] Level 1:colcon.colcon_core.package_identification:_identify(src) by extension 'colcon_meta'
[2.017s] Level 1:colcon.colcon_core.package_identification:_identify(src) by extensions ['ros']
[2.017s] Level 1:colcon.colcon_core.package_identification:_identify(src) by extension 'ros'
[2.017s] Level 1:colcon.colcon_core.package_identification:_identify(src) by extensions ['cmake', 'python']
[2.017s] Level 1:colcon.colcon_core.package_identification:_identify(src) by extension 'cmake'
[2.018s] Level 1:colcon.colcon_core.package_identification:_identify(src) by extension 'python'
[2.018s] Level 1:colcon.colcon_core.package_identification:_identify(src) by extensions ['python_setup_py']
[2.018s] Level 1:colcon.colcon_core.package_identification:_identify(src) by extension 'python_setup_py'
[2.018s] Level 1:colcon.colcon_core.package_identification:_identify(src/carbot_driver) by extensions ['ignore', 'ignore_ament_install']
[2.019s] Level 1:colcon.colcon_core.package_identification:_identify(src/carbot_driver) by extension 'ignore'
[2.019s] Level 1:colcon.colcon_core.package_identification:_identify(src/carbot_driver) by extension 'ignore_ament_install'
[2.019s] Level 1:colcon.colcon_core.package_identification:_identify(src/carbot_driver) by extensions ['colcon_pkg']
[2.019s] Level 1:colcon.colcon_core.package_identification:_identify(src/carbot_driver) by extension 'colcon_pkg'
[2.020s] Level 1:colcon.colcon_core.package_identification:_identify(src/carbot_driver) by extensions ['colcon_meta']
[2.020s] Level 1:colcon.colcon_core.package_identification:_identify(src/carbot_driver) by extension 'colcon_meta'
[2.020s] Level 1:colcon.colcon_core.package_identification:_identify(src/carbot_driver) by extensions ['ros']
[2.020s] Level 1:colcon.colcon_core.package_identification:_identify(src/carbot_driver) by extension 'ros'
[2.031s] DEBUG:colcon.colcon_core.package_identification:Package 'src/carbot_driver' with type 'ros.ament_python' and name 'carbot_driver'
[2.032s] Level 1:colcon.colcon_core.package_identification:_identify(src/carbot_imu) by extensions ['ignore', 'ignore_ament_install']
[2.032s] Level 1:colcon.colcon_core.package_identification:_identify(src/carbot_imu) by extension 'ignore'
[2.032s] Level 1:colcon.colcon_core.package_identification:_identify(src/carbot_imu) by extension 'ignore_ament_install'
[2.033s] Level 1:colcon.colcon_core.package_identification:_identify(src/carbot_imu) by extensions ['colcon_pkg']
[2.033s] Level 1:colcon.colcon_core.package_identification:_identify(src/carbot_imu) by extension 'colcon_pkg'
[2.033s] Level 1:colcon.colcon_core.package_identification:_identify(src/carbot_imu) by extensions ['colcon_meta']
[2.033s] Level 1:colcon.colcon_core.package_identification:_identify(src/carbot_imu) by extension 'colcon_meta'
[2.033s] Level 1:colcon.colcon_core.package_identification:_identify(src/carbot_imu) by extensions ['ros']
[2.033s] Level 1:colcon.colcon_core.package_identification:_identify(src/carbot_imu) by extension 'ros'
[2.040s] DEBUG:colcon.colcon_core.package_identification:Package 'src/carbot_imu' with type 'ros.ament_python' and name 'carbot_imu'
[2.040s] Level 1:colcon.colcon_core.package_identification:_identify(src/carbot_key_ctrl) by extensions ['ignore', 'ignore_ament_install']
[2.041s] Level 1:colcon.colcon_core.package_identification:_identify(src/carbot_key_ctrl) by extension 'ignore'
[2.041s] Level 1:colcon.colcon_core.package_identification:_identify(src/carbot_key_ctrl) by extension 'ignore_ament_install'
[2.041s] Level 1:colcon.colcon_core.package_identification:_identify(src/carbot_key_ctrl) by extensions ['colcon_pkg']
[2.042s] Level 1:colcon.colcon_core.package_identification:_identify(src/carbot_key_ctrl) by extension 'colcon_pkg'
[2.042s] Level 1:colcon.colcon_core.package_identification:_identify(src/carbot_key_ctrl) by extensions ['colcon_meta']
[2.042s] Level 1:colcon.colcon_core.package_identification:_identify(src/carbot_key_ctrl) by extension 'colcon_meta'
[2.042s] Level 1:colcon.colcon_core.package_identification:_identify(src/carbot_key_ctrl) by extensions ['ros']
[2.042s] Level 1:colcon.colcon_core.package_identification:_identify(src/carbot_key_ctrl) by extension 'ros'
[2.044s] DEBUG:colcon.colcon_core.package_identification:Package 'src/carbot_key_ctrl' with type 'ros.ament_python' and name 'carbot_key_ctrl'
[2.045s] Level 1:colcon.colcon_core.package_identification:_identify(src/carbot_launch) by extensions ['ignore', 'ignore_ament_install']
[2.046s] Level 1:colcon.colcon_core.package_identification:_identify(src/carbot_launch) by extension 'ignore'
[2.046s] Level 1:colcon.colcon_core.package_identification:_identify(src/carbot_launch) by extension 'ignore_ament_install'
[2.046s] Level 1:colcon.colcon_core.package_identification:_identify(src/carbot_launch) by extensions ['colcon_pkg']
[2.046s] Level 1:colcon.colcon_core.package_identification:_identify(src/carbot_launch) by extension 'colcon_pkg'
[2.046s] Level 1:colcon.colcon_core.package_identification:_identify(src/carbot_launch) by extensions ['colcon_meta']
[2.047s] Level 1:colcon.colcon_core.package_identification:_identify(src/carbot_launch) by extension 'colcon_meta'
[2.047s] Level 1:colcon.colcon_core.package_identification:_identify(src/carbot_launch) by extensions ['ros']
[2.047s] Level 1:colcon.colcon_core.package_identification:_identify(src/carbot_launch) by extension 'ros'
[2.049s] DEBUG:colcon.colcon_core.package_identification:Package 'src/carbot_launch' with type 'ros.ament_python' and name 'carbot_launch'
[2.050s] Level 1:colcon.colcon_core.package_identification:_identify(src/carbot_odom) by extensions ['ignore', 'ignore_ament_install']
[2.050s] Level 1:colcon.colcon_core.package_identification:_identify(src/carbot_odom) by extension 'ignore'
[2.051s] Level 1:colcon.colcon_core.package_identification:_identify(src/carbot_odom) by extension 'ignore_ament_install'
[2.051s] Level 1:colcon.colcon_core.package_identification:_identify(src/carbot_odom) by extensions ['colcon_pkg']
[2.051s] Level 1:colcon.colcon_core.package_identification:_identify(src/carbot_odom) by extension 'colcon_pkg'
[2.051s] Level 1:colcon.colcon_core.package_identification:_identify(src/carbot_odom) by extensions ['colcon_meta']
[2.051s] Level 1:colcon.colcon_core.package_identification:_identify(src/carbot_odom) by extension 'colcon_meta'
[2.052s] Level 1:colcon.colcon_core.package_identification:_identify(src/carbot_odom) by extensions ['ros']
[2.052s] Level 1:colcon.colcon_core.package_identification:_identify(src/carbot_odom) by extension 'ros'
[2.054s] DEBUG:colcon.colcon_core.package_identification:Package 'src/carbot_odom' with type 'ros.ament_cmake' and name 'carbot_odom'
[2.055s] Level 1:colcon.colcon_core.package_discovery:discover_packages(recursive) using defaults
[2.055s] Level 1:colcon.colcon_core.package_discovery:discover_packages(ignore) discover
[2.055s] Level 1:colcon.colcon_core.package_discovery:discover_packages(ignore) using defaults
[2.055s] Level 1:colcon.colcon_core.package_discovery:discover_packages(path) discover
[2.056s] Level 1:colcon.colcon_core.package_discovery:discover_packages(path) using defaults
[2.178s] Level 1:colcon.colcon_core.package_discovery:discover_packages(prefix_path) check parameters
[2.178s] Level 1:colcon.colcon_core.package_discovery:discover_packages(prefix_path) discover
[2.197s] DEBUG:colcon.colcon_installed_package_information.package_discovery:Found 5 installed packages in /home/henry/Workspace/SIT_Carbot/Carbot_Ros/install
[2.205s] DEBUG:colcon.colcon_installed_package_information.package_discovery:Found 187 installed packages in /opt/ros/humble
[2.209s] Level 1:colcon.colcon_core.package_discovery:discover_packages(prefix_path) using defaults
[2.389s] Level 5:colcon.colcon_core.verb:set package 'carbot_driver' build argument 'cmake_args' from command line to 'None'
[2.389s] Level 5:colcon.colcon_core.verb:set package 'carbot_driver' build argument 'cmake_target' from command line to 'None'
[2.389s] Level 5:colcon.colcon_core.verb:set package 'carbot_driver' build argument 'cmake_target_skip_unavailable' from command line to 'False'
[2.389s] Level 5:colcon.colcon_core.verb:set package 'carbot_driver' build argument 'cmake_clean_cache' from command line to 'False'
[2.390s] Level 5:colcon.colcon_core.verb:set package 'carbot_driver' build argument 'cmake_clean_first' from command line to 'False'
[2.390s] Level 5:colcon.colcon_core.verb:set package 'carbot_driver' build argument 'cmake_force_configure' from command line to 'False'
[2.390s] Level 5:colcon.colcon_core.verb:set package 'carbot_driver' build argument 'ament_cmake_args' from command line to 'None'
[2.390s] Level 5:colcon.colcon_core.verb:set package 'carbot_driver' build argument 'catkin_cmake_args' from command line to 'None'
[2.390s] Level 5:colcon.colcon_core.verb:set package 'carbot_driver' build argument 'catkin_skip_building_tests' from command line to 'False'
[2.390s] DEBUG:colcon.colcon_core.verb:Building package 'carbot_driver' with the following arguments: {'ament_cmake_args': None, 'build_base': '/home/henry/Workspace/SIT_Carbot/Carbot_Ros/build/carbot_driver', 'catkin_cmake_args': None, 'catkin_skip_building_tests': False, 'cmake_args': None, 'cmake_clean_cache': False, 'cmake_clean_first': False, 'cmake_force_configure': False, 'cmake_target': None, 'cmake_target_skip_unavailable': False, 'install_base': '/home/henry/Workspace/SIT_Carbot/Carbot_Ros/install/carbot_driver', 'merge_install': False, 'path': '/home/henry/Workspace/SIT_Carbot/Carbot_Ros/src/carbot_driver', 'symlink_install': False, 'test_result_base': None}
[2.394s] Level 5:colcon.colcon_core.verb:set package 'carbot_imu' build argument 'cmake_args' from command line to 'None'
[2.394s] Level 5:colcon.colcon_core.verb:set package 'carbot_imu' build argument 'cmake_target' from command line to 'None'
[2.394s] Level 5:colcon.colcon_core.verb:set package 'carbot_imu' build argument 'cmake_target_skip_unavailable' from command line to 'False'
[2.395s] Level 5:colcon.colcon_core.verb:set package 'carbot_imu' build argument 'cmake_clean_cache' from command line to 'False'
[2.395s] Level 5:colcon.colcon_core.verb:set package 'carbot_imu' build argument 'cmake_clean_first' from command line to 'False'
[2.395s] Level 5:colcon.colcon_core.verb:set package 'carbot_imu' build argument 'cmake_force_configure' from command line to 'False'
[2.395s] Level 5:colcon.colcon_core.verb:set package 'carbot_imu' build argument 'ament_cmake_args' from command line to 'None'
[2.395s] Level 5:colcon.colcon_core.verb:set package 'carbot_imu' build argument 'catkin_cmake_args' from command line to 'None'
[2.395s] Level 5:colcon.colcon_core.verb:set package 'carbot_imu' build argument 'catkin_skip_building_tests' from command line to 'False'
[2.395s] DEBUG:colcon.colcon_core.verb:Building package 'carbot_imu' with the following arguments: {'ament_cmake_args': None, 'build_base': '/home/henry/Workspace/SIT_Carbot/Carbot_Ros/build/carbot_imu', 'catkin_cmake_args': None, 'catkin_skip_building_tests': False, 'cmake_args': None, 'cmake_clean_cache': False, 'cmake_clean_first': False, 'cmake_force_configure': False, 'cmake_target': None, 'cmake_target_skip_unavailable': False, 'install_base': '/home/henry/Workspace/SIT_Carbot/Carbot_Ros/install/carbot_imu', 'merge_install': False, 'path': '/home/henry/Workspace/SIT_Carbot/Carbot_Ros/src/carbot_imu', 'symlink_install': False, 'test_result_base': None}
[2.399s] Level 5:colcon.colcon_core.verb:set package 'carbot_key_ctrl' build argument 'cmake_args' from command line to 'None'
[2.399s] Level 5:colcon.colcon_core.verb:set package 'carbot_key_ctrl' build argument 'cmake_target' from command line to 'None'
[2.399s] Level 5:colcon.colcon_core.verb:set package 'carbot_key_ctrl' build argument 'cmake_target_skip_unavailable' from command line to 'False'
[2.400s] Level 5:colcon.colcon_core.verb:set package 'carbot_key_ctrl' build argument 'cmake_clean_cache' from command line to 'False'
[2.400s] Level 5:colcon.colcon_core.verb:set package 'carbot_key_ctrl' build argument 'cmake_clean_first' from command line to 'False'
[2.400s] Level 5:colcon.colcon_core.verb:set package 'carbot_key_ctrl' build argument 'cmake_force_configure' from command line to 'False'
[2.400s] Level 5:colcon.colcon_core.verb:set package 'carbot_key_ctrl' build argument 'ament_cmake_args' from command line to 'None'
[2.400s] Level 5:colcon.colcon_core.verb:set package 'carbot_key_ctrl' build argument 'catkin_cmake_args' from command line to 'None'
[2.400s] Level 5:colcon.colcon_core.verb:set package 'carbot_key_ctrl' build argument 'catkin_skip_building_tests' from command line to 'False'
[2.400s] DEBUG:colcon.colcon_core.verb:Building package 'carbot_key_ctrl' with the following arguments: {'ament_cmake_args': None, 'build_base': '/home/henry/Workspace/SIT_Carbot/Carbot_Ros/build/carbot_key_ctrl', 'catkin_cmake_args': None, 'catkin_skip_building_tests': False, 'cmake_args': None, 'cmake_clean_cache': False, 'cmake_clean_first': False, 'cmake_force_configure': False, 'cmake_target': None, 'cmake_target_skip_unavailable': False, 'install_base': '/home/henry/Workspace/SIT_Carbot/Carbot_Ros/install/carbot_key_ctrl', 'merge_install': False, 'path': '/home/henry/Workspace/SIT_Carbot/Carbot_Ros/src/carbot_key_ctrl', 'symlink_install': False, 'test_result_base': None}
[2.404s] Level 5:colcon.colcon_core.verb:set package 'carbot_launch' build argument 'cmake_args' from command line to 'None'
[2.404s] Level 5:colcon.colcon_core.verb:set package 'carbot_launch' build argument 'cmake_target' from command line to 'None'
[2.404s] Level 5:colcon.colcon_core.verb:set package 'carbot_launch' build argument 'cmake_target_skip_unavailable' from command line to 'False'
[2.405s] Level 5:colcon.colcon_core.verb:set package 'carbot_launch' build argument 'cmake_clean_cache' from command line to 'False'
[2.405s] Level 5:colcon.colcon_core.verb:set package 'carbot_launch' build argument 'cmake_clean_first' from command line to 'False'
[2.405s] Level 5:colcon.colcon_core.verb:set package 'carbot_launch' build argument 'cmake_force_configure' from command line to 'False'
[2.405s] Level 5:colcon.colcon_core.verb:set package 'carbot_launch' build argument 'ament_cmake_args' from command line to 'None'
[2.405s] Level 5:colcon.colcon_core.verb:set package 'carbot_launch' build argument 'catkin_cmake_args' from command line to 'None'
[2.405s] Level 5:colcon.colcon_core.verb:set package 'carbot_launch' build argument 'catkin_skip_building_tests' from command line to 'False'
[2.405s] DEBUG:colcon.colcon_core.verb:Building package 'carbot_launch' with the following arguments: {'ament_cmake_args': None, 'build_base': '/home/henry/Workspace/SIT_Carbot/Carbot_Ros/build/carbot_launch', 'catkin_cmake_args': None, 'catkin_skip_building_tests': False, 'cmake_args': None, 'cmake_clean_cache': False, 'cmake_clean_first': False, 'cmake_force_configure': False, 'cmake_target': None, 'cmake_target_skip_unavailable': False, 'install_base': '/home/henry/Workspace/SIT_Carbot/Carbot_Ros/install/carbot_launch', 'merge_install': False, 'path': '/home/henry/Workspace/SIT_Carbot/Carbot_Ros/src/carbot_launch', 'symlink_install': False, 'test_result_base': None}
[2.409s] Level 5:colcon.colcon_core.verb:set package 'carbot_odom' build argument 'cmake_args' from command line to 'None'
[2.409s] Level 5:colcon.colcon_core.verb:set package 'carbot_odom' build argument 'cmake_target' from command line to 'None'
[2.409s] Level 5:colcon.colcon_core.verb:set package 'carbot_odom' build argument 'cmake_target_skip_unavailable' from command line to 'False'
[2.409s] Level 5:colcon.colcon_core.verb:set package 'carbot_odom' build argument 'cmake_clean_cache' from command line to 'False'
[2.410s] Level 5:colcon.colcon_core.verb:set package 'carbot_odom' build argument 'cmake_clean_first' from command line to 'False'
[2.410s] Level 5:colcon.colcon_core.verb:set package 'carbot_odom' build argument 'cmake_force_configure' from command line to 'False'
[2.410s] Level 5:colcon.colcon_core.verb:set package 'carbot_odom' build argument 'ament_cmake_args' from command line to 'None'
[2.410s] Level 5:colcon.colcon_core.verb:set package 'carbot_odom' build argument 'catkin_cmake_args' from command line to 'None'
[2.410s] Level 5:colcon.colcon_core.verb:set package 'carbot_odom' build argument 'catkin_skip_building_tests' from command line to 'False'
[2.410s] DEBUG:colcon.colcon_core.verb:Building package 'carbot_odom' with the following arguments: {'ament_cmake_args': None, 'build_base': '/home/henry/Workspace/SIT_Carbot/Carbot_Ros/build/carbot_odom', 'catkin_cmake_args': None, 'catkin_skip_building_tests': False, 'cmake_args': None, 'cmake_clean_cache': False, 'cmake_clean_first': False, 'cmake_force_configure': False, 'cmake_target': None, 'cmake_target_skip_unavailable': False, 'install_base': '/home/henry/Workspace/SIT_Carbot/Carbot_Ros/install/carbot_odom', 'merge_install': False, 'path': '/home/henry/Workspace/SIT_Carbot/Carbot_Ros/src/carbot_odom', 'symlink_install': False, 'test_result_base': None}
[2.413s] INFO:colcon.colcon_core.executor:Executing jobs using 'parallel' executor
[2.426s] DEBUG:colcon.colcon_parallel_executor.executor.parallel:run_until_complete
[2.427s] INFO:colcon.colcon_ros.task.ament_python.build:Building ROS package in '/home/henry/Workspace/SIT_Carbot/Carbot_Ros/src/carbot_driver' with build type 'ament_python'
[2.428s] Level 1:colcon.colcon_core.shell:create_environment_hook('carbot_driver', 'ament_prefix_path')
[2.456s] INFO:colcon.colcon_core.plugin_system:Skipping extension 'colcon_core.shell.bat': Not used on non-Windows systems
[2.457s] INFO:colcon.colcon_core.shell:Creating environment hook '/home/henry/Workspace/SIT_Carbot/Carbot_Ros/install/carbot_driver/share/carbot_driver/hook/ament_prefix_path.ps1'
[2.460s] INFO:colcon.colcon_core.shell:Creating environment descriptor '/home/henry/Workspace/SIT_Carbot/Carbot_Ros/install/carbot_driver/share/carbot_driver/hook/ament_prefix_path.dsv'
[2.464s] INFO:colcon.colcon_core.shell:Creating environment hook '/home/henry/Workspace/SIT_Carbot/Carbot_Ros/install/carbot_driver/share/carbot_driver/hook/ament_prefix_path.sh'
[2.473s] INFO:colcon.colcon_core.shell:Skip shell extension 'powershell' for command environment: Not usable outside of PowerShell
[2.473s] DEBUG:colcon.colcon_core.shell:Skip shell extension 'dsv' for command environment
[2.495s] INFO:colcon.colcon_ros.task.ament_python.build:Building ROS package in '/home/henry/Workspace/SIT_Carbot/Carbot_Ros/src/carbot_imu' with build type 'ament_python'
[2.496s] Level 1:colcon.colcon_core.shell:create_environment_hook('carbot_imu', 'ament_prefix_path')
[2.501s] INFO:colcon.colcon_core.shell:Creating environment hook '/home/henry/Workspace/SIT_Carbot/Carbot_Ros/install/carbot_imu/share/carbot_imu/hook/ament_prefix_path.ps1'
[2.504s] INFO:colcon.colcon_core.shell:Creating environment descriptor '/home/henry/Workspace/SIT_Carbot/Carbot_Ros/install/carbot_imu/share/carbot_imu/hook/ament_prefix_path.dsv'
[2.506s] INFO:colcon.colcon_core.shell:Creating environment hook '/home/henry/Workspace/SIT_Carbot/Carbot_Ros/install/carbot_imu/share/carbot_imu/hook/ament_prefix_path.sh'
[2.512s] INFO:colcon.colcon_core.shell:Skip shell extension 'powershell' for command environment: Not usable outside of PowerShell
[2.513s] DEBUG:colcon.colcon_core.shell:Skip shell extension 'dsv' for command environment
[2.534s] INFO:colcon.colcon_ros.task.ament_python.build:Building ROS package in '/home/henry/Workspace/SIT_Carbot/Carbot_Ros/src/carbot_key_ctrl' with build type 'ament_python'
[2.535s] Level 1:colcon.colcon_core.shell:create_environment_hook('carbot_key_ctrl', 'ament_prefix_path')
[2.541s] INFO:colcon.colcon_core.shell:Creating environment hook '/home/henry/Workspace/SIT_Carbot/Carbot_Ros/install/carbot_key_ctrl/share/carbot_key_ctrl/hook/ament_prefix_path.ps1'
[2.544s] INFO:colcon.colcon_core.shell:Creating environment descriptor '/home/henry/Workspace/SIT_Carbot/Carbot_Ros/install/carbot_key_ctrl/share/carbot_key_ctrl/hook/ament_prefix_path.dsv'
[2.546s] INFO:colcon.colcon_core.shell:Creating environment hook '/home/henry/Workspace/SIT_Carbot/Carbot_Ros/install/carbot_key_ctrl/share/carbot_key_ctrl/hook/ament_prefix_path.sh'
[2.553s] INFO:colcon.colcon_core.shell:Skip shell extension 'powershell' for command environment: Not usable outside of PowerShell
[2.553s] DEBUG:colcon.colcon_core.shell:Skip shell extension 'dsv' for command environment
[2.573s] INFO:colcon.colcon_ros.task.ament_python.build:Building ROS package in '/home/henry/Workspace/SIT_Carbot/Carbot_Ros/src/carbot_launch' with build type 'ament_python'
[2.573s] Level 1:colcon.colcon_core.shell:create_environment_hook('carbot_launch', 'ament_prefix_path')
[2.579s] INFO:colcon.colcon_core.shell:Creating environment hook '/home/henry/Workspace/SIT_Carbot/Carbot_Ros/install/carbot_launch/share/carbot_launch/hook/ament_prefix_path.ps1'
[2.582s] INFO:colcon.colcon_core.shell:Creating environment descriptor '/home/henry/Workspace/SIT_Carbot/Carbot_Ros/install/carbot_launch/share/carbot_launch/hook/ament_prefix_path.dsv'
[2.584s] INFO:colcon.colcon_core.shell:Creating environment hook '/home/henry/Workspace/SIT_Carbot/Carbot_Ros/install/carbot_launch/share/carbot_launch/hook/ament_prefix_path.sh'
[2.590s] INFO:colcon.colcon_core.shell:Skip shell extension 'powershell' for command environment: Not usable outside of PowerShell
[2.590s] DEBUG:colcon.colcon_core.shell:Skip shell extension 'dsv' for command environment
[3.690s] INFO:colcon.colcon_core.task.python.build:Building Python package in '/home/henry/Workspace/SIT_Carbot/Carbot_Ros/src/carbot_driver'
[3.695s] INFO:colcon.colcon_core.shell:Skip shell extension 'powershell' for command environment: Not usable outside of PowerShell
[3.695s] DEBUG:colcon.colcon_core.shell:Skip shell extension 'dsv' for command environment
[4.767s] INFO:colcon.colcon_core.task.python.build:Building Python package in '/home/henry/Workspace/SIT_Carbot/Carbot_Ros/src/carbot_imu'
[4.772s] INFO:colcon.colcon_core.shell:Skip shell extension 'powershell' for command environment: Not usable outside of PowerShell
[4.772s] DEBUG:colcon.colcon_core.shell:Skip shell extension 'dsv' for command environment
[5.835s] INFO:colcon.colcon_core.task.python.build:Building Python package in '/home/henry/Workspace/SIT_Carbot/Carbot_Ros/src/carbot_key_ctrl'
[5.840s] INFO:colcon.colcon_core.shell:Skip shell extension 'powershell' for command environment: Not usable outside of PowerShell
[5.841s] DEBUG:colcon.colcon_core.shell:Skip shell extension 'dsv' for command environment
[6.914s] INFO:colcon.colcon_core.task.python.build:Building Python package in '/home/henry/Workspace/SIT_Carbot/Carbot_Ros/src/carbot_launch'
[6.921s] INFO:colcon.colcon_core.shell:Skip shell extension 'powershell' for command environment: Not usable outside of PowerShell
[6.922s] DEBUG:colcon.colcon_core.shell:Skip shell extension 'dsv' for command environment
[9.677s] DEBUG:colcon.colcon_core.event_handler.log_command:Invoking command in '/home/henry/Workspace/SIT_Carbot/Carbot_Ros/src/carbot_driver': PYTHONPATH=/home/henry/Workspace/SIT_Carbot/Carbot_Ros/build/carbot_driver/prefix_override:/home/henry/Workspace/SIT_Carbot/Carbot_Ros/install/carbot_driver/lib/python3.10/site-packages:${PYTHONPATH} /usr/bin/python3 setup.py egg_info --egg-base ../../build/carbot_driver build --build-base /home/henry/Workspace/SIT_Carbot/Carbot_Ros/build/carbot_driver/build install --record /home/henry/Workspace/SIT_Carbot/Carbot_Ros/build/carbot_driver/install.log --single-version-externally-managed
[9.721s] DEBUG:colcon.colcon_core.event_handler.log_command:Invoking command in '/home/henry/Workspace/SIT_Carbot/Carbot_Ros/src/carbot_key_ctrl': PYTHONPATH=/home/henry/Workspace/SIT_Carbot/Carbot_Ros/build/carbot_key_ctrl/prefix_override:/home/henry/Workspace/SIT_Carbot/Carbot_Ros/install/carbot_key_ctrl/lib/python3.10/site-packages:${PYTHONPATH} /usr/bin/python3 setup.py egg_info --egg-base ../../build/carbot_key_ctrl build --build-base /home/henry/Workspace/SIT_Carbot/Carbot_Ros/build/carbot_key_ctrl/build install --record /home/henry/Workspace/SIT_Carbot/Carbot_Ros/build/carbot_key_ctrl/install.log --single-version-externally-managed
[9.726s] DEBUG:colcon.colcon_core.event_handler.log_command:Invoking command in '/home/henry/Workspace/SIT_Carbot/Carbot_Ros/src/carbot_imu': PYTHONPATH=/home/henry/Workspace/SIT_Carbot/Carbot_Ros/build/carbot_imu/prefix_override:/home/henry/Workspace/SIT_Carbot/Carbot_Ros/install/carbot_imu/lib/python3.10/site-packages:${PYTHONPATH} /usr/bin/python3 setup.py egg_info --egg-base ../../build/carbot_imu build --build-base /home/henry/Workspace/SIT_Carbot/Carbot_Ros/build/carbot_imu/build install --record /home/henry/Workspace/SIT_Carbot/Carbot_Ros/build/carbot_imu/install.log --single-version-externally-managed
[9.745s] DEBUG:colcon.colcon_core.event_handler.log_command:Invoking command in '/home/henry/Workspace/SIT_Carbot/Carbot_Ros/src/carbot_launch': PYTHONPATH=/home/henry/Workspace/SIT_Carbot/Carbot_Ros/build/carbot_launch/prefix_override:/home/henry/Workspace/SIT_Carbot/Carbot_Ros/install/carbot_launch/lib/python3.10/site-packages:${PYTHONPATH} /usr/bin/python3 setup.py egg_info --egg-base ../../build/carbot_launch build --build-base /home/henry/Workspace/SIT_Carbot/Carbot_Ros/build/carbot_launch/build install --record /home/henry/Workspace/SIT_Carbot/Carbot_Ros/build/carbot_launch/install.log --single-version-externally-managed
[11.505s] DEBUG:colcon.colcon_core.event_handler.log_command:Invoked command in '/home/henry/Workspace/SIT_Carbot/Carbot_Ros/src/carbot_imu' returned '0': PYTHONPATH=/home/henry/Workspace/SIT_Carbot/Carbot_Ros/build/carbot_imu/prefix_override:/home/henry/Workspace/SIT_Carbot/Carbot_Ros/install/carbot_imu/lib/python3.10/site-packages:${PYTHONPATH} /usr/bin/python3 setup.py egg_info --egg-base ../../build/carbot_imu build --build-base /home/henry/Workspace/SIT_Carbot/Carbot_Ros/build/carbot_imu/build install --record /home/henry/Workspace/SIT_Carbot/Carbot_Ros/build/carbot_imu/install.log --single-version-externally-managed
[11.603s] Level 1:colcon.colcon_core.environment:checking '/home/henry/Workspace/SIT_Carbot/Carbot_Ros/install/carbot_imu' for CMake module files
[11.607s] Level 1:colcon.colcon_core.environment:checking '/home/henry/Workspace/SIT_Carbot/Carbot_Ros/install/carbot_imu' for CMake config files
[11.615s] Level 1:colcon.colcon_core.environment:checking '/home/henry/Workspace/SIT_Carbot/Carbot_Ros/install/carbot_imu/lib'
[11.617s] Level 1:colcon.colcon_core.environment:checking '/home/henry/Workspace/SIT_Carbot/Carbot_Ros/install/carbot_imu/bin'
[11.618s] Level 1:colcon.colcon_core.environment:checking '/home/henry/Workspace/SIT_Carbot/Carbot_Ros/install/carbot_imu/lib/pkgconfig/carbot_imu.pc'
[11.620s] Level 1:colcon.colcon_core.environment:checking '/home/henry/Workspace/SIT_Carbot/Carbot_Ros/install/carbot_imu/lib/python3.10/site-packages'
[11.621s] Level 1:colcon.colcon_core.shell:create_environment_hook('carbot_imu', 'pythonpath')
[11.631s] INFO:colcon.colcon_core.shell:Creating environment hook '/home/henry/Workspace/SIT_Carbot/Carbot_Ros/install/carbot_imu/share/carbot_imu/hook/pythonpath.ps1'
[11.635s] INFO:colcon.colcon_core.shell:Creating environment descriptor '/home/henry/Workspace/SIT_Carbot/Carbot_Ros/install/carbot_imu/share/carbot_imu/hook/pythonpath.dsv'
[11.640s] INFO:colcon.colcon_core.shell:Creating environment hook '/home/henry/Workspace/SIT_Carbot/Carbot_Ros/install/carbot_imu/share/carbot_imu/hook/pythonpath.sh'
[11.645s] Level 1:colcon.colcon_core.environment:checking '/home/henry/Workspace/SIT_Carbot/Carbot_Ros/install/carbot_imu/bin'
[11.646s] Level 1:colcon.colcon_core.environment:create_environment_scripts_only(carbot_imu)
[11.655s] INFO:colcon.colcon_core.shell:Creating package script '/home/henry/Workspace/SIT_Carbot/Carbot_Ros/install/carbot_imu/share/carbot_imu/package.ps1'
[11.665s] INFO:colcon.colcon_core.shell:Creating package descriptor '/home/henry/Workspace/SIT_Carbot/Carbot_Ros/install/carbot_imu/share/carbot_imu/package.dsv'
[11.671s] INFO:colcon.colcon_core.shell:Creating package script '/home/henry/Workspace/SIT_Carbot/Carbot_Ros/install/carbot_imu/share/carbot_imu/package.sh'
[11.681s] INFO:colcon.colcon_core.shell:Creating package script '/home/henry/Workspace/SIT_Carbot/Carbot_Ros/install/carbot_imu/share/carbot_imu/package.bash'
[11.688s] INFO:colcon.colcon_core.shell:Creating package script '/home/henry/Workspace/SIT_Carbot/Carbot_Ros/install/carbot_imu/share/carbot_imu/package.zsh'
[11.693s] Level 1:colcon.colcon_core.environment:create_file_with_runtime_dependencies(/home/henry/Workspace/SIT_Carbot/Carbot_Ros/install/carbot_imu/share/colcon-core/packages/carbot_imu)
[11.697s] INFO:colcon.colcon_ros.task.ament_cmake.build:Building ROS package in '/home/henry/Workspace/SIT_Carbot/Carbot_Ros/src/carbot_odom' with build type 'ament_cmake'
[11.698s] INFO:colcon.colcon_cmake.task.cmake.build:Building CMake package in '/home/henry/Workspace/SIT_Carbot/Carbot_Ros/src/carbot_odom'
[11.705s] INFO:colcon.colcon_core.shell:Skip shell extension 'powershell' for command environment: Not usable outside of PowerShell
[11.708s] DEBUG:colcon.colcon_core.shell:Skip shell extension 'dsv' for command environment
[11.780s] DEBUG:colcon.colcon_core.event_handler.log_command:Invoked command in '/home/henry/Workspace/SIT_Carbot/Carbot_Ros/src/carbot_launch' returned '0': PYTHONPATH=/home/henry/Workspace/SIT_Carbot/Carbot_Ros/build/carbot_launch/prefix_override:/home/henry/Workspace/SIT_Carbot/Carbot_Ros/install/carbot_launch/lib/python3.10/site-packages:${PYTHONPATH} /usr/bin/python3 setup.py egg_info --egg-base ../../build/carbot_launch build --build-base /home/henry/Workspace/SIT_Carbot/Carbot_Ros/build/carbot_launch/build install --record /home/henry/Workspace/SIT_Carbot/Carbot_Ros/build/carbot_launch/install.log --single-version-externally-managed
[11.793s] Level 1:colcon.colcon_core.environment:checking '/home/henry/Workspace/SIT_Carbot/Carbot_Ros/install/carbot_launch' for CMake module files
[11.797s] Level 1:colcon.colcon_core.environment:checking '/home/henry/Workspace/SIT_Carbot/Carbot_Ros/install/carbot_launch' for CMake config files
[11.805s] Level 1:colcon.colcon_core.environment:checking '/home/henry/Workspace/SIT_Carbot/Carbot_Ros/install/carbot_launch/lib'
[11.806s] Level 1:colcon.colcon_core.environment:checking '/home/henry/Workspace/SIT_Carbot/Carbot_Ros/install/carbot_launch/bin'
[11.807s] Level 1:colcon.colcon_core.environment:checking '/home/henry/Workspace/SIT_Carbot/Carbot_Ros/install/carbot_launch/lib/pkgconfig/carbot_launch.pc'
[11.809s] Level 1:colcon.colcon_core.environment:checking '/home/henry/Workspace/SIT_Carbot/Carbot_Ros/install/carbot_launch/lib/python3.10/site-packages'
[11.810s] Level 1:colcon.colcon_core.shell:create_environment_hook('carbot_launch', 'pythonpath')
[11.820s] INFO:colcon.colcon_core.shell:Creating environment hook '/home/henry/Workspace/SIT_Carbot/Carbot_Ros/install/carbot_launch/share/carbot_launch/hook/pythonpath.ps1'
[11.824s] INFO:colcon.colcon_core.shell:Creating environment descriptor '/home/henry/Workspace/SIT_Carbot/Carbot_Ros/install/carbot_launch/share/carbot_launch/hook/pythonpath.dsv'
[11.829s] INFO:colcon.colcon_core.shell:Creating environment hook '/home/henry/Workspace/SIT_Carbot/Carbot_Ros/install/carbot_launch/share/carbot_launch/hook/pythonpath.sh'
[11.833s] Level 1:colcon.colcon_core.environment:checking '/home/henry/Workspace/SIT_Carbot/Carbot_Ros/install/carbot_launch/bin'
[11.834s] Level 1:colcon.colcon_core.environment:create_environment_scripts_only(carbot_launch)
[11.842s] INFO:colcon.colcon_core.shell:Creating package script '/home/henry/Workspace/SIT_Carbot/Carbot_Ros/install/carbot_launch/share/carbot_launch/package.ps1'
[11.847s] INFO:colcon.colcon_core.shell:Creating package descriptor '/home/henry/Workspace/SIT_Carbot/Carbot_Ros/install/carbot_launch/share/carbot_launch/package.dsv'
[11.851s] INFO:colcon.colcon_core.shell:Creating package script '/home/henry/Workspace/SIT_Carbot/Carbot_Ros/install/carbot_launch/share/carbot_launch/package.sh'
[11.854s] INFO:colcon.colcon_core.shell:Creating package script '/home/henry/Workspace/SIT_Carbot/Carbot_Ros/install/carbot_launch/share/carbot_launch/package.bash'
[11.858s] INFO:colcon.colcon_core.shell:Creating package script '/home/henry/Workspace/SIT_Carbot/Carbot_Ros/install/carbot_launch/share/carbot_launch/package.zsh'
[11.860s] Level 1:colcon.colcon_core.environment:create_file_with_runtime_dependencies(/home/henry/Workspace/SIT_Carbot/Carbot_Ros/install/carbot_launch/share/colcon-core/packages/carbot_launch)
[11.870s] Level 1:colcon.colcon_core.environment:checking '/home/henry/Workspace/SIT_Carbot/Carbot_Ros/install/carbot_driver' for CMake module files
[11.880s] Level 1:colcon.colcon_core.environment:checking '/home/henry/Workspace/SIT_Carbot/Carbot_Ros/install/carbot_driver' for CMake config files
[11.885s] Level 1:colcon.colcon_core.environment:checking '/home/henry/Workspace/SIT_Carbot/Carbot_Ros/install/carbot_driver/lib'
[11.886s] DEBUG:colcon.colcon_core.event_handler.log_command:Invoked command in '/home/henry/Workspace/SIT_Carbot/Carbot_Ros/src/carbot_driver' returned '0': PYTHONPATH=/home/henry/Workspace/SIT_Carbot/Carbot_Ros/build/carbot_driver/prefix_override:/home/henry/Workspace/SIT_Carbot/Carbot_Ros/install/carbot_driver/lib/python3.10/site-packages:${PYTHONPATH} /usr/bin/python3 setup.py egg_info --egg-base ../../build/carbot_driver build --build-base /home/henry/Workspace/SIT_Carbot/Carbot_Ros/build/carbot_driver/build install --record /home/henry/Workspace/SIT_Carbot/Carbot_Ros/build/carbot_driver/install.log --single-version-externally-managed
[11.887s] Level 1:colcon.colcon_core.environment:checking '/home/henry/Workspace/SIT_Carbot/Carbot_Ros/install/carbot_driver/bin'
[11.887s] Level 1:colcon.colcon_core.environment:checking '/home/henry/Workspace/SIT_Carbot/Carbot_Ros/install/carbot_driver/lib/pkgconfig/carbot_driver.pc'
[11.888s] Level 1:colcon.colcon_core.environment:checking '/home/henry/Workspace/SIT_Carbot/Carbot_Ros/install/carbot_driver/lib/python3.10/site-packages'
[11.889s] Level 1:colcon.colcon_core.shell:create_environment_hook('carbot_driver', 'pythonpath')
[11.894s] INFO:colcon.colcon_core.shell:Creating environment hook '/home/henry/Workspace/SIT_Carbot/Carbot_Ros/install/carbot_driver/share/carbot_driver/hook/pythonpath.ps1'
[11.896s] INFO:colcon.colcon_core.shell:Creating environment descriptor '/home/henry/Workspace/SIT_Carbot/Carbot_Ros/install/carbot_driver/share/carbot_driver/hook/pythonpath.dsv'
[11.899s] INFO:colcon.colcon_core.shell:Creating environment hook '/home/henry/Workspace/SIT_Carbot/Carbot_Ros/install/carbot_driver/share/carbot_driver/hook/pythonpath.sh'
[11.902s] Level 1:colcon.colcon_core.environment:checking '/home/henry/Workspace/SIT_Carbot/Carbot_Ros/install/carbot_driver/bin'
[11.902s] Level 1:colcon.colcon_core.environment:create_environment_scripts_only(carbot_driver)
[11.909s] INFO:colcon.colcon_core.shell:Creating package script '/home/henry/Workspace/SIT_Carbot/Carbot_Ros/install/carbot_driver/share/carbot_driver/package.ps1'
[11.911s] INFO:colcon.colcon_core.shell:Creating package descriptor '/home/henry/Workspace/SIT_Carbot/Carbot_Ros/install/carbot_driver/share/carbot_driver/package.dsv'
[11.914s] INFO:colcon.colcon_core.shell:Creating package script '/home/henry/Workspace/SIT_Carbot/Carbot_Ros/install/carbot_driver/share/carbot_driver/package.sh'
[11.917s] INFO:colcon.colcon_core.shell:Creating package script '/home/henry/Workspace/SIT_Carbot/Carbot_Ros/install/carbot_driver/share/carbot_driver/package.bash'
[11.919s] INFO:colcon.colcon_core.shell:Creating package script '/home/henry/Workspace/SIT_Carbot/Carbot_Ros/install/carbot_driver/share/carbot_driver/package.zsh'
[11.921s] Level 1:colcon.colcon_core.environment:create_file_with_runtime_dependencies(/home/henry/Workspace/SIT_Carbot/Carbot_Ros/install/carbot_driver/share/colcon-core/packages/carbot_driver)
[11.962s] Level 1:colcon.colcon_core.environment:checking '/home/henry/Workspace/SIT_Carbot/Carbot_Ros/install/carbot_key_ctrl' for CMake module files
[11.967s] DEBUG:colcon.colcon_core.event_handler.log_command:Invoking command in '/home/henry/Workspace/SIT_Carbot/Carbot_Ros/build/carbot_odom': CMAKE_PREFIX_PATH=${CMAKE_PREFIX_PATH}:/home/henry/Workspace/SIT_Carbot/Carbot_Ros/install/carbot_launch:/home/henry/Workspace/SIT_Carbot/Carbot_Ros/install/carbot_key_ctrl:/home/henry/Workspace/SIT_Carbot/Carbot_Ros/install/carbot_imu:/home/henry/Workspace/SIT_Carbot/Carbot_Ros/install/carbot_driver:/opt/ros/humble /usr/bin/cmake --build /home/henry/Workspace/SIT_Carbot/Carbot_Ros/build/carbot_odom -- -j4 -l4
[11.969s] DEBUG:colcon.colcon_core.event_handler.log_command:Invoked command in '/home/henry/Workspace/SIT_Carbot/Carbot_Ros/src/carbot_key_ctrl' returned '0': PYTHONPATH=/home/henry/Workspace/SIT_Carbot/Carbot_Ros/build/carbot_key_ctrl/prefix_override:/home/henry/Workspace/SIT_Carbot/Carbot_Ros/install/carbot_key_ctrl/lib/python3.10/site-packages:${PYTHONPATH} /usr/bin/python3 setup.py egg_info --egg-base ../../build/carbot_key_ctrl build --build-base /home/henry/Workspace/SIT_Carbot/Carbot_Ros/build/carbot_key_ctrl/build install --record /home/henry/Workspace/SIT_Carbot/Carbot_Ros/build/carbot_key_ctrl/install.log --single-version-externally-managed
[11.971s] Level 1:colcon.colcon_core.environment:checking '/home/henry/Workspace/SIT_Carbot/Carbot_Ros/install/carbot_key_ctrl' for CMake config files
[11.976s] Level 1:colcon.colcon_core.environment:checking '/home/henry/Workspace/SIT_Carbot/Carbot_Ros/install/carbot_key_ctrl/lib'
[11.977s] Level 1:colcon.colcon_core.environment:checking '/home/henry/Workspace/SIT_Carbot/Carbot_Ros/install/carbot_key_ctrl/bin'
[11.978s] Level 1:colcon.colcon_core.environment:checking '/home/henry/Workspace/SIT_Carbot/Carbot_Ros/install/carbot_key_ctrl/lib/pkgconfig/carbot_key_ctrl.pc'
[11.979s] Level 1:colcon.colcon_core.environment:checking '/home/henry/Workspace/SIT_Carbot/Carbot_Ros/install/carbot_key_ctrl/lib/python3.10/site-packages'
[11.980s] Level 1:colcon.colcon_core.shell:create_environment_hook('carbot_key_ctrl', 'pythonpath')
[11.986s] INFO:colcon.colcon_core.shell:Creating environment hook '/home/henry/Workspace/SIT_Carbot/Carbot_Ros/install/carbot_key_ctrl/share/carbot_key_ctrl/hook/pythonpath.ps1'
[11.989s] INFO:colcon.colcon_core.shell:Creating environment descriptor '/home/henry/Workspace/SIT_Carbot/Carbot_Ros/install/carbot_key_ctrl/share/carbot_key_ctrl/hook/pythonpath.dsv'
[11.991s] INFO:colcon.colcon_core.shell:Creating environment hook '/home/henry/Workspace/SIT_Carbot/Carbot_Ros/install/carbot_key_ctrl/share/carbot_key_ctrl/hook/pythonpath.sh'
[11.993s] Level 1:colcon.colcon_core.environment:checking '/home/henry/Workspace/SIT_Carbot/Carbot_Ros/install/carbot_key_ctrl/bin'
[11.994s] Level 1:colcon.colcon_core.environment:create_environment_scripts_only(carbot_key_ctrl)
[11.999s] INFO:colcon.colcon_core.shell:Creating package script '/home/henry/Workspace/SIT_Carbot/Carbot_Ros/install/carbot_key_ctrl/share/carbot_key_ctrl/package.ps1'
[12.001s] INFO:colcon.colcon_core.shell:Creating package descriptor '/home/henry/Workspace/SIT_Carbot/Carbot_Ros/install/carbot_key_ctrl/share/carbot_key_ctrl/package.dsv'
[12.004s] INFO:colcon.colcon_core.shell:Creating package script '/home/henry/Workspace/SIT_Carbot/Carbot_Ros/install/carbot_key_ctrl/share/carbot_key_ctrl/package.sh'
[12.006s] INFO:colcon.colcon_core.shell:Creating package script '/home/henry/Workspace/SIT_Carbot/Carbot_Ros/install/carbot_key_ctrl/share/carbot_key_ctrl/package.bash'
[12.008s] INFO:colcon.colcon_core.shell:Creating package script '/home/henry/Workspace/SIT_Carbot/Carbot_Ros/install/carbot_key_ctrl/share/carbot_key_ctrl/package.zsh'
[12.009s] Level 1:colcon.colcon_core.environment:create_file_with_runtime_dependencies(/home/henry/Workspace/SIT_Carbot/Carbot_Ros/install/carbot_key_ctrl/share/colcon-core/packages/carbot_key_ctrl)
[12.624s] DEBUG:colcon.colcon_core.event_handler.log_command:Invoked command in '/home/henry/Workspace/SIT_Carbot/Carbot_Ros/build/carbot_odom' returned '0': CMAKE_PREFIX_PATH=${CMAKE_PREFIX_PATH}:/home/henry/Workspace/SIT_Carbot/Carbot_Ros/install/carbot_launch:/home/henry/Workspace/SIT_Carbot/Carbot_Ros/install/carbot_key_ctrl:/home/henry/Workspace/SIT_Carbot/Carbot_Ros/install/carbot_imu:/home/henry/Workspace/SIT_Carbot/Carbot_Ros/install/carbot_driver:/opt/ros/humble /usr/bin/cmake --build /home/henry/Workspace/SIT_Carbot/Carbot_Ros/build/carbot_odom -- -j4 -l4
[12.766s] DEBUG:colcon.colcon_core.event_handler.log_command:Invoking command in '/home/henry/Workspace/SIT_Carbot/Carbot_Ros/build/carbot_odom': CMAKE_PREFIX_PATH=${CMAKE_PREFIX_PATH}:/home/henry/Workspace/SIT_Carbot/Carbot_Ros/install/carbot_launch:/home/henry/Workspace/SIT_Carbot/Carbot_Ros/install/carbot_key_ctrl:/home/henry/Workspace/SIT_Carbot/Carbot_Ros/install/carbot_imu:/home/henry/Workspace/SIT_Carbot/Carbot_Ros/install/carbot_driver:/opt/ros/humble /usr/bin/cmake --install /home/henry/Workspace/SIT_Carbot/Carbot_Ros/build/carbot_odom
[12.814s] Level 1:colcon.colcon_core.environment:create_environment_scripts_only(carbot_odom)
[12.822s] Level 1:colcon.colcon_core.environment:checking '/home/henry/Workspace/SIT_Carbot/Carbot_Ros/install/carbot_odom' for CMake module files
[12.823s] DEBUG:colcon.colcon_core.event_handler.log_command:Invoked command in '/home/henry/Workspace/SIT_Carbot/Carbot_Ros/build/carbot_odom' returned '0': CMAKE_PREFIX_PATH=${CMAKE_PREFIX_PATH}:/home/henry/Workspace/SIT_Carbot/Carbot_Ros/install/carbot_launch:/home/henry/Workspace/SIT_Carbot/Carbot_Ros/install/carbot_key_ctrl:/home/henry/Workspace/SIT_Carbot/Carbot_Ros/install/carbot_imu:/home/henry/Workspace/SIT_Carbot/Carbot_Ros/install/carbot_driver:/opt/ros/humble /usr/bin/cmake --install /home/henry/Workspace/SIT_Carbot/Carbot_Ros/build/carbot_odom
[12.825s] Level 1:colcon.colcon_core.environment:checking '/home/henry/Workspace/SIT_Carbot/Carbot_Ros/install/carbot_odom' for CMake config files
[12.827s] Level 1:colcon.colcon_core.shell:create_environment_hook('carbot_odom', 'cmake_prefix_path')
[12.831s] INFO:colcon.colcon_core.shell:Creating environment hook '/home/henry/Workspace/SIT_Carbot/Carbot_Ros/install/carbot_odom/share/carbot_odom/hook/cmake_prefix_path.ps1'
[12.834s] INFO:colcon.colcon_core.shell:Creating environment descriptor '/home/henry/Workspace/SIT_Carbot/Carbot_Ros/install/carbot_odom/share/carbot_odom/hook/cmake_prefix_path.dsv'
[12.836s] INFO:colcon.colcon_core.shell:Creating environment hook '/home/henry/Workspace/SIT_Carbot/Carbot_Ros/install/carbot_odom/share/carbot_odom/hook/cmake_prefix_path.sh'
[12.839s] Level 1:colcon.colcon_core.environment:checking '/home/henry/Workspace/SIT_Carbot/Carbot_Ros/install/carbot_odom/lib'
[12.840s] Level 1:colcon.colcon_core.environment:checking '/home/henry/Workspace/SIT_Carbot/Carbot_Ros/install/carbot_odom/bin'
[12.840s] Level 1:colcon.colcon_core.environment:checking '/home/henry/Workspace/SIT_Carbot/Carbot_Ros/install/carbot_odom/lib/pkgconfig/carbot_odom.pc'
[12.841s] Level 1:colcon.colcon_core.environment:checking '/home/henry/Workspace/SIT_Carbot/Carbot_Ros/install/carbot_odom/lib/python3.10/site-packages'
[12.842s] Level 1:colcon.colcon_core.environment:checking '/home/henry/Workspace/SIT_Carbot/Carbot_Ros/install/carbot_odom/bin'
[12.847s] INFO:colcon.colcon_core.shell:Creating package script '/home/henry/Workspace/SIT_Carbot/Carbot_Ros/install/carbot_odom/share/carbot_odom/package.ps1'
[12.849s] INFO:colcon.colcon_core.shell:Creating package descriptor '/home/henry/Workspace/SIT_Carbot/Carbot_Ros/install/carbot_odom/share/carbot_odom/package.dsv'
[12.851s] INFO:colcon.colcon_core.shell:Creating package script '/home/henry/Workspace/SIT_Carbot/Carbot_Ros/install/carbot_odom/share/carbot_odom/package.sh'
[12.853s] INFO:colcon.colcon_core.shell:Creating package script '/home/henry/Workspace/SIT_Carbot/Carbot_Ros/install/carbot_odom/share/carbot_odom/package.bash'
[12.855s] INFO:colcon.colcon_core.shell:Creating package script '/home/henry/Workspace/SIT_Carbot/Carbot_Ros/install/carbot_odom/share/carbot_odom/package.zsh'
[12.856s] Level 1:colcon.colcon_core.environment:create_file_with_runtime_dependencies(/home/henry/Workspace/SIT_Carbot/Carbot_Ros/install/carbot_odom/share/colcon-core/packages/carbot_odom)
[12.974s] Level 1:colcon.colcon_core.environment:create_environment_scripts_only(carbot_odom)
[12.983s] Level 1:colcon.colcon_core.environment:checking '/home/henry/Workspace/SIT_Carbot/Carbot_Ros/install/carbot_odom' for CMake module files
[12.987s] Level 1:colcon.colcon_core.environment:checking '/home/henry/Workspace/SIT_Carbot/Carbot_Ros/install/carbot_odom' for CMake config files
[12.989s] Level 1:colcon.colcon_core.shell:create_environment_hook('carbot_odom', 'cmake_prefix_path')
[12.994s] INFO:colcon.colcon_core.shell:Creating environment hook '/home/henry/Workspace/SIT_Carbot/Carbot_Ros/install/carbot_odom/share/carbot_odom/hook/cmake_prefix_path.ps1'
[12.996s] INFO:colcon.colcon_core.shell:Creating environment descriptor '/home/henry/Workspace/SIT_Carbot/Carbot_Ros/install/carbot_odom/share/carbot_odom/hook/cmake_prefix_path.dsv'
[12.999s] INFO:colcon.colcon_core.shell:Creating environment hook '/home/henry/Workspace/SIT_Carbot/Carbot_Ros/install/carbot_odom/share/carbot_odom/hook/cmake_prefix_path.sh'
[13.002s] Level 1:colcon.colcon_core.environment:checking '/home/henry/Workspace/SIT_Carbot/Carbot_Ros/install/carbot_odom/lib'
[13.003s] Level 1:colcon.colcon_core.environment:checking '/home/henry/Workspace/SIT_Carbot/Carbot_Ros/install/carbot_odom/bin'
[13.004s] Level 1:colcon.colcon_core.environment:checking '/home/henry/Workspace/SIT_Carbot/Carbot_Ros/install/carbot_odom/lib/pkgconfig/carbot_odom.pc'
[13.005s] Level 1:colcon.colcon_core.environment:checking '/home/henry/Workspace/SIT_Carbot/Carbot_Ros/install/carbot_odom/lib/python3.10/site-packages'
[13.006s] Level 1:colcon.colcon_core.environment:checking '/home/henry/Workspace/SIT_Carbot/Carbot_Ros/install/carbot_odom/bin'
[13.012s] INFO:colcon.colcon_core.shell:Creating package script '/home/henry/Workspace/SIT_Carbot/Carbot_Ros/install/carbot_odom/share/carbot_odom/package.ps1'
[13.015s] INFO:colcon.colcon_core.shell:Creating package descriptor '/home/henry/Workspace/SIT_Carbot/Carbot_Ros/install/carbot_odom/share/carbot_odom/package.dsv'
[13.018s] INFO:colcon.colcon_core.shell:Creating package script '/home/henry/Workspace/SIT_Carbot/Carbot_Ros/install/carbot_odom/share/carbot_odom/package.sh'
[13.021s] INFO:colcon.colcon_core.shell:Creating package script '/home/henry/Workspace/SIT_Carbot/Carbot_Ros/install/carbot_odom/share/carbot_odom/package.bash'
[13.023s] INFO:colcon.colcon_core.shell:Creating package script '/home/henry/Workspace/SIT_Carbot/Carbot_Ros/install/carbot_odom/share/carbot_odom/package.zsh'
[13.026s] Level 1:colcon.colcon_core.environment:create_file_with_runtime_dependencies(/home/henry/Workspace/SIT_Carbot/Carbot_Ros/install/carbot_odom/share/colcon-core/packages/carbot_odom)
[13.027s] DEBUG:colcon.colcon_parallel_executor.executor.parallel:closing loop
[13.029s] DEBUG:colcon.colcon_parallel_executor.executor.parallel:loop closed
[13.029s] DEBUG:colcon.colcon_parallel_executor.executor.parallel:run_until_complete finished with '0'
[13.030s] DEBUG:colcon.colcon_core.event_reactor:joining thread
[13.056s] INFO:colcon.colcon_core.plugin_system:Skipping extension 'colcon_notification.desktop_notification.notify_send': Could not find 'notify-send'
[13.057s] INFO:colcon.colcon_core.plugin_system:Skipping extension 'colcon_notification.desktop_notification.terminal_notifier': Not used on non-Darwin systems
[13.057s] INFO:colcon.colcon_core.plugin_system:Skipping extension 'colcon_notification.desktop_notification.win32': Not used on non-Windows systems
[13.057s] INFO:colcon.colcon_notification.desktop_notification:Sending desktop notification using 'notify2'
[13.104s] DEBUG:colcon.colcon_notification.desktop_notification.notify2:Failed to initialize notify2: org.freedesktop.DBus.Error.ServiceUnknown: The name org.freedesktop.Notifications was not provided by any .service files
[13.105s] DEBUG:colcon.colcon_core.event_reactor:joined thread
[13.110s] INFO:colcon.colcon_core.shell:Creating prefix script '/home/henry/Workspace/SIT_Carbot/Carbot_Ros/install/local_setup.ps1'
[13.114s] INFO:colcon.colcon_core.shell:Creating prefix util module '/home/henry/Workspace/SIT_Carbot/Carbot_Ros/install/_local_setup_util_ps1.py'
[13.121s] INFO:colcon.colcon_core.shell:Creating prefix chain script '/home/henry/Workspace/SIT_Carbot/Carbot_Ros/install/setup.ps1'
[13.128s] INFO:colcon.colcon_core.shell:Creating prefix script '/home/henry/Workspace/SIT_Carbot/Carbot_Ros/install/local_setup.sh'
[13.132s] INFO:colcon.colcon_core.shell:Creating prefix util module '/home/henry/Workspace/SIT_Carbot/Carbot_Ros/install/_local_setup_util_sh.py'
[13.134s] INFO:colcon.colcon_core.shell:Creating prefix chain script '/home/henry/Workspace/SIT_Carbot/Carbot_Ros/install/setup.sh'
[13.141s] INFO:colcon.colcon_core.shell:Creating prefix script '/home/henry/Workspace/SIT_Carbot/Carbot_Ros/install/local_setup.bash'
[13.145s] INFO:colcon.colcon_core.shell:Creating prefix chain script '/home/henry/Workspace/SIT_Carbot/Carbot_Ros/install/setup.bash'
[13.153s] INFO:colcon.colcon_core.shell:Creating prefix script '/home/henry/Workspace/SIT_Carbot/Carbot_Ros/install/local_setup.zsh'
[13.156s] INFO:colcon.colcon_core.shell:Creating prefix chain script '/home/henry/Workspace/SIT_Carbot/Carbot_Ros/install/setup.zsh'
