-- The C compiler identification is GNU 11.4.0
-- The CXX compiler identification is GNU 11.4.0
-- Detecting C compiler ABI info
-- Detecting C compiler ABI info - done
-- Check for working C compiler: /usr/bin/cc - skipped
-- Detecting C compile features
-- Detecting C compile features - done
-- Detecting CXX compiler ABI info
-- Detecting CXX compiler ABI info - done
-- Check for working CXX compiler: /usr/bin/c++ - skipped
-- Detecting CXX compile features
-- Detecting CXX compile features - done
-- Found tf2: 0.25.3 (/opt/ros/humble/share/tf2/cmake)
-- Found Python3: /usr/bin/python3.10 (found version "3.10.12") found components: Interpreter 
-- Found rosidl_generator_c: 3.1.5 (/opt/ros/humble/share/rosidl_generator_c/cmake)
-- Found rosidl_adapter: 3.1.5 (/opt/ros/humble/share/rosidl_adapter/cmake)
-- Found rosidl_generator_cpp: 3.1.5 (/opt/ros/humble/share/rosidl_generator_cpp/cmake)
-- Using all available rosidl_typesupport_c: rosidl_typesupport_fastrtps_c;rosidl_typesupport_introspection_c
-- Using all available rosidl_typesupport_cpp: rosidl_typesupport_fastrtps_cpp;rosidl_typesupport_introspection_cpp
-- Found tf2_ros: 0.25.3 (/opt/ros/humble/share/tf2_ros/cmake)
-- Found rmw_implementation_cmake: 6.1.1 (/opt/ros/humble/share/rmw_implementation_cmake/cmake)
-- Found rmw_fastrtps_cpp: 6.2.3 (/opt/ros/humble/share/rmw_fastrtps_cpp/cmake)
-- Found OpenSSL: /usr/lib/aarch64-linux-gnu/libcrypto.so (found version "3.0.2")  
-- Found FastRTPS: /opt/ros/humble/include  
-- Using RMW implementation 'rmw_fastrtps_cpp' as default
-- Looking for pthread.h
-- Looking for pthread.h - found
-- Performing Test CMAKE_HAVE_LIBC_PTHREAD
-- Performing Test CMAKE_HAVE_LIBC_PTHREAD - Success
-- Found Threads: TRUE  
-- Found nav_msgs: 4.2.3 (/opt/ros/humble/share/nav_msgs/cmake)
-- Found ament_lint_auto: 0.12.7 (/opt/ros/humble/share/ament_lint_auto/cmake)
-- Added test 'cppcheck' to perform static code analysis on C / C++ code
-- Configured cppcheck include dirs: 
-- Configured cppcheck exclude dirs and/or files: 
-- Added test 'lint_cmake' to check CMake code style
-- Added test 'uncrustify' to check C / C++ code style
-- Configured uncrustify additional arguments: 
-- Added test 'xmllint' to check XML markup files
-- Configuring done
-- Generating done
-- Build files have been written to: /home/henry/Workspace/SIT_Carbot/Carbot_Ros/build/carbot_odom
[ 50%] [32mBuilding CXX object CMakeFiles/carbot_odom.dir/src/carbot_odom_data.cpp.o[0m
[100%] [32m[1mLinking CXX executable carbot_odom[0m
[100%] Built target carbot_odom
-- Install configuration: ""
-- Installing: /home/henry/Workspace/SIT_Carbot/Carbot_Ros/install/carbot_odom/lib/carbot_odom/carbot_odom
-- Set runtime path of "/home/henry/Workspace/SIT_Carbot/Carbot_Ros/install/carbot_odom/lib/carbot_odom/carbot_odom" to ""
-- Installing: /home/henry/Workspace/SIT_Carbot/Carbot_Ros/install/carbot_odom/share/ament_index/resource_index/package_run_dependencies/carbot_odom
-- Installing: /home/henry/Workspace/SIT_Carbot/Carbot_Ros/install/carbot_odom/share/ament_index/resource_index/parent_prefix_path/carbot_odom
-- Installing: /home/henry/Workspace/SIT_Carbot/Carbot_Ros/install/carbot_odom/share/carbot_odom/environment/ament_prefix_path.sh
-- Installing: /home/henry/Workspace/SIT_Carbot/Carbot_Ros/install/carbot_odom/share/carbot_odom/environment/ament_prefix_path.dsv
-- Installing: /home/henry/Workspace/SIT_Carbot/Carbot_Ros/install/carbot_odom/share/carbot_odom/environment/path.sh
-- Installing: /home/henry/Workspace/SIT_Carbot/Carbot_Ros/install/carbot_odom/share/carbot_odom/environment/path.dsv
-- Installing: /home/henry/Workspace/SIT_Carbot/Carbot_Ros/install/carbot_odom/share/carbot_odom/local_setup.bash
-- Installing: /home/henry/Workspace/SIT_Carbot/Carbot_Ros/install/carbot_odom/share/carbot_odom/local_setup.sh
-- Installing: /home/henry/Workspace/SIT_Carbot/Carbot_Ros/install/carbot_odom/share/carbot_odom/local_setup.zsh
-- Installing: /home/henry/Workspace/SIT_Carbot/Carbot_Ros/install/carbot_odom/share/carbot_odom/local_setup.dsv
-- Installing: /home/henry/Workspace/SIT_Carbot/Carbot_Ros/install/carbot_odom/share/carbot_odom/package.dsv
-- Installing: /home/henry/Workspace/SIT_Carbot/Carbot_Ros/install/carbot_odom/share/ament_index/resource_index/packages/carbot_odom
-- Installing: /home/henry/Workspace/SIT_Carbot/Carbot_Ros/install/carbot_odom/share/carbot_odom/cmake/carbot_odomConfig.cmake
-- Installing: /home/henry/Workspace/SIT_Carbot/Carbot_Ros/install/carbot_odom/share/carbot_odom/cmake/carbot_odomConfig-version.cmake
-- Installing: /home/henry/Workspace/SIT_Carbot/Carbot_Ros/install/carbot_odom/share/carbot_odom/package.xml
