[4.547s] DEBUG:colcon:Command line arguments: ['/usr/bin/colcon', 'build']
[4.548s] DEBUG:colcon:Parsed command line arguments: Namespace(log_base=None, log_level=None, verb_name='build', build_base='build', install_base='install', merge_install=False, symlink_install=False, test_result_base=None, continue_on_error=False, executor='parallel', parallel_workers=4, event_handlers=None, ignore_user_meta=False, metas=['./colcon.meta'], base_paths=['.'], packages_ignore=None, packages_ignore_regex=None, paths=None, packages_up_to=None, packages_up_to_regex=None, packages_above=None, packages_above_and_dependencies=None, packages_above_depth=None, packages_select_by_dep=None, packages_skip_by_dep=None, packages_skip_up_to=None, packages_select_build_failed=False, packages_skip_build_finished=False, packages_select_test_failures=False, packages_skip_test_passed=False, packages_select=None, packages_skip=None, packages_select_regex=None, packages_skip_regex=None, packages_start=None, packages_end=None, allow_overriding=[], cmake_args=None, cmake_target=None, cmake_target_skip_unavailable=False, cmake_clean_cache=False, cmake_clean_first=False, cmake_force_configure=False, ament_cmake_args=None, catkin_cmake_args=None, catkin_skip_building_tests=False, verb_parser=<colcon_defaults.argument_parser.defaults.DefaultArgumentsDecorator object at 0xffff85f6d030>, verb_extension=<colcon_core.verb.build.BuildVerb object at 0xffff86495ed0>, main=<bound method BuildVerb.main of <colcon_core.verb.build.BuildVerb object at 0xffff86495ed0>>)
[4.762s] Level 1:colcon.colcon_core.package_discovery:discover_packages(colcon_meta) check parameters
[4.763s] Level 1:colcon.colcon_core.package_discovery:discover_packages(recursive) check parameters
[4.763s] Level 1:colcon.colcon_core.package_discovery:discover_packages(ignore) check parameters
[4.763s] Level 1:colcon.colcon_core.package_discovery:discover_packages(path) check parameters
[4.764s] Level 1:colcon.colcon_core.package_discovery:discover_packages(colcon_meta) discover
[4.764s] Level 1:colcon.colcon_core.package_discovery:discover_packages(recursive) discover
[4.764s] INFO:colcon.colcon_core.package_discovery:Crawling recursively for packages in '/home/sit/Workspace/Carbot/Carbot_Ros/src/carbot_plan/carbot_plan'
[4.765s] Level 1:colcon.colcon_core.package_identification:_identify(.) by extensions ['ignore', 'ignore_ament_install']
[4.765s] Level 1:colcon.colcon_core.package_identification:_identify(.) by extension 'ignore'
[4.766s] Level 1:colcon.colcon_core.package_identification:_identify(.) by extension 'ignore_ament_install'
[4.766s] Level 1:colcon.colcon_core.package_identification:_identify(.) by extensions ['colcon_pkg']
[4.766s] Level 1:colcon.colcon_core.package_identification:_identify(.) by extension 'colcon_pkg'
[4.767s] Level 1:colcon.colcon_core.package_identification:_identify(.) by extensions ['colcon_meta']
[4.767s] Level 1:colcon.colcon_core.package_identification:_identify(.) by extension 'colcon_meta'
[4.767s] Level 1:colcon.colcon_core.package_identification:_identify(.) by extensions ['ros']
[4.767s] Level 1:colcon.colcon_core.package_identification:_identify(.) by extension 'ros'
[4.813s] Level 1:colcon.colcon_core.package_identification:_identify(.) by extensions ['cmake', 'python']
[4.814s] Level 1:colcon.colcon_core.package_identification:_identify(.) by extension 'cmake'
[4.814s] Level 1:colcon.colcon_core.package_identification:_identify(.) by extension 'python'
[4.814s] Level 1:colcon.colcon_core.package_identification:_identify(.) by extensions ['python_setup_py']
[4.815s] Level 1:colcon.colcon_core.package_identification:_identify(.) by extension 'python_setup_py'
[4.815s] Level 1:colcon.colcon_core.package_identification:_identify(build) by extensions ['ignore', 'ignore_ament_install']
[4.816s] Level 1:colcon.colcon_core.package_identification:_identify(build) by extension 'ignore'
[4.816s] Level 1:colcon.colcon_core.package_identification:_identify(build) ignored
[4.817s] Level 1:colcon.colcon_core.package_identification:_identify(install) by extensions ['ignore', 'ignore_ament_install']
[4.818s] Level 1:colcon.colcon_core.package_identification:_identify(install) by extension 'ignore'
[4.818s] Level 1:colcon.colcon_core.package_identification:_identify(install) ignored
[4.819s] Level 1:colcon.colcon_core.package_identification:_identify(log) by extensions ['ignore', 'ignore_ament_install']
[4.819s] Level 1:colcon.colcon_core.package_identification:_identify(log) by extension 'ignore'
[4.820s] Level 1:colcon.colcon_core.package_identification:_identify(log) ignored
[4.820s] Level 1:colcon.colcon_core.package_discovery:discover_packages(recursive) using defaults
[4.820s] Level 1:colcon.colcon_core.package_discovery:discover_packages(ignore) discover
[4.820s] Level 1:colcon.colcon_core.package_discovery:discover_packages(ignore) using defaults
[4.820s] Level 1:colcon.colcon_core.package_discovery:discover_packages(path) discover
[4.821s] Level 1:colcon.colcon_core.package_discovery:discover_packages(path) using defaults
[5.235s] Level 1:colcon.colcon_core.package_discovery:discover_packages(prefix_path) check parameters
[5.235s] Level 1:colcon.colcon_core.package_discovery:discover_packages(prefix_path) discover
[5.407s] DEBUG:colcon.colcon_installed_package_information.package_discovery:Found 6 installed packages in /home/sit/Workspace/Carbot/Carbot_Ros/install
[5.481s] DEBUG:colcon.colcon_installed_package_information.package_discovery:Found 272 installed packages in /opt/ros/humble
[5.488s] Level 1:colcon.colcon_core.package_discovery:discover_packages(prefix_path) using defaults
[5.897s] INFO:colcon.colcon_core.executor:Executing jobs using 'parallel' executor
[5.968s] DEBUG:colcon.colcon_parallel_executor.executor.parallel:run_until_complete
[5.968s] DEBUG:colcon.colcon_parallel_executor.executor.parallel:closing loop
[5.969s] DEBUG:colcon.colcon_parallel_executor.executor.parallel:loop closed
[5.969s] DEBUG:colcon.colcon_parallel_executor.executor.parallel:run_until_complete finished with '0'
[5.969s] DEBUG:colcon.colcon_core.event_reactor:joining thread
[6.068s] INFO:colcon.colcon_core.plugin_system:Skipping extension 'colcon_notification.desktop_notification.terminal_notifier': Not used on non-Darwin systems
[6.069s] INFO:colcon.colcon_core.plugin_system:Skipping extension 'colcon_notification.desktop_notification.win32': Not used on non-Windows systems
[6.069s] INFO:colcon.colcon_notification.desktop_notification:Sending desktop notification using 'notify2'
[6.117s] DEBUG:colcon.colcon_core.event_reactor:joined thread
[6.196s] INFO:colcon.colcon_core.plugin_system:Skipping extension 'colcon_core.shell.bat': Not used on non-Windows systems
[6.198s] INFO:colcon.colcon_core.shell:Creating prefix script '/home/sit/Workspace/Carbot/Carbot_Ros/src/carbot_plan/carbot_plan/install/local_setup.ps1'
[6.203s] INFO:colcon.colcon_core.shell:Creating prefix util module '/home/sit/Workspace/Carbot/Carbot_Ros/src/carbot_plan/carbot_plan/install/_local_setup_util_ps1.py'
[6.210s] INFO:colcon.colcon_core.shell:Creating prefix chain script '/home/sit/Workspace/Carbot/Carbot_Ros/src/carbot_plan/carbot_plan/install/setup.ps1'
[6.286s] INFO:colcon.colcon_core.shell:Creating prefix script '/home/sit/Workspace/Carbot/Carbot_Ros/src/carbot_plan/carbot_plan/install/local_setup.sh'
[6.290s] INFO:colcon.colcon_core.shell:Creating prefix util module '/home/sit/Workspace/Carbot/Carbot_Ros/src/carbot_plan/carbot_plan/install/_local_setup_util_sh.py'
[6.294s] INFO:colcon.colcon_core.shell:Creating prefix chain script '/home/sit/Workspace/Carbot/Carbot_Ros/src/carbot_plan/carbot_plan/install/setup.sh'
[6.372s] INFO:colcon.colcon_core.shell:Creating prefix script '/home/sit/Workspace/Carbot/Carbot_Ros/src/carbot_plan/carbot_plan/install/local_setup.bash'
[6.376s] INFO:colcon.colcon_core.shell:Creating prefix chain script '/home/sit/Workspace/Carbot/Carbot_Ros/src/carbot_plan/carbot_plan/install/setup.bash'
[6.460s] INFO:colcon.colcon_core.shell:Creating prefix script '/home/sit/Workspace/Carbot/Carbot_Ros/src/carbot_plan/carbot_plan/install/local_setup.zsh'
[6.464s] INFO:colcon.colcon_core.shell:Creating prefix chain script '/home/sit/Workspace/Carbot/Carbot_Ros/src/carbot_plan/carbot_plan/install/setup.zsh'
