[7.990s] Invoking command in '/home/henry/Workspace/SIT_Carbot/Carbot_Ros/src/carbot_key_ctrl': PYTHONPATH=/home/henry/Workspace/SIT_Carbot/Carbot_Ros/build/carbot_key_ctrl/prefix_override:/home/henry/Workspace/SIT_Carbot/Carbot_Ros/install/carbot_key_ctrl/lib/python3.10/site-packages:${PYTHONPATH} /usr/bin/python3 setup.py egg_info --egg-base ../../build/carbot_key_ctrl build --build-base /home/henry/Workspace/SIT_Carbot/Carbot_Ros/build/carbot_key_ctrl/build install --record /home/henry/Workspace/SIT_Carbot/Carbot_Ros/build/carbot_key_ctrl/install.log --single-version-externally-managed
[10.126s] running egg_info
[10.129s] writing ../../build/carbot_key_ctrl/carbot_key_ctrl.egg-info/PKG-INFO
[10.131s] writing dependency_links to ../../build/carbot_key_ctrl/carbot_key_ctrl.egg-info/dependency_links.txt
[10.135s] writing entry points to ../../build/carbot_key_ctrl/carbot_key_ctrl.egg-info/entry_points.txt
[10.136s] writing requirements to ../../build/carbot_key_ctrl/carbot_key_ctrl.egg-info/requires.txt
[10.143s] writing top-level names to ../../build/carbot_key_ctrl/carbot_key_ctrl.egg-info/top_level.txt
[10.150s] reading manifest file '../../build/carbot_key_ctrl/carbot_key_ctrl.egg-info/SOURCES.txt'
[10.156s] writing manifest file '../../build/carbot_key_ctrl/carbot_key_ctrl.egg-info/SOURCES.txt'
[10.158s] running build
[10.162s] running build_py
[10.163s] running install
[10.164s] /usr/lib/python3/dist-packages/setuptools/command/install.py:34: SetuptoolsDeprecationWarning: setup.py install is deprecated. Use build and pip and other standards-based tools.
[10.165s]   warnings.warn(
[10.165s] running install_lib
[10.181s] running install_data
[10.183s] running install_egg_info
[10.205s] removing '/home/henry/Workspace/SIT_Carbot/Carbot_Ros/install/carbot_key_ctrl/lib/python3.10/site-packages/carbot_key_ctrl-0.0.0-py3.10.egg-info' (and everything under it)
[10.206s] Copying ../../build/carbot_key_ctrl/carbot_key_ctrl.egg-info to /home/henry/Workspace/SIT_Carbot/Carbot_Ros/install/carbot_key_ctrl/lib/python3.10/site-packages/carbot_key_ctrl-0.0.0-py3.10.egg-info
[10.207s] running install_scripts
[10.412s] Installing carbot_key_ctrl script to /home/henry/Workspace/SIT_Carbot/Carbot_Ros/install/carbot_key_ctrl/lib/carbot_key_ctrl
[10.421s] writing list of installed files to '/home/henry/Workspace/SIT_Carbot/Carbot_Ros/build/carbot_key_ctrl/install.log'
[10.652s] Invoked command in '/home/henry/Workspace/SIT_Carbot/Carbot_Ros/src/carbot_key_ctrl' returned '0': PYTHONPATH=/home/henry/Workspace/SIT_Carbot/Carbot_Ros/build/carbot_key_ctrl/prefix_override:/home/henry/Workspace/SIT_Carbot/Carbot_Ros/install/carbot_key_ctrl/lib/python3.10/site-packages:${PYTHONPATH} /usr/bin/python3 setup.py egg_info --egg-base ../../build/carbot_key_ctrl build --build-base /home/henry/Workspace/SIT_Carbot/Carbot_Ros/build/carbot_key_ctrl/build install --record /home/henry/Workspace/SIT_Carbot/Carbot_Ros/build/carbot_key_ctrl/install.log --single-version-externally-managed
