[7.140s] Invoking command in '/home/henry/Workspace/SIT_Carbot/Carbot_Ros/src/carbot_driver': PYTHONPATH=/home/henry/Workspace/SIT_Carbot/Carbot_Ros/build/carbot_driver/prefix_override:/home/henry/Workspace/SIT_Carbot/Carbot_Ros/install/carbot_driver/lib/python3.10/site-packages:${PYTHONPATH} /usr/bin/python3 setup.py egg_info --egg-base ../../build/carbot_driver build --build-base /home/henry/Workspace/SIT_Carbot/Carbot_Ros/build/carbot_driver/build install --record /home/henry/Workspace/SIT_Carbot/Carbot_Ros/build/carbot_driver/install.log --single-version-externally-managed
[8.879s] running egg_info
[8.897s] writing ../../build/carbot_driver/carbot_driver.egg-info/PKG-INFO
[8.898s] writing dependency_links to ../../build/carbot_driver/carbot_driver.egg-info/dependency_links.txt
[8.899s] writing entry points to ../../build/carbot_driver/carbot_driver.egg-info/entry_points.txt
[8.900s] writing requirements to ../../build/carbot_driver/carbot_driver.egg-info/requires.txt
[8.901s] writing top-level names to ../../build/carbot_driver/carbot_driver.egg-info/top_level.txt
[8.919s] reading manifest file '../../build/carbot_driver/carbot_driver.egg-info/SOURCES.txt'
[8.920s] writing manifest file '../../build/carbot_driver/carbot_driver.egg-info/SOURCES.txt'
[8.922s] running build
[8.922s] running build_py
[8.923s] running install
[8.924s] running install_lib
[8.926s] /usr/lib/python3/dist-packages/setuptools/command/install.py:34: SetuptoolsDeprecationWarning: setup.py install is deprecated. Use build and pip and other standards-based tools.
[8.927s]   warnings.warn(
[8.932s] running install_data
[8.932s] running install_egg_info
[8.940s] removing '/home/henry/Workspace/SIT_Carbot/Carbot_Ros/install/carbot_driver/lib/python3.10/site-packages/carbot_driver-0.0.0-py3.10.egg-info' (and everything under it)
[8.941s] Copying ../../build/carbot_driver/carbot_driver.egg-info to /home/henry/Workspace/SIT_Carbot/Carbot_Ros/install/carbot_driver/lib/python3.10/site-packages/carbot_driver-0.0.0-py3.10.egg-info
[8.949s] running install_scripts
[9.076s] Installing carbot_driver script to /home/henry/Workspace/SIT_Carbot/Carbot_Ros/install/carbot_driver/lib/carbot_driver
[9.080s] writing list of installed files to '/home/henry/Workspace/SIT_Carbot/Carbot_Ros/build/carbot_driver/install.log'
[9.288s] Invoked command in '/home/henry/Workspace/SIT_Carbot/Carbot_Ros/src/carbot_driver' returned '0': PYTHONPATH=/home/henry/Workspace/SIT_Carbot/Carbot_Ros/build/carbot_driver/prefix_override:/home/henry/Workspace/SIT_Carbot/Carbot_Ros/install/carbot_driver/lib/python3.10/site-packages:${PYTHONPATH} /usr/bin/python3 setup.py egg_info --egg-base ../../build/carbot_driver build --build-base /home/henry/Workspace/SIT_Carbot/Carbot_Ros/build/carbot_driver/build install --record /home/henry/Workspace/SIT_Carbot/Carbot_Ros/build/carbot_driver/install.log --single-version-externally-managed
