[5.764s] Invoking command in '/home/henry/Workspace/SIT_Carbot/Carbot_Ros/src/carbot_imu': PYTHONPATH=/home/henry/Workspace/SIT_Carbot/Carbot_Ros/build/carbot_imu/prefix_override:/home/henry/Workspace/SIT_Carbot/Carbot_Ros/install/carbot_imu/lib/python3.10/site-packages:${PYTHONPATH} /usr/bin/python3 setup.py egg_info --egg-base ../../build/carbot_imu build --build-base /home/henry/Workspace/SIT_Carbot/Carbot_Ros/build/carbot_imu/build install --record /home/henry/Workspace/SIT_Carbot/Carbot_Ros/build/carbot_imu/install.log --single-version-externally-managed
[7.552s] running egg_info
[7.555s] writing ../../build/carbot_imu/carbot_imu.egg-info/PKG-INFO
[7.560s] writing dependency_links to ../../build/carbot_imu/carbot_imu.egg-info/dependency_links.txt
[7.562s] writing entry points to ../../build/carbot_imu/carbot_imu.egg-info/entry_points.txt
[7.563s] writing requirements to ../../build/carbot_imu/carbot_imu.egg-info/requires.txt
[7.564s] writing top-level names to ../../build/carbot_imu/carbot_imu.egg-info/top_level.txt
[7.572s] reading manifest file '../../build/carbot_imu/carbot_imu.egg-info/SOURCES.txt'
[7.582s] writing manifest file '../../build/carbot_imu/carbot_imu.egg-info/SOURCES.txt'
[7.585s] running build
[7.585s] running build_py
[7.596s] running install
[7.597s] /usr/lib/python3/dist-packages/setuptools/command/install.py:34: SetuptoolsDeprecationWarning: setup.py install is deprecated. Use build and pip and other standards-based tools.
[7.598s]   warnings.warn(
[7.599s] running install_lib
[7.599s] running install_data
[7.628s] running install_egg_info
[7.661s] removing '/home/henry/Workspace/SIT_Carbot/Carbot_Ros/install/carbot_imu/lib/python3.10/site-packages/carbot_imu-0.0.0-py3.10.egg-info' (and everything under it)
[7.671s] Copying ../../build/carbot_imu/carbot_imu.egg-info to /home/henry/Workspace/SIT_Carbot/Carbot_Ros/install/carbot_imu/lib/python3.10/site-packages/carbot_imu-0.0.0-py3.10.egg-info
[7.691s] running install_scripts
[7.854s] Installing carbot_imu_data script to /home/henry/Workspace/SIT_Carbot/Carbot_Ros/install/carbot_imu/lib/carbot_imu
[7.856s] writing list of installed files to '/home/henry/Workspace/SIT_Carbot/Carbot_Ros/build/carbot_imu/install.log'
[8.026s] Invoked command in '/home/henry/Workspace/SIT_Carbot/Carbot_Ros/src/carbot_imu' returned '0': PYTHONPATH=/home/henry/Workspace/SIT_Carbot/Carbot_Ros/build/carbot_imu/prefix_override:/home/henry/Workspace/SIT_Carbot/Carbot_Ros/install/carbot_imu/lib/python3.10/site-packages:${PYTHONPATH} /usr/bin/python3 setup.py egg_info --egg-base ../../build/carbot_imu build --build-base /home/henry/Workspace/SIT_Carbot/Carbot_Ros/build/carbot_imu/build install --record /home/henry/Workspace/SIT_Carbot/Carbot_Ros/build/carbot_imu/install.log --single-version-externally-managed
