running egg_info
writing ../../build/carbot_launch/carbot_launch.egg-info/PKG-INFO
writing dependency_links to ../../build/carbot_launch/carbot_launch.egg-info/dependency_links.txt
writing entry points to ../../build/carbot_launch/carbot_launch.egg-info/entry_points.txt
writing requirements to ../../build/carbot_launch/carbot_launch.egg-info/requires.txt
writing top-level names to ../../build/carbot_launch/carbot_launch.egg-info/top_level.txt
reading manifest file '../../build/carbot_launch/carbot_launch.egg-info/SOURCES.txt'
writing manifest file '../../build/carbot_launch/carbot_launch.egg-info/SOURCES.txt'
running build
running build_py
running install
/usr/lib/python3/dist-packages/setuptools/command/install.py:34: SetuptoolsDeprecationWarning: setup.py install is deprecated. Use build and pip and other standards-based tools.
  warnings.warn(
running install_lib
running install_data
running install_egg_info
removing '/home/henry/Workspace/SIT_Carbot/Carbot_Ros/install/carbot_launch/lib/python3.10/site-packages/carbot_launch-0.0.0-py3.10.egg-info' (and everything under it)
Copying ../../build/carbot_launch/carbot_launch.egg-info to /home/henry/Workspace/SIT_Carbot/Carbot_Ros/install/carbot_launch/lib/python3.10/site-packages/carbot_launch-0.0.0-py3.10.egg-info
running install_scripts
writing list of installed files to '/home/henry/Workspace/SIT_Carbot/Carbot_Ros/build/carbot_launch/install.log'
