[6.141s] Invoking command in '/home/henry/Workspace/SIT_Carbot/Carbot_Ros/src/carbot_key_ctrl': PYTHONPATH=/home/henry/Workspace/SIT_Carbot/Carbot_Ros/build/carbot_key_ctrl/prefix_override:/home/henry/Workspace/SIT_Carbot/Carbot_Ros/install/carbot_key_ctrl/lib/python3.10/site-packages:${PYTHONPATH} /usr/bin/python3 setup.py egg_info --egg-base ../../build/carbot_key_ctrl build --build-base /home/henry/Workspace/SIT_Carbot/Carbot_Ros/build/carbot_key_ctrl/build install --record /home/henry/Workspace/SIT_Carbot/Carbot_Ros/build/carbot_key_ctrl/install.log --single-version-externally-managed
[7.760s] running egg_info
[7.764s] creating ../../build/carbot_key_ctrl/carbot_key_ctrl.egg-info
[7.766s] writing ../../build/carbot_key_ctrl/carbot_key_ctrl.egg-info/PKG-INFO
[7.770s] writing dependency_links to ../../build/carbot_key_ctrl/carbot_key_ctrl.egg-info/dependency_links.txt
[7.772s] writing entry points to ../../build/carbot_key_ctrl/carbot_key_ctrl.egg-info/entry_points.txt
[7.773s] writing requirements to ../../build/carbot_key_ctrl/carbot_key_ctrl.egg-info/requires.txt
[7.775s] writing top-level names to ../../build/carbot_key_ctrl/carbot_key_ctrl.egg-info/top_level.txt
[7.778s] writing manifest file '../../build/carbot_key_ctrl/carbot_key_ctrl.egg-info/SOURCES.txt'
[7.790s] reading manifest file '../../build/carbot_key_ctrl/carbot_key_ctrl.egg-info/SOURCES.txt'
[7.795s] writing manifest file '../../build/carbot_key_ctrl/carbot_key_ctrl.egg-info/SOURCES.txt'
[7.798s] running build
[7.799s] running build_py
[7.800s] creating /home/henry/Workspace/SIT_Carbot/Carbot_Ros/build/carbot_key_ctrl/build
[7.801s] creating /home/henry/Workspace/SIT_Carbot/Carbot_Ros/build/carbot_key_ctrl/build/lib
[7.802s] creating /home/henry/Workspace/SIT_Carbot/Carbot_Ros/build/carbot_key_ctrl/build/lib/carbot_key_ctrl
[7.803s] copying carbot_key_ctrl/carbot_key_ctrl.py -> /home/henry/Workspace/SIT_Carbot/Carbot_Ros/build/carbot_key_ctrl/build/lib/carbot_key_ctrl
[7.806s] copying carbot_key_ctrl/__init__.py -> /home/henry/Workspace/SIT_Carbot/Carbot_Ros/build/carbot_key_ctrl/build/lib/carbot_key_ctrl
[7.809s] running install
[7.809s] /usr/lib/python3/dist-packages/setuptools/command/install.py:34: SetuptoolsDeprecationWarning: setup.py install is deprecated. Use build and pip and other standards-based tools.
[7.810s]   warnings.warn(
[7.811s] running install_lib
[7.818s] creating /home/henry/Workspace/SIT_Carbot/Carbot_Ros/install/carbot_key_ctrl/lib/python3.10/site-packages/carbot_key_ctrl
[7.819s] copying /home/henry/Workspace/SIT_Carbot/Carbot_Ros/build/carbot_key_ctrl/build/lib/carbot_key_ctrl/carbot_key_ctrl.py -> /home/henry/Workspace/SIT_Carbot/Carbot_Ros/install/carbot_key_ctrl/lib/python3.10/site-packages/carbot_key_ctrl
[7.821s] copying /home/henry/Workspace/SIT_Carbot/Carbot_Ros/build/carbot_key_ctrl/build/lib/carbot_key_ctrl/__init__.py -> /home/henry/Workspace/SIT_Carbot/Carbot_Ros/install/carbot_key_ctrl/lib/python3.10/site-packages/carbot_key_ctrl
[7.825s] byte-compiling /home/henry/Workspace/SIT_Carbot/Carbot_Ros/install/carbot_key_ctrl/lib/python3.10/site-packages/carbot_key_ctrl/carbot_key_ctrl.py to carbot_key_ctrl.cpython-310.pyc
[7.833s] byte-compiling /home/henry/Workspace/SIT_Carbot/Carbot_Ros/install/carbot_key_ctrl/lib/python3.10/site-packages/carbot_key_ctrl/__init__.py to __init__.cpython-310.pyc
[7.835s] running install_data
[7.840s] creating /home/henry/Workspace/SIT_Carbot/Carbot_Ros/install/carbot_key_ctrl/share/ament_index
[7.842s] creating /home/henry/Workspace/SIT_Carbot/Carbot_Ros/install/carbot_key_ctrl/share/ament_index/resource_index
[7.844s] creating /home/henry/Workspace/SIT_Carbot/Carbot_Ros/install/carbot_key_ctrl/share/ament_index/resource_index/packages
[7.845s] copying resource/carbot_key_ctrl -> /home/henry/Workspace/SIT_Carbot/Carbot_Ros/install/carbot_key_ctrl/share/ament_index/resource_index/packages
[7.846s] copying package.xml -> /home/henry/Workspace/SIT_Carbot/Carbot_Ros/install/carbot_key_ctrl/share/carbot_key_ctrl
[7.846s] running install_egg_info
[7.858s] Copying ../../build/carbot_key_ctrl/carbot_key_ctrl.egg-info to /home/henry/Workspace/SIT_Carbot/Carbot_Ros/install/carbot_key_ctrl/lib/python3.10/site-packages/carbot_key_ctrl-0.0.0-py3.10.egg-info
[7.880s] running install_scripts
[8.024s] Installing carbot_key_ctrl script to /home/henry/Workspace/SIT_Carbot/Carbot_Ros/install/carbot_key_ctrl/lib/carbot_key_ctrl
[8.025s] writing list of installed files to '/home/henry/Workspace/SIT_Carbot/Carbot_Ros/build/carbot_key_ctrl/install.log'
[8.237s] Invoked command in '/home/henry/Workspace/SIT_Carbot/Carbot_Ros/src/carbot_key_ctrl' returned '0': PYTHONPATH=/home/henry/Workspace/SIT_Carbot/Carbot_Ros/build/carbot_key_ctrl/prefix_override:/home/henry/Workspace/SIT_Carbot/Carbot_Ros/install/carbot_key_ctrl/lib/python3.10/site-packages:${PYTHONPATH} /usr/bin/python3 setup.py egg_info --egg-base ../../build/carbot_key_ctrl build --build-base /home/henry/Workspace/SIT_Carbot/Carbot_Ros/build/carbot_key_ctrl/build install --record /home/henry/Workspace/SIT_Carbot/Carbot_Ros/build/carbot_key_ctrl/install.log --single-version-externally-managed
