[6.677s] Invoking command in '/home/henry/Workspace/SIT_Carbot/Carbot_Ros/src/carbot_imu': PYTHONPATH=/home/henry/Workspace/SIT_Carbot/Carbot_Ros/build/carbot_imu/prefix_override:/home/henry/Workspace/SIT_Carbot/Carbot_Ros/install/carbot_imu/lib/python3.10/site-packages:${PYTHONPATH} /usr/bin/python3 setup.py egg_info --egg-base ../../build/carbot_imu build --build-base /home/henry/Workspace/SIT_Carbot/Carbot_Ros/build/carbot_imu/build install --record /home/henry/Workspace/SIT_Carbot/Carbot_Ros/build/carbot_imu/install.log --single-version-externally-managed
[8.247s] running egg_info
[8.252s] writing ../../build/carbot_imu/carbot_imu.egg-info/PKG-INFO
[8.254s] writing dependency_links to ../../build/carbot_imu/carbot_imu.egg-info/dependency_links.txt
[8.256s] writing entry points to ../../build/carbot_imu/carbot_imu.egg-info/entry_points.txt
[8.258s] writing requirements to ../../build/carbot_imu/carbot_imu.egg-info/requires.txt
[8.260s] writing top-level names to ../../build/carbot_imu/carbot_imu.egg-info/top_level.txt
[8.269s] reading manifest file '../../build/carbot_imu/carbot_imu.egg-info/SOURCES.txt'
[8.276s] writing manifest file '../../build/carbot_imu/carbot_imu.egg-info/SOURCES.txt'
[8.278s] running build
[8.279s] running build_py
[8.282s] running install
[8.284s] /usr/lib/python3/dist-packages/setuptools/command/install.py:34: SetuptoolsDeprecationWarning: setup.py install is deprecated. Use build and pip and other standards-based tools.
[8.285s]   warnings.warn(
[8.287s] running install_lib
[8.294s] running install_data
[8.298s] running install_egg_info
[8.309s] removing '/home/henry/Workspace/SIT_Carbot/Carbot_Ros/install/carbot_imu/lib/python3.10/site-packages/carbot_imu-0.0.0-py3.10.egg-info' (and everything under it)
[8.313s] Copying ../../build/carbot_imu/carbot_imu.egg-info to /home/henry/Workspace/SIT_Carbot/Carbot_Ros/install/carbot_imu/lib/python3.10/site-packages/carbot_imu-0.0.0-py3.10.egg-info
[8.322s] running install_scripts
[8.451s] Installing carbot_imu_data script to /home/henry/Workspace/SIT_Carbot/Carbot_Ros/install/carbot_imu/lib/carbot_imu
[8.454s] writing list of installed files to '/home/henry/Workspace/SIT_Carbot/Carbot_Ros/build/carbot_imu/install.log'
[8.733s] Invoked command in '/home/henry/Workspace/SIT_Carbot/Carbot_Ros/src/carbot_imu' returned '0': PYTHONPATH=/home/henry/Workspace/SIT_Carbot/Carbot_Ros/build/carbot_imu/prefix_override:/home/henry/Workspace/SIT_Carbot/Carbot_Ros/install/carbot_imu/lib/python3.10/site-packages:${PYTHONPATH} /usr/bin/python3 setup.py egg_info --egg-base ../../build/carbot_imu build --build-base /home/henry/Workspace/SIT_Carbot/Carbot_Ros/build/carbot_imu/build install --record /home/henry/Workspace/SIT_Carbot/Carbot_Ros/build/carbot_imu/install.log --single-version-externally-managed
