[3.283s] Invoking command in '/home/henry/Workspace/SIT_Carbot/Carbot_Ros/build/carbot_odom': CMAKE_PREFIX_PATH=/opt/ros/humble /usr/bin/cmake /home/henry/Workspace/SIT_Carbot/Carbot_Ros/src/carbot_odom -DCMAKE_INSTALL_PREFIX=/home/henry/Workspace/SIT_Carbot/Carbot_Ros/install/carbot_odom
[4.276s] -- The C compiler identification is GNU 11.4.0
[4.985s] -- The CXX compiler identification is GNU 11.4.0
[5.051s] -- Detecting C compiler ABI info
[5.498s] -- Detecting C compiler ABI info - done
[5.529s] -- Check for working C compiler: /usr/bin/cc - skipped
[5.531s] -- Detecting C compile features
[5.538s] -- Detecting C compile features - done
[5.554s] -- Detecting CXX compiler ABI info
[6.297s] -- Detecting CXX compiler ABI info - done
[6.332s] -- Check for working CXX compiler: /usr/bin/c++ - skipped
[6.335s] -- Detecting CXX compile features
[6.340s] -- Detecting CXX compile features - done
[6.381s] -- Found tf2: 0.25.3 (/opt/ros/humble/share/tf2/cmake)
[7.841s] -- Found Python3: /usr/bin/python3.10 (found version "3.10.12") found components: Interpreter 
[9.182s] -- Found rosidl_generator_c: 3.1.5 (/opt/ros/humble/share/rosidl_generator_c/cmake)
[9.222s] -- Found rosidl_adapter: 3.1.5 (/opt/ros/humble/share/rosidl_adapter/cmake)
[9.295s] -- Found rosidl_generator_cpp: 3.1.5 (/opt/ros/humble/share/rosidl_generator_cpp/cmake)
[9.394s] -- Using all available rosidl_typesupport_c: rosidl_typesupport_fastrtps_c;rosidl_typesupport_introspection_c
[9.515s] -- Using all available rosidl_typesupport_cpp: rosidl_typesupport_fastrtps_cpp;rosidl_typesupport_introspection_cpp
[10.122s] -- Found tf2_ros: 0.25.3 (/opt/ros/humble/share/tf2_ros/cmake)
[11.037s] -- Found rmw_implementation_cmake: 6.1.1 (/opt/ros/humble/share/rmw_implementation_cmake/cmake)
[11.060s] -- Found rmw_fastrtps_cpp: 6.2.3 (/opt/ros/humble/share/rmw_fastrtps_cpp/cmake)
[11.810s] -- Found OpenSSL: /usr/lib/aarch64-linux-gnu/libcrypto.so (found version "3.0.2")  
[11.927s] -- Found FastRTPS: /opt/ros/humble/include  
[12.145s] -- Using RMW implementation 'rmw_fastrtps_cpp' as default
[12.213s] -- Looking for pthread.h
[12.539s] -- Looking for pthread.h - found
[12.541s] -- Performing Test CMAKE_HAVE_LIBC_PTHREAD
[12.877s] -- Performing Test CMAKE_HAVE_LIBC_PTHREAD - Success
[12.881s] -- Found Threads: TRUE  
[14.644s] -- Found nav_msgs: 4.2.3 (/opt/ros/humble/share/nav_msgs/cmake)
[14.966s] -- Found ament_lint_auto: 0.12.7 (/opt/ros/humble/share/ament_lint_auto/cmake)
[15.425s] -- Added test 'cppcheck' to perform static code analysis on C / C++ code
[15.426s] -- Configured cppcheck include dirs: 
[15.426s] -- Configured cppcheck exclude dirs and/or files: 
[15.453s] -- Added test 'lint_cmake' to check CMake code style
[15.530s] -- Added test 'uncrustify' to check C / C++ code style
[15.530s] -- Configured uncrustify additional arguments: 
[15.540s] -- Added test 'xmllint' to check XML markup files
[15.549s] -- Configuring done
[15.626s] -- Generating done
[15.634s] -- Build files have been written to: /home/henry/Workspace/SIT_Carbot/Carbot_Ros/build/carbot_odom
[15.670s] Invoked command in '/home/henry/Workspace/SIT_Carbot/Carbot_Ros/build/carbot_odom' returned '0': CMAKE_PREFIX_PATH=/opt/ros/humble /usr/bin/cmake /home/henry/Workspace/SIT_Carbot/Carbot_Ros/src/carbot_odom -DCMAKE_INSTALL_PREFIX=/home/henry/Workspace/SIT_Carbot/Carbot_Ros/install/carbot_odom
[15.679s] Invoking command in '/home/henry/Workspace/SIT_Carbot/Carbot_Ros/build/carbot_odom': CMAKE_PREFIX_PATH=/opt/ros/humble /usr/bin/cmake --build /home/henry/Workspace/SIT_Carbot/Carbot_Ros/build/carbot_odom -- -j4 -l4
[15.888s] [ 50%] [32mBuilding CXX object CMakeFiles/carbot_odom.dir/src/carbot_odom_data.cpp.o[0m
[49.506s] [100%] [32m[1mLinking CXX executable carbot_odom[0m
[51.948s] [100%] Built target carbot_odom
[51.987s] Invoked command in '/home/henry/Workspace/SIT_Carbot/Carbot_Ros/build/carbot_odom' returned '0': CMAKE_PREFIX_PATH=/opt/ros/humble /usr/bin/cmake --build /home/henry/Workspace/SIT_Carbot/Carbot_Ros/build/carbot_odom -- -j4 -l4
[52.127s] Invoking command in '/home/henry/Workspace/SIT_Carbot/Carbot_Ros/build/carbot_odom': CMAKE_PREFIX_PATH=/opt/ros/humble /usr/bin/cmake --install /home/henry/Workspace/SIT_Carbot/Carbot_Ros/build/carbot_odom
[52.150s] -- Install configuration: ""
[52.151s] -- Installing: /home/henry/Workspace/SIT_Carbot/Carbot_Ros/install/carbot_odom/lib/carbot_odom/carbot_odom
[52.179s] -- Set runtime path of "/home/henry/Workspace/SIT_Carbot/Carbot_Ros/install/carbot_odom/lib/carbot_odom/carbot_odom" to ""
[52.180s] -- Installing: /home/henry/Workspace/SIT_Carbot/Carbot_Ros/install/carbot_odom/share/ament_index/resource_index/package_run_dependencies/carbot_odom
[52.182s] -- Installing: /home/henry/Workspace/SIT_Carbot/Carbot_Ros/install/carbot_odom/share/ament_index/resource_index/parent_prefix_path/carbot_odom
[52.184s] -- Installing: /home/henry/Workspace/SIT_Carbot/Carbot_Ros/install/carbot_odom/share/carbot_odom/environment/ament_prefix_path.sh
[52.185s] -- Installing: /home/henry/Workspace/SIT_Carbot/Carbot_Ros/install/carbot_odom/share/carbot_odom/environment/ament_prefix_path.dsv
[52.187s] -- Installing: /home/henry/Workspace/SIT_Carbot/Carbot_Ros/install/carbot_odom/share/carbot_odom/environment/path.sh
[52.188s] -- Installing: /home/henry/Workspace/SIT_Carbot/Carbot_Ros/install/carbot_odom/share/carbot_odom/environment/path.dsv
[52.189s] -- Installing: /home/henry/Workspace/SIT_Carbot/Carbot_Ros/install/carbot_odom/share/carbot_odom/local_setup.bash
[52.190s] -- Installing: /home/henry/Workspace/SIT_Carbot/Carbot_Ros/install/carbot_odom/share/carbot_odom/local_setup.sh
[52.192s] -- Installing: /home/henry/Workspace/SIT_Carbot/Carbot_Ros/install/carbot_odom/share/carbot_odom/local_setup.zsh
[52.193s] -- Installing: /home/henry/Workspace/SIT_Carbot/Carbot_Ros/install/carbot_odom/share/carbot_odom/local_setup.dsv
[52.194s] -- Installing: /home/henry/Workspace/SIT_Carbot/Carbot_Ros/install/carbot_odom/share/carbot_odom/package.dsv
[52.196s] -- Installing: /home/henry/Workspace/SIT_Carbot/Carbot_Ros/install/carbot_odom/share/ament_index/resource_index/packages/carbot_odom
[52.197s] -- Installing: /home/henry/Workspace/SIT_Carbot/Carbot_Ros/install/carbot_odom/share/carbot_odom/cmake/carbot_odomConfig.cmake
[52.198s] -- Installing: /home/henry/Workspace/SIT_Carbot/Carbot_Ros/install/carbot_odom/share/carbot_odom/cmake/carbot_odomConfig-version.cmake
[52.199s] -- Installing: /home/henry/Workspace/SIT_Carbot/Carbot_Ros/install/carbot_odom/share/carbot_odom/package.xml
[52.212s] Invoked command in '/home/henry/Workspace/SIT_Carbot/Carbot_Ros/build/carbot_odom' returned '0': CMAKE_PREFIX_PATH=/opt/ros/humble /usr/bin/cmake --install /home/henry/Workspace/SIT_Carbot/Carbot_Ros/build/carbot_odom
