[4.559s] Invoking command in '/home/henry/Workspace/SIT_Carbot/Carbot_Ros/build/carbot_odom': CMAKE_PREFIX_PATH=${CMAKE_PREFIX_PATH}:/home/henry/Workspace/SIT_Carbot/Carbot_Ros/install/carbot_key_ctrl:/home/henry/Workspace/SIT_Carbot/Carbot_Ros/install/carbot_imu:/home/henry/Workspace/SIT_Carbot/Carbot_Ros/install/carbot_driver:/opt/ros/humble /usr/bin/cmake --build /home/henry/Workspace/SIT_Carbot/Carbot_Ros/build/carbot_odom -- -j4 -l4
[5.071s] [100%] Built target carbot_odom
[5.190s] Invoked command in '/home/henry/Workspace/SIT_Carbot/Carbot_Ros/build/carbot_odom' returned '0': CMAKE_PREFIX_PATH=${CMAKE_PREFIX_PATH}:/home/henry/Workspace/SIT_Carbot/Carbot_Ros/install/carbot_key_ctrl:/home/henry/Workspace/SIT_Carbot/Carbot_Ros/install/carbot_imu:/home/henry/Workspace/SIT_Carbot/Carbot_Ros/install/carbot_driver:/opt/ros/humble /usr/bin/cmake --build /home/henry/Workspace/SIT_Carbot/Carbot_Ros/build/carbot_odom -- -j4 -l4
[5.602s] Invoking command in '/home/henry/Workspace/SIT_Carbot/Carbot_Ros/build/carbot_odom': CMAKE_PREFIX_PATH=${CMAKE_PREFIX_PATH}:/home/henry/Workspace/SIT_Carbot/Carbot_Ros/install/carbot_key_ctrl:/home/henry/Workspace/SIT_Carbot/Carbot_Ros/install/carbot_imu:/home/henry/Workspace/SIT_Carbot/Carbot_Ros/install/carbot_driver:/opt/ros/humble /usr/bin/cmake --install /home/henry/Workspace/SIT_Carbot/Carbot_Ros/build/carbot_odom
[5.674s] -- Install configuration: ""
[5.687s] -- Up-to-date: /home/henry/Workspace/SIT_Carbot/Carbot_Ros/install/carbot_odom/lib/carbot_odom/carbot_odom
[5.689s] -- Up-to-date: /home/henry/Workspace/SIT_Carbot/Carbot_Ros/install/carbot_odom/share/ament_index/resource_index/package_run_dependencies/carbot_odom
[5.691s] -- Up-to-date: /home/henry/Workspace/SIT_Carbot/Carbot_Ros/install/carbot_odom/share/ament_index/resource_index/parent_prefix_path/carbot_odom
[5.692s] -- Up-to-date: /home/henry/Workspace/SIT_Carbot/Carbot_Ros/install/carbot_odom/share/carbot_odom/environment/ament_prefix_path.sh
[5.693s] -- Up-to-date: /home/henry/Workspace/SIT_Carbot/Carbot_Ros/install/carbot_odom/share/carbot_odom/environment/ament_prefix_path.dsv
[5.694s] -- Up-to-date: /home/henry/Workspace/SIT_Carbot/Carbot_Ros/install/carbot_odom/share/carbot_odom/environment/path.sh
[5.696s] -- Up-to-date: /home/henry/Workspace/SIT_Carbot/Carbot_Ros/install/carbot_odom/share/carbot_odom/environment/path.dsv
[5.697s] -- Up-to-date: /home/henry/Workspace/SIT_Carbot/Carbot_Ros/install/carbot_odom/share/carbot_odom/local_setup.bash
[5.698s] -- Up-to-date: /home/henry/Workspace/SIT_Carbot/Carbot_Ros/install/carbot_odom/share/carbot_odom/local_setup.sh
[5.710s] -- Up-to-date: /home/henry/Workspace/SIT_Carbot/Carbot_Ros/install/carbot_odom/share/carbot_odom/local_setup.zsh
[5.711s] -- Up-to-date: /home/henry/Workspace/SIT_Carbot/Carbot_Ros/install/carbot_odom/share/carbot_odom/local_setup.dsv
[5.712s] -- Installing: /home/henry/Workspace/SIT_Carbot/Carbot_Ros/install/carbot_odom/share/carbot_odom/package.dsv
[5.715s] -- Up-to-date: /home/henry/Workspace/SIT_Carbot/Carbot_Ros/install/carbot_odom/share/ament_index/resource_index/packages/carbot_odom
[5.717s] -- Up-to-date: /home/henry/Workspace/SIT_Carbot/Carbot_Ros/install/carbot_odom/share/carbot_odom/cmake/carbot_odomConfig.cmake
[5.718s] -- Up-to-date: /home/henry/Workspace/SIT_Carbot/Carbot_Ros/install/carbot_odom/share/carbot_odom/cmake/carbot_odomConfig-version.cmake
[5.721s] -- Up-to-date: /home/henry/Workspace/SIT_Carbot/Carbot_Ros/install/carbot_odom/share/carbot_odom/package.xml
[5.744s] Invoked command in '/home/henry/Workspace/SIT_Carbot/Carbot_Ros/build/carbot_odom' returned '0': CMAKE_PREFIX_PATH=${CMAKE_PREFIX_PATH}:/home/henry/Workspace/SIT_Carbot/Carbot_Ros/install/carbot_key_ctrl:/home/henry/Workspace/SIT_Carbot/Carbot_Ros/install/carbot_imu:/home/henry/Workspace/SIT_Carbot/Carbot_Ros/install/carbot_driver:/opt/ros/humble /usr/bin/cmake --install /home/henry/Workspace/SIT_Carbot/Carbot_Ros/build/carbot_odom
