[5.756s] Invoking command in '/home/henry/Workspace/SIT_Carbot/Carbot_Ros/src/carbot_driver': PYTHONPATH=/home/henry/Workspace/SIT_Carbot/Carbot_Ros/build/carbot_driver/prefix_override:/home/henry/Workspace/SIT_Carbot/Carbot_Ros/install/carbot_driver/lib/python3.10/site-packages:${PYTHONPATH} /usr/bin/python3 setup.py egg_info --egg-base ../../build/carbot_driver build --build-base /home/henry/Workspace/SIT_Carbot/Carbot_Ros/build/carbot_driver/build install --record /home/henry/Workspace/SIT_Carbot/Carbot_Ros/build/carbot_driver/install.log --single-version-externally-managed
[7.017s] running egg_info
[7.024s] writing ../../build/carbot_driver/carbot_driver.egg-info/PKG-INFO
[7.027s] writing dependency_links to ../../build/carbot_driver/carbot_driver.egg-info/dependency_links.txt
[7.029s] writing entry points to ../../build/carbot_driver/carbot_driver.egg-info/entry_points.txt
[7.036s] writing requirements to ../../build/carbot_driver/carbot_driver.egg-info/requires.txt
[7.039s] writing top-level names to ../../build/carbot_driver/carbot_driver.egg-info/top_level.txt
[7.052s] reading manifest file '../../build/carbot_driver/carbot_driver.egg-info/SOURCES.txt'
[7.060s] writing manifest file '../../build/carbot_driver/carbot_driver.egg-info/SOURCES.txt'
[7.061s] running build
[7.062s] running build_py
[7.064s] running install
[7.065s] /usr/lib/python3/dist-packages/setuptools/command/install.py:34: SetuptoolsDeprecationWarning: setup.py install is deprecated. Use build and pip and other standards-based tools.
[7.066s]   warnings.warn(
[7.067s] running install_lib
[7.077s] running install_data
[7.081s] running install_egg_info
[7.095s] removing '/home/henry/Workspace/SIT_Carbot/Carbot_Ros/install/carbot_driver/lib/python3.10/site-packages/carbot_driver-0.0.0-py3.10.egg-info' (and everything under it)
[7.099s] Copying ../../build/carbot_driver/carbot_driver.egg-info to /home/henry/Workspace/SIT_Carbot/Carbot_Ros/install/carbot_driver/lib/python3.10/site-packages/carbot_driver-0.0.0-py3.10.egg-info
[7.111s] running install_scripts
[7.293s] Installing carbot_driver script to /home/henry/Workspace/SIT_Carbot/Carbot_Ros/install/carbot_driver/lib/carbot_driver
[7.313s] writing list of installed files to '/home/henry/Workspace/SIT_Carbot/Carbot_Ros/build/carbot_driver/install.log'
[7.467s] Invoked command in '/home/henry/Workspace/SIT_Carbot/Carbot_Ros/src/carbot_driver' returned '0': PYTHONPATH=/home/henry/Workspace/SIT_Carbot/Carbot_Ros/build/carbot_driver/prefix_override:/home/henry/Workspace/SIT_Carbot/Carbot_Ros/install/carbot_driver/lib/python3.10/site-packages:${PYTHONPATH} /usr/bin/python3 setup.py egg_info --egg-base ../../build/carbot_driver build --build-base /home/henry/Workspace/SIT_Carbot/Carbot_Ros/build/carbot_driver/build install --record /home/henry/Workspace/SIT_Carbot/Carbot_Ros/build/carbot_driver/install.log --single-version-externally-managed
