[7.328s] Invoking command in '/home/henry/Workspace/SIT_Carbot/Carbot_Ros/src/carbot_driver': PYTHONPATH=/home/henry/Workspace/SIT_Carbot/Carbot_Ros/build/carbot_driver/prefix_override:/home/henry/Workspace/SIT_Carbot/Carbot_Ros/install/carbot_driver/lib/python3.10/site-packages:${PYTHONPATH} /usr/bin/python3 setup.py egg_info --egg-base ../../build/carbot_driver build --build-base /home/henry/Workspace/SIT_Carbot/Carbot_Ros/build/carbot_driver/build install --record /home/henry/Workspace/SIT_Carbot/Carbot_Ros/build/carbot_driver/install.log --single-version-externally-managed
[9.653s] running egg_info
[9.658s] writing ../../build/carbot_driver/carbot_driver.egg-info/PKG-INFO
[9.661s] writing dependency_links to ../../build/carbot_driver/carbot_driver.egg-info/dependency_links.txt
[9.663s] writing entry points to ../../build/carbot_driver/carbot_driver.egg-info/entry_points.txt
[9.665s] writing requirements to ../../build/carbot_driver/carbot_driver.egg-info/requires.txt
[9.667s] writing top-level names to ../../build/carbot_driver/carbot_driver.egg-info/top_level.txt
[9.679s] reading manifest file '../../build/carbot_driver/carbot_driver.egg-info/SOURCES.txt'
[9.686s] writing manifest file '../../build/carbot_driver/carbot_driver.egg-info/SOURCES.txt'
[9.688s] running build
[9.689s] running build_py
[9.692s] running install
[9.694s] /usr/lib/python3/dist-packages/setuptools/command/install.py:34: SetuptoolsDeprecationWarning: setup.py install is deprecated. Use build and pip and other standards-based tools.
[9.695s]   warnings.warn(
[9.697s] running install_lib
[9.707s] running install_data
[9.712s] running install_egg_info
[9.725s] removing '/home/henry/Workspace/SIT_Carbot/Carbot_Ros/install/carbot_driver/lib/python3.10/site-packages/carbot_driver-0.0.0-py3.10.egg-info' (and everything under it)
[9.738s] Copying ../../build/carbot_driver/carbot_driver.egg-info to /home/henry/Workspace/SIT_Carbot/Carbot_Ros/install/carbot_driver/lib/python3.10/site-packages/carbot_driver-0.0.0-py3.10.egg-info
[9.762s] running install_scripts
[9.953s] Installing carbot_driver script to /home/henry/Workspace/SIT_Carbot/Carbot_Ros/install/carbot_driver/lib/carbot_driver
[9.963s] writing list of installed files to '/home/henry/Workspace/SIT_Carbot/Carbot_Ros/build/carbot_driver/install.log'
[10.306s] Invoked command in '/home/henry/Workspace/SIT_Carbot/Carbot_Ros/src/carbot_driver' returned '0': PYTHONPATH=/home/henry/Workspace/SIT_Carbot/Carbot_Ros/build/carbot_driver/prefix_override:/home/henry/Workspace/SIT_Carbot/Carbot_Ros/install/carbot_driver/lib/python3.10/site-packages:${PYTHONPATH} /usr/bin/python3 setup.py egg_info --egg-base ../../build/carbot_driver build --build-base /home/henry/Workspace/SIT_Carbot/Carbot_Ros/build/carbot_driver/build install --record /home/henry/Workspace/SIT_Carbot/Carbot_Ros/build/carbot_driver/install.log --single-version-externally-managed
