[6.346s] Invoking command in '/home/henry/Workspace/SIT_Carbot/Carbot_Ros/src/carbot_key_ctrl': PYTHONPATH=/home/henry/Workspace/SIT_Carbot/Carbot_Ros/build/carbot_key_ctrl/prefix_override:/home/henry/Workspace/SIT_Carbot/Carbot_Ros/install/carbot_key_ctrl/lib/python3.10/site-packages:${PYTHONPATH} /usr/bin/python3 setup.py egg_info --egg-base ../../build/carbot_key_ctrl build --build-base /home/henry/Workspace/SIT_Carbot/Carbot_Ros/build/carbot_key_ctrl/build install --record /home/henry/Workspace/SIT_Carbot/Carbot_Ros/build/carbot_key_ctrl/install.log --single-version-externally-managed
[7.944s] running egg_info
[7.948s] creating ../../build/carbot_key_ctrl/carbot_key_ctrl.egg-info
[7.952s] writing ../../build/carbot_key_ctrl/carbot_key_ctrl.egg-info/PKG-INFO
[7.958s] writing dependency_links to ../../build/carbot_key_ctrl/carbot_key_ctrl.egg-info/dependency_links.txt
[7.961s] writing entry points to ../../build/carbot_key_ctrl/carbot_key_ctrl.egg-info/entry_points.txt
[7.987s] writing requirements to ../../build/carbot_key_ctrl/carbot_key_ctrl.egg-info/requires.txt
[8.003s] writing top-level names to ../../build/carbot_key_ctrl/carbot_key_ctrl.egg-info/top_level.txt
[8.005s] writing manifest file '../../build/carbot_key_ctrl/carbot_key_ctrl.egg-info/SOURCES.txt'
[8.014s] reading manifest file '../../build/carbot_key_ctrl/carbot_key_ctrl.egg-info/SOURCES.txt'
[8.019s] writing manifest file '../../build/carbot_key_ctrl/carbot_key_ctrl.egg-info/SOURCES.txt'
[8.033s] running build
[8.034s] running build_py
[8.036s] creating /home/henry/Workspace/SIT_Carbot/Carbot_Ros/build/carbot_key_ctrl/build
[8.038s] creating /home/henry/Workspace/SIT_Carbot/Carbot_Ros/build/carbot_key_ctrl/build/lib
[8.039s] creating /home/henry/Workspace/SIT_Carbot/Carbot_Ros/build/carbot_key_ctrl/build/lib/carbot_key_ctrl
[8.040s] copying carbot_key_ctrl/carbot_key_ctrl.py -> /home/henry/Workspace/SIT_Carbot/Carbot_Ros/build/carbot_key_ctrl/build/lib/carbot_key_ctrl
[8.041s] copying carbot_key_ctrl/__init__.py -> /home/henry/Workspace/SIT_Carbot/Carbot_Ros/build/carbot_key_ctrl/build/lib/carbot_key_ctrl
[8.053s] running install
[8.056s] /usr/lib/python3/dist-packages/setuptools/command/install.py:34: SetuptoolsDeprecationWarning: setup.py install is deprecated. Use build and pip and other standards-based tools.
[8.056s]   warnings.warn(
[8.059s] running install_lib
[8.065s] creating /home/henry/Workspace/SIT_Carbot/Carbot_Ros/install/carbot_key_ctrl/lib/python3.10/site-packages/carbot_key_ctrl
[8.076s] copying /home/henry/Workspace/SIT_Carbot/Carbot_Ros/build/carbot_key_ctrl/build/lib/carbot_key_ctrl/carbot_key_ctrl.py -> /home/henry/Workspace/SIT_Carbot/Carbot_Ros/install/carbot_key_ctrl/lib/python3.10/site-packages/carbot_key_ctrl
[8.079s] copying /home/henry/Workspace/SIT_Carbot/Carbot_Ros/build/carbot_key_ctrl/build/lib/carbot_key_ctrl/__init__.py -> /home/henry/Workspace/SIT_Carbot/Carbot_Ros/install/carbot_key_ctrl/lib/python3.10/site-packages/carbot_key_ctrl
[8.083s] byte-compiling /home/henry/Workspace/SIT_Carbot/Carbot_Ros/install/carbot_key_ctrl/lib/python3.10/site-packages/carbot_key_ctrl/carbot_key_ctrl.py to carbot_key_ctrl.cpython-310.pyc
[8.090s] byte-compiling /home/henry/Workspace/SIT_Carbot/Carbot_Ros/install/carbot_key_ctrl/lib/python3.10/site-packages/carbot_key_ctrl/__init__.py to __init__.cpython-310.pyc
[8.093s] running install_data
[8.097s] creating /home/henry/Workspace/SIT_Carbot/Carbot_Ros/install/carbot_key_ctrl/share/ament_index
[8.098s] creating /home/henry/Workspace/SIT_Carbot/Carbot_Ros/install/carbot_key_ctrl/share/ament_index/resource_index
[8.100s] creating /home/henry/Workspace/SIT_Carbot/Carbot_Ros/install/carbot_key_ctrl/share/ament_index/resource_index/packages
[8.102s] copying resource/carbot_key_ctrl -> /home/henry/Workspace/SIT_Carbot/Carbot_Ros/install/carbot_key_ctrl/share/ament_index/resource_index/packages
[8.107s] copying package.xml -> /home/henry/Workspace/SIT_Carbot/Carbot_Ros/install/carbot_key_ctrl/share/carbot_key_ctrl
[8.115s] running install_egg_info
[8.193s] Copying ../../build/carbot_key_ctrl/carbot_key_ctrl.egg-info to /home/henry/Workspace/SIT_Carbot/Carbot_Ros/install/carbot_key_ctrl/lib/python3.10/site-packages/carbot_key_ctrl-0.0.0-py3.10.egg-info
[8.215s] running install_scripts
[8.517s] Installing carbot_key_ctrl script to /home/henry/Workspace/SIT_Carbot/Carbot_Ros/install/carbot_key_ctrl/lib/carbot_key_ctrl
[8.528s] writing list of installed files to '/home/henry/Workspace/SIT_Carbot/Carbot_Ros/build/carbot_key_ctrl/install.log'
[8.735s] Invoked command in '/home/henry/Workspace/SIT_Carbot/Carbot_Ros/src/carbot_key_ctrl' returned '0': PYTHONPATH=/home/henry/Workspace/SIT_Carbot/Carbot_Ros/build/carbot_key_ctrl/prefix_override:/home/henry/Workspace/SIT_Carbot/Carbot_Ros/install/carbot_key_ctrl/lib/python3.10/site-packages:${PYTHONPATH} /usr/bin/python3 setup.py egg_info --egg-base ../../build/carbot_key_ctrl build --build-base /home/henry/Workspace/SIT_Carbot/Carbot_Ros/build/carbot_key_ctrl/build install --record /home/henry/Workspace/SIT_Carbot/Carbot_Ros/build/carbot_key_ctrl/install.log --single-version-externally-managed
