running egg_info
writing ../../build/carbot_driver/carbot_driver.egg-info/PKG-INFO
writing dependency_links to ../../build/carbot_driver/carbot_driver.egg-info/dependency_links.txt
writing entry points to ../../build/carbot_driver/carbot_driver.egg-info/entry_points.txt
writing requirements to ../../build/carbot_driver/carbot_driver.egg-info/requires.txt
writing top-level names to ../../build/carbot_driver/carbot_driver.egg-info/top_level.txt
reading manifest file '../../build/carbot_driver/carbot_driver.egg-info/SOURCES.txt'
writing manifest file '../../build/carbot_driver/carbot_driver.egg-info/SOURCES.txt'
running build
running build_py
copying carbot_driver/carbot_driver.py -> /home/henry/Workspace/SIT_Carbot/Carbot_Ros/build/carbot_driver/build/lib/carbot_driver
running install
/usr/lib/python3/dist-packages/setuptools/command/install.py:34: SetuptoolsDeprecationWarning: setup.py install is deprecated. Use build and pip and other standards-based tools.
  warnings.warn(
running install_lib
copying /home/henry/Workspace/SIT_Carbot/Carbot_Ros/build/carbot_driver/build/lib/carbot_driver/carbot_driver.py -> /home/henry/Workspace/SIT_Carbot/Carbot_Ros/install/carbot_driver/lib/python3.10/site-packages/carbot_driver
byte-compiling /home/henry/Workspace/SIT_Carbot/Carbot_Ros/install/carbot_driver/lib/python3.10/site-packages/carbot_driver/carbot_driver.py to carbot_driver.cpython-310.pyc
running install_data
running install_egg_info
removing '/home/henry/Workspace/SIT_Carbot/Carbot_Ros/install/carbot_driver/lib/python3.10/site-packages/carbot_driver-0.0.0-py3.10.egg-info' (and everything under it)
Copying ../../build/carbot_driver/carbot_driver.egg-info to /home/henry/Workspace/SIT_Carbot/Carbot_Ros/install/carbot_driver/lib/python3.10/site-packages/carbot_driver-0.0.0-py3.10.egg-info
running install_scripts
Installing carbot_driver script to /home/henry/Workspace/SIT_Carbot/Carbot_Ros/install/carbot_driver/lib/carbot_driver
writing list of installed files to '/home/henry/Workspace/SIT_Carbot/Carbot_Ros/build/carbot_driver/install.log'
