[5.417s] Invoking command in '/home/henry/Workspace/SIT_Carbot/Carbot_Ros/src/carbot_driver': PYTHONPATH=/home/henry/Workspace/SIT_Carbot/Carbot_Ros/build/carbot_driver/prefix_override:/home/henry/Workspace/SIT_Carbot/Carbot_Ros/install/carbot_driver/lib/python3.10/site-packages:${PYTHONPATH} /usr/bin/python3 setup.py egg_info --egg-base ../../build/carbot_driver build --build-base /home/henry/Workspace/SIT_Carbot/Carbot_Ros/build/carbot_driver/build install --record /home/henry/Workspace/SIT_Carbot/Carbot_Ros/build/carbot_driver/install.log --single-version-externally-managed
[7.105s] running egg_info
[7.109s] writing ../../build/carbot_driver/carbot_driver.egg-info/PKG-INFO
[7.115s] writing dependency_links to ../../build/carbot_driver/carbot_driver.egg-info/dependency_links.txt
[7.116s] writing entry points to ../../build/carbot_driver/carbot_driver.egg-info/entry_points.txt
[7.117s] writing requirements to ../../build/carbot_driver/carbot_driver.egg-info/requires.txt
[7.117s] writing top-level names to ../../build/carbot_driver/carbot_driver.egg-info/top_level.txt
[7.124s] reading manifest file '../../build/carbot_driver/carbot_driver.egg-info/SOURCES.txt'
[7.130s] writing manifest file '../../build/carbot_driver/carbot_driver.egg-info/SOURCES.txt'
[7.131s] running build
[7.135s] running build_py
[7.136s] copying carbot_driver/carbot_driver.py -> /home/henry/Workspace/SIT_Carbot/Carbot_Ros/build/carbot_driver/build/lib/carbot_driver
[7.137s] running install
[7.138s] /usr/lib/python3/dist-packages/setuptools/command/install.py:34: SetuptoolsDeprecationWarning: setup.py install is deprecated. Use build and pip and other standards-based tools.
[7.138s]   warnings.warn(
[7.139s] running install_lib
[7.146s] copying /home/henry/Workspace/SIT_Carbot/Carbot_Ros/build/carbot_driver/build/lib/carbot_driver/carbot_driver.py -> /home/henry/Workspace/SIT_Carbot/Carbot_Ros/install/carbot_driver/lib/python3.10/site-packages/carbot_driver
[7.147s] byte-compiling /home/henry/Workspace/SIT_Carbot/Carbot_Ros/install/carbot_driver/lib/python3.10/site-packages/carbot_driver/carbot_driver.py to carbot_driver.cpython-310.pyc
[7.156s] running install_data
[7.157s] running install_egg_info
[7.161s] removing '/home/henry/Workspace/SIT_Carbot/Carbot_Ros/install/carbot_driver/lib/python3.10/site-packages/carbot_driver-0.0.0-py3.10.egg-info' (and everything under it)
[7.163s] Copying ../../build/carbot_driver/carbot_driver.egg-info to /home/henry/Workspace/SIT_Carbot/Carbot_Ros/install/carbot_driver/lib/python3.10/site-packages/carbot_driver-0.0.0-py3.10.egg-info
[7.172s] running install_scripts
[7.284s] Installing carbot_driver script to /home/henry/Workspace/SIT_Carbot/Carbot_Ros/install/carbot_driver/lib/carbot_driver
[7.291s] writing list of installed files to '/home/henry/Workspace/SIT_Carbot/Carbot_Ros/build/carbot_driver/install.log'
[7.464s] Invoked command in '/home/henry/Workspace/SIT_Carbot/Carbot_Ros/src/carbot_driver' returned '0': PYTHONPATH=/home/henry/Workspace/SIT_Carbot/Carbot_Ros/build/carbot_driver/prefix_override:/home/henry/Workspace/SIT_Carbot/Carbot_Ros/install/carbot_driver/lib/python3.10/site-packages:${PYTHONPATH} /usr/bin/python3 setup.py egg_info --egg-base ../../build/carbot_driver build --build-base /home/henry/Workspace/SIT_Carbot/Carbot_Ros/build/carbot_driver/build install --record /home/henry/Workspace/SIT_Carbot/Carbot_Ros/build/carbot_driver/install.log --single-version-externally-managed
